[0.386s] DEBUG:colcon:Command line arguments: ['/usr/bin/colcon', 'build']
[0.387s] DEBUG:colcon:Parsed command line arguments: Namespace(log_base=None, log_level=None, verb_name='build', build_base='build', install_base='install', merge_install=False, symlink_install=False, test_result_base=None, continue_on_error=False, executor='parallel', parallel_workers=8, event_handlers=None, ignore_user_meta=False, metas=['./colcon.meta'], base_paths=['.'], packages_ignore=None, packages_ignore_regex=None, paths=None, packages_up_to=None, packages_up_to_regex=None, packages_above=None, packages_above_and_dependencies=None, packages_above_depth=None, packages_select_by_dep=None, packages_skip_by_dep=None, packages_skip_up_to=None, packages_select_build_failed=False, packages_skip_build_finished=False, packages_select_test_failures=False, packages_skip_test_passed=False, packages_select=None, packages_skip=None, packages_select_regex=None, packages_skip_regex=None, packages_start=None, packages_end=None, allow_overriding=[], cmake_args=None, cmake_target=None, cmake_target_skip_unavailable=False, cmake_clean_cache=False, cmake_clean_first=False, cmake_force_configure=False, ament_cmake_args=None, catkin_cmake_args=None, catkin_skip_building_tests=False, verb_parser=<colcon_defaults.argument_parser.defaults.DefaultArgumentsDecorator object at 0x7f6bc9987e20>, verb_extension=<colcon_core.verb.build.BuildVerb object at 0x7f6bc99878b0>, main=<bound method BuildVerb.main of <colcon_core.verb.build.BuildVerb object at 0x7f6bc99878b0>>)
[0.410s] Level 1:colcon.colcon_core.package_discovery:discover_packages(colcon_meta) check parameters
[0.411s] Level 1:colcon.colcon_core.package_discovery:discover_packages(recursive) check parameters
[0.411s] Level 1:colcon.colcon_core.package_discovery:discover_packages(ignore) check parameters
[0.411s] Level 1:colcon.colcon_core.package_discovery:discover_packages(path) check parameters
[0.411s] Level 1:colcon.colcon_core.package_discovery:discover_packages(colcon_meta) discover
[0.411s] Level 1:colcon.colcon_core.package_discovery:discover_packages(recursive) discover
[0.411s] INFO:colcon.colcon_core.package_discovery:Crawling recursively for packages in '/home/kcw/capstone_ws/ros2/src/manipulator'
[0.411s] Level 1:colcon.colcon_core.package_identification:_identify(.) by extensions ['ignore', 'ignore_ament_install']
[0.411s] Level 1:colcon.colcon_core.package_identification:_identify(.) by extension 'ignore'
[0.411s] Level 1:colcon.colcon_core.package_identification:_identify(.) by extension 'ignore_ament_install'
[0.411s] Level 1:colcon.colcon_core.package_identification:_identify(.) by extensions ['colcon_pkg']
[0.411s] Level 1:colcon.colcon_core.package_identification:_identify(.) by extension 'colcon_pkg'
[0.411s] Level 1:colcon.colcon_core.package_identification:_identify(.) by extensions ['colcon_meta']
[0.411s] Level 1:colcon.colcon_core.package_identification:_identify(.) by extension 'colcon_meta'
[0.411s] Level 1:colcon.colcon_core.package_identification:_identify(.) by extensions ['ros']
[0.411s] Level 1:colcon.colcon_core.package_identification:_identify(.) by extension 'ros'
[0.424s] DEBUG:colcon.colcon_core.package_identification:Package '.' with type 'ros.ament_cmake' and name 'manipulator'
[0.425s] Level 1:colcon.colcon_core.package_discovery:discover_packages(recursive) using defaults
[0.425s] Level 1:colcon.colcon_core.package_discovery:discover_packages(ignore) discover
[0.425s] Level 1:colcon.colcon_core.package_discovery:discover_packages(ignore) using defaults
[0.425s] Level 1:colcon.colcon_core.package_discovery:discover_packages(path) discover
[0.425s] Level 1:colcon.colcon_core.package_discovery:discover_packages(path) using defaults
[0.463s] Level 1:colcon.colcon_core.package_discovery:discover_packages(prefix_path) check parameters
[0.463s] Level 1:colcon.colcon_core.package_discovery:discover_packages(prefix_path) discover
[0.471s] DEBUG:colcon.colcon_installed_package_information.package_discovery:Found 366 installed packages in /opt/ros/humble
[0.475s] Level 1:colcon.colcon_core.package_discovery:discover_packages(prefix_path) using defaults
[0.578s] Level 5:colcon.colcon_core.verb:set package 'manipulator' build argument 'cmake_args' from command line to 'None'
[0.578s] Level 5:colcon.colcon_core.verb:set package 'manipulator' build argument 'cmake_target' from command line to 'None'
[0.578s] Level 5:colcon.colcon_core.verb:set package 'manipulator' build argument 'cmake_target_skip_unavailable' from command line to 'False'
[0.579s] Level 5:colcon.colcon_core.verb:set package 'manipulator' build argument 'cmake_clean_cache' from command line to 'False'
[0.579s] Level 5:colcon.colcon_core.verb:set package 'manipulator' build argument 'cmake_clean_first' from command line to 'False'
[0.579s] Level 5:colcon.colcon_core.verb:set package 'manipulator' build argument 'cmake_force_configure' from command line to 'False'
[0.579s] Level 5:colcon.colcon_core.verb:set package 'manipulator' build argument 'ament_cmake_args' from command line to 'None'
[0.579s] Level 5:colcon.colcon_core.verb:set package 'manipulator' build argument 'catkin_cmake_args' from command line to 'None'
[0.579s] Level 5:colcon.colcon_core.verb:set package 'manipulator' build argument 'catkin_skip_building_tests' from command line to 'False'
[0.579s] DEBUG:colcon.colcon_core.verb:Building package 'manipulator' with the following arguments: {'ament_cmake_args': None, 'build_base': '/home/kcw/capstone_ws/ros2/src/manipulator/build/manipulator', 'catkin_cmake_args': None, 'catkin_skip_building_tests': False, 'cmake_args': None, 'cmake_clean_cache': False, 'cmake_clean_first': False, 'cmake_force_configure': False, 'cmake_target': None, 'cmake_target_skip_unavailable': False, 'install_base': '/home/kcw/capstone_ws/ros2/src/manipulator/install/manipulator', 'merge_install': False, 'path': '/home/kcw/capstone_ws/ros2/src/manipulator', 'symlink_install': False, 'test_result_base': None}
[0.581s] INFO:colcon.colcon_core.executor:Executing jobs using 'parallel' executor
[0.590s] DEBUG:colcon.colcon_parallel_executor.executor.parallel:run_until_complete
[0.591s] INFO:colcon.colcon_ros.task.ament_cmake.build:Building ROS package in '/home/kcw/capstone_ws/ros2/src/manipulator' with build type 'ament_cmake'
[0.591s] INFO:colcon.colcon_cmake.task.cmake.build:Building CMake package in '/home/kcw/capstone_ws/ros2/src/manipulator'
[0.600s] INFO:colcon.colcon_core.plugin_system:Skipping extension 'colcon_core.shell.bat': Not used on non-Windows systems
[0.600s] INFO:colcon.colcon_core.shell:Skip shell extension 'powershell' for command environment: Not usable outside of PowerShell
[0.600s] DEBUG:colcon.colcon_core.shell:Skip shell extension 'dsv' for command environment
[0.614s] DEBUG:colcon.colcon_core.event_handler.log_command:Invoking command in '/home/kcw/capstone_ws/ros2/src/manipulator/build/manipulator': CMAKE_PREFIX_PATH=/opt/ros/humble /home/kcw/.local/bin/cmake --build /home/kcw/capstone_ws/ros2/src/manipulator/build/manipulator -- -j8 -l8
[4.884s] DEBUG:colcon.colcon_core.event_handler.log_command:Invoked command in '/home/kcw/capstone_ws/ros2/src/manipulator/build/manipulator' returned '0': CMAKE_PREFIX_PATH=/opt/ros/humble /home/kcw/.local/bin/cmake --build /home/kcw/capstone_ws/ros2/src/manipulator/build/manipulator -- -j8 -l8
[4.962s] DEBUG:colcon.colcon_core.event_handler.log_command:Invoking command in '/home/kcw/capstone_ws/ros2/src/manipulator/build/manipulator': CMAKE_PREFIX_PATH=/opt/ros/humble /home/kcw/.local/bin/cmake --install /home/kcw/capstone_ws/ros2/src/manipulator/build/manipulator
[5.013s] Level 1:colcon.colcon_core.environment:create_environment_scripts_only(manipulator)
[5.021s] DEBUG:colcon.colcon_core.event_handler.log_command:Invoked command in '/home/kcw/capstone_ws/ros2/src/manipulator/build/manipulator' returned '0': CMAKE_PREFIX_PATH=/opt/ros/humble /home/kcw/.local/bin/cmake --install /home/kcw/capstone_ws/ros2/src/manipulator/build/manipulator
[5.028s] Level 1:colcon.colcon_core.environment:checking '/home/kcw/capstone_ws/ros2/src/manipulator/install/manipulator' for CMake module files
[5.029s] Level 1:colcon.colcon_core.environment:checking '/home/kcw/capstone_ws/ros2/src/manipulator/install/manipulator' for CMake config files
[5.030s] Level 1:colcon.colcon_core.shell:create_environment_hook('manipulator', 'cmake_prefix_path')
[5.033s] INFO:colcon.colcon_core.shell:Creating environment hook '/home/kcw/capstone_ws/ros2/src/manipulator/install/manipulator/share/manipulator/hook/cmake_prefix_path.ps1'
[5.034s] INFO:colcon.colcon_core.shell:Creating environment descriptor '/home/kcw/capstone_ws/ros2/src/manipulator/install/manipulator/share/manipulator/hook/cmake_prefix_path.dsv'
[5.035s] INFO:colcon.colcon_core.shell:Creating environment hook '/home/kcw/capstone_ws/ros2/src/manipulator/install/manipulator/share/manipulator/hook/cmake_prefix_path.sh'
[5.037s] Level 1:colcon.colcon_core.environment:checking '/home/kcw/capstone_ws/ros2/src/manipulator/install/manipulator/lib'
[5.037s] Level 1:colcon.colcon_core.environment:checking '/home/kcw/capstone_ws/ros2/src/manipulator/install/manipulator/bin'
[5.037s] Level 1:colcon.colcon_core.environment:checking '/home/kcw/capstone_ws/ros2/src/manipulator/install/manipulator/lib/pkgconfig/manipulator.pc'
[5.037s] Level 1:colcon.colcon_core.environment:checking '/home/kcw/capstone_ws/ros2/src/manipulator/install/manipulator/lib/python3.10/site-packages'
[5.038s] Level 1:colcon.colcon_core.environment:checking '/home/kcw/capstone_ws/ros2/src/manipulator/install/manipulator/bin'
[5.042s] INFO:colcon.colcon_core.shell:Creating package script '/home/kcw/capstone_ws/ros2/src/manipulator/install/manipulator/share/manipulator/package.ps1'
[5.043s] INFO:colcon.colcon_core.shell:Creating package descriptor '/home/kcw/capstone_ws/ros2/src/manipulator/install/manipulator/share/manipulator/package.dsv'
[5.044s] INFO:colcon.colcon_core.shell:Creating package script '/home/kcw/capstone_ws/ros2/src/manipulator/install/manipulator/share/manipulator/package.sh'
[5.045s] INFO:colcon.colcon_core.shell:Creating package script '/home/kcw/capstone_ws/ros2/src/manipulator/install/manipulator/share/manipulator/package.bash'
[5.045s] INFO:colcon.colcon_core.shell:Creating package script '/home/kcw/capstone_ws/ros2/src/manipulator/install/manipulator/share/manipulator/package.zsh'
[5.046s] Level 1:colcon.colcon_core.environment:create_file_with_runtime_dependencies(/home/kcw/capstone_ws/ros2/src/manipulator/install/manipulator/share/colcon-core/packages/manipulator)
[5.096s] Level 1:colcon.colcon_core.environment:create_environment_scripts_only(manipulator)
[5.100s] Level 1:colcon.colcon_core.environment:checking '/home/kcw/capstone_ws/ros2/src/manipulator/install/manipulator' for CMake module files
[5.100s] Level 1:colcon.colcon_core.environment:checking '/home/kcw/capstone_ws/ros2/src/manipulator/install/manipulator' for CMake config files
[5.100s] Level 1:colcon.colcon_core.shell:create_environment_hook('manipulator', 'cmake_prefix_path')
[5.103s] INFO:colcon.colcon_core.shell:Creating environment hook '/home/kcw/capstone_ws/ros2/src/manipulator/install/manipulator/share/manipulator/hook/cmake_prefix_path.ps1'
[5.104s] INFO:colcon.colcon_core.shell:Creating environment descriptor '/home/kcw/capstone_ws/ros2/src/manipulator/install/manipulator/share/manipulator/hook/cmake_prefix_path.dsv'
[5.104s] INFO:colcon.colcon_core.shell:Creating environment hook '/home/kcw/capstone_ws/ros2/src/manipulator/install/manipulator/share/manipulator/hook/cmake_prefix_path.sh'
[5.105s] Level 1:colcon.colcon_core.environment:checking '/home/kcw/capstone_ws/ros2/src/manipulator/install/manipulator/lib'
[5.105s] Level 1:colcon.colcon_core.environment:checking '/home/kcw/capstone_ws/ros2/src/manipulator/install/manipulator/bin'
[5.105s] Level 1:colcon.colcon_core.environment:checking '/home/kcw/capstone_ws/ros2/src/manipulator/install/manipulator/lib/pkgconfig/manipulator.pc'
[5.105s] Level 1:colcon.colcon_core.environment:checking '/home/kcw/capstone_ws/ros2/src/manipulator/install/manipulator/lib/python3.10/site-packages'
[5.106s] Level 1:colcon.colcon_core.environment:checking '/home/kcw/capstone_ws/ros2/src/manipulator/install/manipulator/bin'
[5.109s] INFO:colcon.colcon_core.shell:Creating package script '/home/kcw/capstone_ws/ros2/src/manipulator/install/manipulator/share/manipulator/package.ps1'
[5.110s] INFO:colcon.colcon_core.shell:Creating package descriptor '/home/kcw/capstone_ws/ros2/src/manipulator/install/manipulator/share/manipulator/package.dsv'
[5.110s] INFO:colcon.colcon_core.shell:Creating package script '/home/kcw/capstone_ws/ros2/src/manipulator/install/manipulator/share/manipulator/package.sh'
[5.111s] INFO:colcon.colcon_core.shell:Creating package script '/home/kcw/capstone_ws/ros2/src/manipulator/install/manipulator/share/manipulator/package.bash'
[5.111s] INFO:colcon.colcon_core.shell:Creating package script '/home/kcw/capstone_ws/ros2/src/manipulator/install/manipulator/share/manipulator/package.zsh'
[5.112s] Level 1:colcon.colcon_core.environment:create_file_with_runtime_dependencies(/home/kcw/capstone_ws/ros2/src/manipulator/install/manipulator/share/colcon-core/packages/manipulator)
[5.112s] DEBUG:colcon.colcon_parallel_executor.executor.parallel:closing loop
[5.113s] DEBUG:colcon.colcon_parallel_executor.executor.parallel:loop closed
[5.113s] DEBUG:colcon.colcon_parallel_executor.executor.parallel:run_until_complete finished with '0'
[5.113s] DEBUG:colcon.colcon_core.event_reactor:joining thread
[5.118s] INFO:colcon.colcon_core.plugin_system:Skipping extension 'colcon_notification.desktop_notification.terminal_notifier': Not used on non-Darwin systems
[5.118s] INFO:colcon.colcon_core.plugin_system:Skipping extension 'colcon_notification.desktop_notification.win32': Not used on non-Windows systems
[5.118s] INFO:colcon.colcon_notification.desktop_notification:Sending desktop notification using 'notify2'
[5.130s] DEBUG:colcon.colcon_core.event_reactor:joined thread
[5.133s] INFO:colcon.colcon_core.shell:Creating prefix script '/home/kcw/capstone_ws/ros2/src/manipulator/install/local_setup.ps1'
[5.134s] INFO:colcon.colcon_core.shell:Creating prefix util module '/home/kcw/capstone_ws/ros2/src/manipulator/install/_local_setup_util_ps1.py'
[5.135s] INFO:colcon.colcon_core.shell:Creating prefix chain script '/home/kcw/capstone_ws/ros2/src/manipulator/install/setup.ps1'
[5.137s] INFO:colcon.colcon_core.shell:Creating prefix script '/home/kcw/capstone_ws/ros2/src/manipulator/install/local_setup.sh'
[5.138s] INFO:colcon.colcon_core.shell:Creating prefix util module '/home/kcw/capstone_ws/ros2/src/manipulator/install/_local_setup_util_sh.py'
[5.138s] INFO:colcon.colcon_core.shell:Creating prefix chain script '/home/kcw/capstone_ws/ros2/src/manipulator/install/setup.sh'
[5.141s] INFO:colcon.colcon_core.shell:Creating prefix script '/home/kcw/capstone_ws/ros2/src/manipulator/install/local_setup.bash'
[5.142s] INFO:colcon.colcon_core.shell:Creating prefix chain script '/home/kcw/capstone_ws/ros2/src/manipulator/install/setup.bash'
[5.143s] INFO:colcon.colcon_core.shell:Creating prefix script '/home/kcw/capstone_ws/ros2/src/manipulator/install/local_setup.zsh'
[5.144s] INFO:colcon.colcon_core.shell:Creating prefix chain script '/home/kcw/capstone_ws/ros2/src/manipulator/install/setup.zsh'
