[0.675s] DEBUG:colcon:Command line arguments: ['/usr/bin/colcon', 'list', '-p', '--base-paths', '/home/kcw/capstone_ws/2024CapstoneDesign/ros2']
[0.675s] DEBUG:colcon:Parsed command line arguments: Namespace(log_base=None, log_level=None, verb_name='list', build_base='build', ignore_user_meta=False, metas=['./colcon.meta'], base_paths=['/home/kcw/capstone_ws/2024CapstoneDesign/ros2'], packages_ignore=None, packages_ignore_regex=None, paths=None, packages_up_to=None, packages_up_to_regex=None, packages_above=None, packages_above_and_dependencies=None, packages_above_depth=None, packages_select_by_dep=None, packages_skip_by_dep=None, packages_skip_up_to=None, packages_select_build_failed=False, packages_skip_build_finished=False, packages_select_test_failures=False, packages_skip_test_passed=False, packages_select=None, packages_skip=None, packages_select_regex=None, packages_skip_regex=None, packages_start=None, packages_end=None, allow_overriding=[], topological_order=False, names_only=False, paths_only=True, topological_graph=False, topological_graph_dot=False, topological_graph_density=False, topological_graph_legend=False, topological_graph_dot_cluster=False, topological_graph_dot_include_skipped=False, verb_parser=<colcon_defaults.argument_parser.defaults.DefaultArgumentsDecorator object at 0x7fe304fa3fd0>, verb_extension=<colcon_package_information.verb.list.ListVerb object at 0x7fe3051f6650>, main=<bound method ListVerb.main of <colcon_package_information.verb.list.ListVerb object at 0x7fe3051f6650>>)
[0.715s] Level 1:colcon.colcon_core.package_discovery:discover_packages(colcon_meta) check parameters
[0.715s] Level 1:colcon.colcon_core.package_discovery:discover_packages(recursive) check parameters
[0.715s] Level 1:colcon.colcon_core.package_discovery:discover_packages(ignore) check parameters
[0.715s] Level 1:colcon.colcon_core.package_discovery:discover_packages(path) check parameters
[0.715s] Level 1:colcon.colcon_core.package_discovery:discover_packages(recursive) discover
[0.715s] INFO:colcon.colcon_core.package_discovery:Crawling recursively for packages in '/home/kcw/capstone_ws/2024CapstoneDesign/ros2'
[0.715s] Level 1:colcon.colcon_core.package_identification:_identify(/home/kcw/capstone_ws/2024CapstoneDesign/ros2) by extensions ['ignore', 'ignore_ament_install']
[0.716s] Level 1:colcon.colcon_core.package_identification:_identify(/home/kcw/capstone_ws/2024CapstoneDesign/ros2) by extension 'ignore'
[0.716s] Level 1:colcon.colcon_core.package_identification:_identify(/home/kcw/capstone_ws/2024CapstoneDesign/ros2) by extension 'ignore_ament_install'
[0.716s] Level 1:colcon.colcon_core.package_identification:_identify(/home/kcw/capstone_ws/2024CapstoneDesign/ros2) by extensions ['colcon_pkg']
[0.716s] Level 1:colcon.colcon_core.package_identification:_identify(/home/kcw/capstone_ws/2024CapstoneDesign/ros2) by extension 'colcon_pkg'
[0.716s] Level 1:colcon.colcon_core.package_identification:_identify(/home/kcw/capstone_ws/2024CapstoneDesign/ros2) by extensions ['colcon_meta']
[0.716s] Level 1:colcon.colcon_core.package_identification:_identify(/home/kcw/capstone_ws/2024CapstoneDesign/ros2) by extension 'colcon_meta'
[0.716s] Level 1:colcon.colcon_core.package_identification:_identify(/home/kcw/capstone_ws/2024CapstoneDesign/ros2) by extensions ['ros']
[0.716s] Level 1:colcon.colcon_core.package_identification:_identify(/home/kcw/capstone_ws/2024CapstoneDesign/ros2) by extension 'ros'
[0.729s] Level 1:colcon.colcon_core.package_identification:_identify(/home/kcw/capstone_ws/2024CapstoneDesign/ros2) by extensions ['cmake', 'python']
[0.729s] Level 1:colcon.colcon_core.package_identification:_identify(/home/kcw/capstone_ws/2024CapstoneDesign/ros2) by extension 'cmake'
[0.729s] Level 1:colcon.colcon_core.package_identification:_identify(/home/kcw/capstone_ws/2024CapstoneDesign/ros2) by extension 'python'
[0.729s] Level 1:colcon.colcon_core.package_identification:_identify(/home/kcw/capstone_ws/2024CapstoneDesign/ros2) by extensions ['python_setup_py']
[0.730s] Level 1:colcon.colcon_core.package_identification:_identify(/home/kcw/capstone_ws/2024CapstoneDesign/ros2) by extension 'python_setup_py'
[0.730s] Level 1:colcon.colcon_core.package_identification:_identify(/home/kcw/capstone_ws/2024CapstoneDesign/ros2/log) by extensions ['ignore', 'ignore_ament_install']
[0.730s] Level 1:colcon.colcon_core.package_identification:_identify(/home/kcw/capstone_ws/2024CapstoneDesign/ros2/log) by extension 'ignore'
[0.730s] Level 1:colcon.colcon_core.package_identification:_identify(/home/kcw/capstone_ws/2024CapstoneDesign/ros2/log) ignored
[0.730s] Level 1:colcon.colcon_core.package_identification:_identify(/home/kcw/capstone_ws/2024CapstoneDesign/ros2/src) by extensions ['ignore', 'ignore_ament_install']
[0.730s] Level 1:colcon.colcon_core.package_identification:_identify(/home/kcw/capstone_ws/2024CapstoneDesign/ros2/src) by extension 'ignore'
[0.730s] Level 1:colcon.colcon_core.package_identification:_identify(/home/kcw/capstone_ws/2024CapstoneDesign/ros2/src) by extension 'ignore_ament_install'
[0.730s] Level 1:colcon.colcon_core.package_identification:_identify(/home/kcw/capstone_ws/2024CapstoneDesign/ros2/src) by extensions ['colcon_pkg']
[0.730s] Level 1:colcon.colcon_core.package_identification:_identify(/home/kcw/capstone_ws/2024CapstoneDesign/ros2/src) by extension 'colcon_pkg'
[0.731s] Level 1:colcon.colcon_core.package_identification:_identify(/home/kcw/capstone_ws/2024CapstoneDesign/ros2/src) by extensions ['colcon_meta']
[0.731s] Level 1:colcon.colcon_core.package_identification:_identify(/home/kcw/capstone_ws/2024CapstoneDesign/ros2/src) by extension 'colcon_meta'
[0.731s] Level 1:colcon.colcon_core.package_identification:_identify(/home/kcw/capstone_ws/2024CapstoneDesign/ros2/src) by extensions ['ros']
[0.731s] Level 1:colcon.colcon_core.package_identification:_identify(/home/kcw/capstone_ws/2024CapstoneDesign/ros2/src) by extension 'ros'
[0.731s] Level 1:colcon.colcon_core.package_identification:_identify(/home/kcw/capstone_ws/2024CapstoneDesign/ros2/src) by extensions ['cmake', 'python']
[0.731s] Level 1:colcon.colcon_core.package_identification:_identify(/home/kcw/capstone_ws/2024CapstoneDesign/ros2/src) by extension 'cmake'
[0.731s] Level 1:colcon.colcon_core.package_identification:_identify(/home/kcw/capstone_ws/2024CapstoneDesign/ros2/src) by extension 'python'
[0.731s] Level 1:colcon.colcon_core.package_identification:_identify(/home/kcw/capstone_ws/2024CapstoneDesign/ros2/src) by extensions ['python_setup_py']
[0.731s] Level 1:colcon.colcon_core.package_identification:_identify(/home/kcw/capstone_ws/2024CapstoneDesign/ros2/src) by extension 'python_setup_py'
[0.731s] Level 1:colcon.colcon_core.package_identification:_identify(/home/kcw/capstone_ws/2024CapstoneDesign/ros2/src/manipulator) by extensions ['ignore', 'ignore_ament_install']
[0.732s] Level 1:colcon.colcon_core.package_identification:_identify(/home/kcw/capstone_ws/2024CapstoneDesign/ros2/src/manipulator) by extension 'ignore'
[0.732s] Level 1:colcon.colcon_core.package_identification:_identify(/home/kcw/capstone_ws/2024CapstoneDesign/ros2/src/manipulator) by extension 'ignore_ament_install'
[0.732s] Level 1:colcon.colcon_core.package_identification:_identify(/home/kcw/capstone_ws/2024CapstoneDesign/ros2/src/manipulator) by extensions ['colcon_pkg']
[0.732s] Level 1:colcon.colcon_core.package_identification:_identify(/home/kcw/capstone_ws/2024CapstoneDesign/ros2/src/manipulator) by extension 'colcon_pkg'
[0.732s] Level 1:colcon.colcon_core.package_identification:_identify(/home/kcw/capstone_ws/2024CapstoneDesign/ros2/src/manipulator) by extensions ['colcon_meta']
[0.732s] Level 1:colcon.colcon_core.package_identification:_identify(/home/kcw/capstone_ws/2024CapstoneDesign/ros2/src/manipulator) by extension 'colcon_meta'
[0.732s] Level 1:colcon.colcon_core.package_identification:_identify(/home/kcw/capstone_ws/2024CapstoneDesign/ros2/src/manipulator) by extensions ['ros']
[0.732s] Level 1:colcon.colcon_core.package_identification:_identify(/home/kcw/capstone_ws/2024CapstoneDesign/ros2/src/manipulator) by extension 'ros'
[0.737s] DEBUG:colcon.colcon_core.package_identification:Package '/home/kcw/capstone_ws/2024CapstoneDesign/ros2/src/manipulator' with type 'ros.ament_cmake' and name 'manipulator'
[0.737s] Level 1:colcon.colcon_core.package_identification:_identify(/home/kcw/capstone_ws/2024CapstoneDesign/ros2/src/motor_interface) by extensions ['ignore', 'ignore_ament_install']
[0.737s] Level 1:colcon.colcon_core.package_identification:_identify(/home/kcw/capstone_ws/2024CapstoneDesign/ros2/src/motor_interface) by extension 'ignore'
[0.737s] Level 1:colcon.colcon_core.package_identification:_identify(/home/kcw/capstone_ws/2024CapstoneDesign/ros2/src/motor_interface) by extension 'ignore_ament_install'
[0.738s] Level 1:colcon.colcon_core.package_identification:_identify(/home/kcw/capstone_ws/2024CapstoneDesign/ros2/src/motor_interface) by extensions ['colcon_pkg']
[0.738s] Level 1:colcon.colcon_core.package_identification:_identify(/home/kcw/capstone_ws/2024CapstoneDesign/ros2/src/motor_interface) by extension 'colcon_pkg'
[0.738s] Level 1:colcon.colcon_core.package_identification:_identify(/home/kcw/capstone_ws/2024CapstoneDesign/ros2/src/motor_interface) by extensions ['colcon_meta']
[0.738s] Level 1:colcon.colcon_core.package_identification:_identify(/home/kcw/capstone_ws/2024CapstoneDesign/ros2/src/motor_interface) by extension 'colcon_meta'
[0.738s] Level 1:colcon.colcon_core.package_identification:_identify(/home/kcw/capstone_ws/2024CapstoneDesign/ros2/src/motor_interface) by extensions ['ros']
[0.738s] Level 1:colcon.colcon_core.package_identification:_identify(/home/kcw/capstone_ws/2024CapstoneDesign/ros2/src/motor_interface) by extension 'ros'
[0.739s] DEBUG:colcon.colcon_core.package_identification:Package '/home/kcw/capstone_ws/2024CapstoneDesign/ros2/src/motor_interface' with type 'ros.ament_cmake' and name 'motor_interface'
[0.739s] Level 1:colcon.colcon_core.package_discovery:discover_packages(recursive) using defaults
