[0.011s] Invoking command in '/home/kcw/capstone_ws/2024CapstoneDesign/ros2/src/manipulator/build/manipulator': CMAKE_PREFIX_PATH=${CMAKE_PREFIX_PATH}:/home/kcw/capstone_ws/ros2/src/manipulator/install/manipulator:/opt/ros/humble /home/kcw/.local/bin/cmake --build /home/kcw/capstone_ws/2024CapstoneDesign/ros2/src/manipulator/build/manipulator -- -j8 -l8
[0.081s] [  7%] [32mBuilding CXX object CMakeFiles/manipulator_write.dir/src/pathRW.cpp.o[0m
[0.083s] [ 15%] [32mBuilding CXX object CMakeFiles/manipulator_run.dir/src/pathRW.cpp.o[0m
[0.087s] [ 23%] [32mBuilding CXX object CMakeFiles/manipulator_read.dir/src/pathRW.cpp.o[0m
[0.602s] [ 30%] [32m[1mLinking CXX executable manipulator_read[0m
[0.629s] [ 38%] [32m[1mLinking CXX executable manipulator_run[0m
[0.632s] [ 46%] [32m[1mLinking CXX executable manipulator_write[0m
[0.853s] [ 61%] Built target manipulator_read
[0.962s] [ 76%] Built target manipulator_write
[1.213s] [100%] Built target manipulator_run
[1.223s] Invoked command in '/home/kcw/capstone_ws/2024CapstoneDesign/ros2/src/manipulator/build/manipulator' returned '0': CMAKE_PREFIX_PATH=${CMAKE_PREFIX_PATH}:/home/kcw/capstone_ws/ros2/src/manipulator/install/manipulator:/opt/ros/humble /home/kcw/.local/bin/cmake --build /home/kcw/capstone_ws/2024CapstoneDesign/ros2/src/manipulator/build/manipulator -- -j8 -l8
[1.324s] Invoking command in '/home/kcw/capstone_ws/2024CapstoneDesign/ros2/src/manipulator/build/manipulator': CMAKE_PREFIX_PATH=${CMAKE_PREFIX_PATH}:/home/kcw/capstone_ws/ros2/src/manipulator/install/manipulator:/opt/ros/humble /home/kcw/.local/bin/cmake --install /home/kcw/capstone_ws/2024CapstoneDesign/ros2/src/manipulator/build/manipulator
[1.351s] -- Install configuration: ""
[1.352s] -- Installing: /home/kcw/capstone_ws/2024CapstoneDesign/ros2/src/manipulator/install/manipulator/lib/manipulator/manipulator_write
[1.354s] -- Set runtime path of "/home/kcw/capstone_ws/2024CapstoneDesign/ros2/src/manipulator/install/manipulator/lib/manipulator/manipulator_write" to ""
[1.354s] -- Installing: /home/kcw/capstone_ws/2024CapstoneDesign/ros2/src/manipulator/install/manipulator/lib/manipulator/manipulator_read
[1.356s] -- Set runtime path of "/home/kcw/capstone_ws/2024CapstoneDesign/ros2/src/manipulator/install/manipulator/lib/manipulator/manipulator_read" to ""
[1.357s] -- Installing: /home/kcw/capstone_ws/2024CapstoneDesign/ros2/src/manipulator/install/manipulator/lib/manipulator/manipulator_run
[1.363s] -- Set runtime path of "/home/kcw/capstone_ws/2024CapstoneDesign/ros2/src/manipulator/install/manipulator/lib/manipulator/manipulator_run" to ""
[1.363s] -- Up-to-date: /home/kcw/capstone_ws/2024CapstoneDesign/ros2/src/manipulator/install/manipulator/share/ament_index/resource_index/package_run_dependencies/manipulator
[1.363s] -- Up-to-date: /home/kcw/capstone_ws/2024CapstoneDesign/ros2/src/manipulator/install/manipulator/share/ament_index/resource_index/parent_prefix_path/manipulator
[1.364s] -- Up-to-date: /home/kcw/capstone_ws/2024CapstoneDesign/ros2/src/manipulator/install/manipulator/share/manipulator/environment/ament_prefix_path.sh
[1.364s] -- Up-to-date: /home/kcw/capstone_ws/2024CapstoneDesign/ros2/src/manipulator/install/manipulator/share/manipulator/environment/ament_prefix_path.dsv
[1.364s] -- Up-to-date: /home/kcw/capstone_ws/2024CapstoneDesign/ros2/src/manipulator/install/manipulator/share/manipulator/environment/path.sh
[1.364s] -- Up-to-date: /home/kcw/capstone_ws/2024CapstoneDesign/ros2/src/manipulator/install/manipulator/share/manipulator/environment/path.dsv
[1.364s] -- Up-to-date: /home/kcw/capstone_ws/2024CapstoneDesign/ros2/src/manipulator/install/manipulator/share/manipulator/local_setup.bash
[1.364s] -- Up-to-date: /home/kcw/capstone_ws/2024CapstoneDesign/ros2/src/manipulator/install/manipulator/share/manipulator/local_setup.sh
[1.364s] -- Up-to-date: /home/kcw/capstone_ws/2024CapstoneDesign/ros2/src/manipulator/install/manipulator/share/manipulator/local_setup.zsh
[1.364s] -- Up-to-date: /home/kcw/capstone_ws/2024CapstoneDesign/ros2/src/manipulator/install/manipulator/share/manipulator/local_setup.dsv
[1.364s] -- Installing: /home/kcw/capstone_ws/2024CapstoneDesign/ros2/src/manipulator/install/manipulator/share/manipulator/package.dsv
[1.364s] -- Up-to-date: /home/kcw/capstone_ws/2024CapstoneDesign/ros2/src/manipulator/install/manipulator/share/ament_index/resource_index/packages/manipulator
[1.364s] -- Up-to-date: /home/kcw/capstone_ws/2024CapstoneDesign/ros2/src/manipulator/install/manipulator/share/manipulator/cmake/manipulatorConfig.cmake
[1.364s] -- Up-to-date: /home/kcw/capstone_ws/2024CapstoneDesign/ros2/src/manipulator/install/manipulator/share/manipulator/cmake/manipulatorConfig-version.cmake
[1.365s] -- Up-to-date: /home/kcw/capstone_ws/2024CapstoneDesign/ros2/src/manipulator/install/manipulator/share/manipulator/package.xml
[1.371s] Invoked command in '/home/kcw/capstone_ws/2024CapstoneDesign/ros2/src/manipulator/build/manipulator' returned '0': CMAKE_PREFIX_PATH=${CMAKE_PREFIX_PATH}:/home/kcw/capstone_ws/ros2/src/manipulator/install/manipulator:/opt/ros/humble /home/kcw/.local/bin/cmake --install /home/kcw/capstone_ws/2024CapstoneDesign/ros2/src/manipulator/build/manipulator
