[0.014s] Invoking command in '/home/kcw/capstone_ws/ros2/src/motor_interface/build/motor_interface': CMAKE_PREFIX_PATH=${CMAKE_PREFIX_PATH}:/opt/ros/humble /home/kcw/.local/bin/cmake /home/kcw/capstone_ws/ros2/src/motor_interface -DCMAKE_INSTALL_PREFIX=/home/kcw/capstone_ws/ros2/src/motor_interface/install/motor_interface
[0.100s] -- The C compiler identification is GNU 11.4.0
[0.155s] -- The CXX compiler identification is GNU 11.4.0
[0.174s] -- Detecting C compiler ABI info
[0.228s] -- Detecting C compiler ABI info - done
[0.237s] -- Check for working C compiler: /usr/bin/cc - skipped
[0.238s] -- Detecting C compile features
[0.238s] -- Detecting C compile features - done
[0.246s] -- Detecting CXX compiler ABI info
[0.299s] -- Detecting CXX compiler ABI info - done
[0.310s] -- Check for working CXX compiler: /usr/bin/c++ - skipped
[0.310s] -- Detecting CXX compile features
[0.311s] -- Detecting CXX compile features - done
[0.314s] -- Found ament_cmake: 1.3.5 (/opt/ros/humble/share/ament_cmake/cmake)
[0.589s] -- Found Python3: /usr/bin/python3.10 (found version "3.10.12") found components: Interpreter 
[0.683s] -- Found rosidl_default_generators: 1.2.0 (/opt/ros/humble/share/rosidl_default_generators/cmake)
[0.687s] -- Using all available rosidl_typesupport_c: rosidl_typesupport_fastrtps_c;rosidl_typesupport_introspection_c
[0.695s] -- Found rosidl_adapter: 3.1.5 (/opt/ros/humble/share/rosidl_adapter/cmake)
[0.749s] -- Using all available rosidl_typesupport_cpp: rosidl_typesupport_fastrtps_cpp;rosidl_typesupport_introspection_cpp
[1.140s] -- Found ament_cmake_ros: 0.10.0 (/opt/ros/humble/share/ament_cmake_ros/cmake)
[1.488s] -- Using all available rosidl_typesupport_c: rosidl_typesupport_fastrtps_c;rosidl_typesupport_introspection_c
[1.998s] -- Using all available rosidl_typesupport_cpp: rosidl_typesupport_fastrtps_cpp;rosidl_typesupport_introspection_cpp
[2.000s] [33mCMake Warning (dev) at /opt/ros/humble/share/rosidl_generator_py/cmake/rosidl_generator_py_generate_interfaces.cmake:20 (find_package):
[2.000s]   Policy CMP0148 is not set: The FindPythonInterp and FindPythonLibs modules
[2.000s]   are removed.  Run "cmake --help-policy CMP0148" for policy details.  Use
[2.000s]   the cmake_policy command to set the policy and suppress this warning.
[2.000s] 
[2.000s] Call Stack (most recent call first):
[2.000s]   /opt/ros/humble/share/ament_cmake_core/cmake/core/ament_execute_extensions.cmake:48 (include)
[2.000s]   /opt/ros/humble/share/rosidl_cmake/cmake/rosidl_generate_interfaces.cmake:286 (ament_execute_extensions)
[2.000s]   CMakeLists.txt:21 (rosidl_generate_interfaces)
[2.000s] This warning is for project developers.  Use -Wno-dev to suppress it.
[2.000s] [0m
[2.018s] -- Found PythonInterp: /usr/bin/python3 (found suitable version "3.10.12", minimum required is "3.6") 
[2.019s] -- Found python_cmake_module: 0.10.0 (/opt/ros/humble/share/python_cmake_module/cmake)
[2.020s] [33mCMake Warning (dev) at /opt/ros/humble/share/python_cmake_module/cmake/Modules/FindPythonExtra.cmake:52 (find_package):
[2.020s]   Policy CMP0148 is not set: The FindPythonInterp and FindPythonLibs modules
[2.020s]   are removed.  Run "cmake --help-policy CMP0148" for policy details.  Use
[2.020s]   the cmake_policy command to set the policy and suppress this warning.
[2.020s] 
[2.020s] Call Stack (most recent call first):
[2.020s]   /opt/ros/humble/share/rosidl_generator_py/cmake/rosidl_generator_py_generate_interfaces.cmake:23 (find_package)
[2.020s]   /opt/ros/humble/share/ament_cmake_core/cmake/core/ament_execute_extensions.cmake:48 (include)
[2.021s]   /opt/ros/humble/share/rosidl_cmake/cmake/rosidl_generate_interfaces.cmake:286 (ament_execute_extensions)
[2.021s]   CMakeLists.txt:21 (rosidl_generate_interfaces)
[2.021s] This warning is for project developers.  Use -Wno-dev to suppress it.
[2.021s] [0m
[2.037s] [33mCMake Warning (dev) at /opt/ros/humble/share/python_cmake_module/cmake/Modules/FindPythonExtra.cmake:140 (find_package):
[2.037s]   Policy CMP0148 is not set: The FindPythonInterp and FindPythonLibs modules
[2.037s]   are removed.  Run "cmake --help-policy CMP0148" for policy details.  Use
[2.037s]   the cmake_policy command to set the policy and suppress this warning.
[2.038s] 
[2.038s] Call Stack (most recent call first):
[2.038s]   /opt/ros/humble/share/rosidl_generator_py/cmake/rosidl_generator_py_generate_interfaces.cmake:23 (find_package)
[2.038s]   /opt/ros/humble/share/ament_cmake_core/cmake/core/ament_execute_extensions.cmake:48 (include)
[2.038s]   /opt/ros/humble/share/rosidl_cmake/cmake/rosidl_generate_interfaces.cmake:286 (ament_execute_extensions)
[2.038s]   CMakeLists.txt:21 (rosidl_generate_interfaces)
[2.038s] This warning is for project developers.  Use -Wno-dev to suppress it.
[2.038s] [0m
[2.043s] -- Found PythonLibs: /usr/lib/x86_64-linux-gnu/libpython3.10.so (found suitable version "3.10.12", minimum required is "3.5") 
[2.043s] -- Using PYTHON_EXECUTABLE: /usr/bin/python3
[2.043s] -- Using PYTHON_INCLUDE_DIRS: /usr/include/python3.10
[2.044s] -- Using PYTHON_LIBRARIES: /usr/lib/x86_64-linux-gnu/libpython3.10.so
[2.060s] -- Found PythonExtra: .so  
[2.087s] -- Found ament_lint_auto: 0.12.7 (/opt/ros/humble/share/ament_lint_auto/cmake)
[2.117s] -- Added test 'cppcheck' to perform static code analysis on C / C++ code
[2.117s] -- Configured cppcheck include dirs: $<BUILD_INTERFACE:/home/kcw/capstone_ws/ros2/src/motor_interface/build/motor_interface/rosidl_generator_c>;$<BUILD_INTERFACE:/home/kcw/capstone_ws/ros2/src/motor_interface/build/motor_interface/rosidl_typesupport_fastrtps_c>;$<BUILD_INTERFACE:/home/kcw/capstone_ws/ros2/src/motor_interface/build/motor_interface/rosidl_typesupport_introspection_c>;$<BUILD_INTERFACE:/home/kcw/capstone_ws/ros2/src/motor_interface/build/motor_interface/rosidl_generator_cpp>;$<BUILD_INTERFACE:/home/kcw/capstone_ws/ros2/src/motor_interface/build/motor_interface/rosidl_typesupport_fastrtps_cpp>;$<BUILD_INTERFACE:/home/kcw/capstone_ws/ros2/src/motor_interface/build/motor_interface/rosidl_typesupport_introspection_cpp>;/home/kcw/capstone_ws/ros2/src/motor_interface/build/motor_interface/rosidl_generator_c;/home/kcw/capstone_ws/ros2/src/motor_interface/build/motor_interface/rosidl_generator_py
[2.117s] -- Configured cppcheck exclude dirs and/or files: 
[2.119s] -- Added test 'flake8' to check Python code syntax and style conventions
[2.121s] -- Added test 'lint_cmake' to check CMake code style
[2.122s] -- Added test 'pep257' to check Python code against some of the docstring style conventions in PEP 257
[2.128s] -- Added test 'uncrustify' to check C / C++ code style
[2.128s] -- Configured uncrustify additional arguments: 
[2.130s] -- Added test 'xmllint' to check XML markup files
[2.133s] -- Configuring done (2.1s)
[2.159s] -- Generating done (0.0s)
[2.162s] -- Build files have been written to: /home/kcw/capstone_ws/ros2/src/motor_interface/build/motor_interface
[2.170s] Invoked command in '/home/kcw/capstone_ws/ros2/src/motor_interface/build/motor_interface' returned '0': CMAKE_PREFIX_PATH=${CMAKE_PREFIX_PATH}:/opt/ros/humble /home/kcw/.local/bin/cmake /home/kcw/capstone_ws/ros2/src/motor_interface -DCMAKE_INSTALL_PREFIX=/home/kcw/capstone_ws/ros2/src/motor_interface/install/motor_interface
[2.172s] Invoking command in '/home/kcw/capstone_ws/ros2/src/motor_interface/build/motor_interface': CMAKE_PREFIX_PATH=${CMAKE_PREFIX_PATH}:/opt/ros/humble /home/kcw/.local/bin/cmake --build /home/kcw/capstone_ws/ros2/src/motor_interface/build/motor_interface -- -j8 -l8
[2.202s] [  3%] [34m[1mGenerating C code for ROS interfaces[0m
[2.205s] [  6%] [34m[1mGenerating C++ code for ROS interfaces[0m
[2.208s] [  6%] Built target ament_cmake_python_copy_motor_interface
[2.448s] [  6%] Built target motor_interface__cpp
[2.452s] [  9%] [32mBuilding C object CMakeFiles/motor_interface__rosidl_generator_c.dir/rosidl_generator_c/motor_interface/msg/detail/motor__functions.c.o[0m
[2.453s] [ 16%] [34m[1mGenerating C++ type support for eProsima Fast-RTPS[0m
[2.453s] [ 16%] [34m[1mGenerating C++ type support dispatch for ROS interfaces[0m
[2.454s] [ 19%] [34m[1mGenerating C++ introspection for ROS interfaces[0m
[2.516s] running egg_info
[2.517s] creating motor_interface.egg-info
[2.517s] writing motor_interface.egg-info/PKG-INFO
[2.518s] writing dependency_links to motor_interface.egg-info/dependency_links.txt
[2.518s] writing top-level names to motor_interface.egg-info/top_level.txt
[2.518s] writing manifest file 'motor_interface.egg-info/SOURCES.txt'
[2.521s] [ 22%] [32m[1mLinking C shared library libmotor_interface__rosidl_generator_c.so[0m
[2.522s] reading manifest file 'motor_interface.egg-info/SOURCES.txt'
[2.522s] writing manifest file 'motor_interface.egg-info/SOURCES.txt'
[2.553s] [ 22%] Built target ament_cmake_python_build_motor_interface_egg
[2.559s] [ 22%] Built target motor_interface__rosidl_generator_c
[2.565s] [ 29%] [34m[1mGenerating C type support for eProsima Fast-RTPS[0m
[2.565s] [ 29%] [34m[1mGenerating C introspection for ROS interfaces[0m
[2.565s] [ 32%] [34m[1mGenerating C type support dispatch for ROS interfaces[0m
[2.756s] [ 35%] [32mBuilding CXX object CMakeFiles/motor_interface__rosidl_typesupport_cpp.dir/rosidl_typesupport_cpp/motor_interface/msg/motor__type_support.cpp.o[0m
[2.765s] [ 38%] [32mBuilding CXX object CMakeFiles/motor_interface__rosidl_typesupport_introspection_cpp.dir/rosidl_typesupport_introspection_cpp/motor_interface/msg/detail/motor__type_support.cpp.o[0m
[2.769s] [ 41%] [32mBuilding CXX object CMakeFiles/motor_interface__rosidl_typesupport_fastrtps_cpp.dir/rosidl_typesupport_fastrtps_cpp/motor_interface/msg/detail/dds_fastrtps/motor__type_support.cpp.o[0m
[2.968s] [ 45%] [32mBuilding CXX object CMakeFiles/motor_interface__rosidl_typesupport_c.dir/rosidl_typesupport_c/motor_interface/msg/motor__type_support.cpp.o[0m
[3.000s] [ 48%] [32mBuilding C object CMakeFiles/motor_interface__rosidl_typesupport_introspection_c.dir/rosidl_typesupport_introspection_c/motor_interface/msg/detail/motor__type_support.c.o[0m
[3.006s] [ 51%] [32mBuilding CXX object CMakeFiles/motor_interface__rosidl_typesupport_fastrtps_c.dir/rosidl_typesupport_fastrtps_c/motor_interface/msg/detail/motor__type_support_c.cpp.o[0m
[3.006s] [ 54%] [32m[1mLinking CXX shared library libmotor_interface__rosidl_typesupport_c.so[0m
[3.044s] [ 58%] [32m[1mLinking C shared library libmotor_interface__rosidl_typesupport_introspection_c.so[0m
[3.052s] [ 58%] Built target motor_interface__rosidl_typesupport_c
[3.070s] [ 58%] Built target motor_interface__rosidl_typesupport_introspection_c
[3.165s] [ 61%] [32m[1mLinking CXX shared library libmotor_interface__rosidl_typesupport_cpp.so[0m
[3.184s] [ 64%] [32m[1mLinking CXX shared library libmotor_interface__rosidl_typesupport_introspection_cpp.so[0m
[3.192s] [ 67%] [32m[1mLinking CXX shared library libmotor_interface__rosidl_typesupport_fastrtps_cpp.so[0m
[3.194s] [ 67%] Built target motor_interface__rosidl_typesupport_cpp
[3.212s] [ 67%] Built target motor_interface__rosidl_typesupport_introspection_cpp
[3.260s] [ 67%] Built target motor_interface__rosidl_typesupport_fastrtps_cpp
[3.360s] [ 70%] [32m[1mLinking CXX shared library libmotor_interface__rosidl_typesupport_fastrtps_c.so[0m
[3.407s] [ 70%] Built target motor_interface__rosidl_typesupport_fastrtps_c
[3.414s] [ 70%] Built target motor_interface
[3.421s] [ 74%] [34m[1mGenerating Python code for ROS interfaces[0m
[3.664s] [ 74%] Built target motor_interface__py
[3.670s] [ 77%] [32mBuilding C object CMakeFiles/motor_interface__rosidl_generator_py.dir/rosidl_generator_py/motor_interface/msg/_motor_s.c.o[0m
[3.760s] [ 80%] [32m[1mLinking C shared library rosidl_generator_py/motor_interface/libmotor_interface__rosidl_generator_py.so[0m
[3.779s] [ 80%] Built target motor_interface__rosidl_generator_py
[3.787s] [ 83%] [32mBuilding C object CMakeFiles/motor_interface__rosidl_typesupport_fastrtps_c__pyext.dir/rosidl_generator_py/motor_interface/_motor_interface_s.ep.rosidl_typesupport_fastrtps_c.c.o[0m
[3.787s] [ 87%] [32mBuilding C object CMakeFiles/motor_interface__rosidl_typesupport_introspection_c__pyext.dir/rosidl_generator_py/motor_interface/_motor_interface_s.ep.rosidl_typesupport_introspection_c.c.o[0m
[3.787s] [ 90%] [32mBuilding C object CMakeFiles/motor_interface__rosidl_typesupport_c__pyext.dir/rosidl_generator_py/motor_interface/_motor_interface_s.ep.rosidl_typesupport_c.c.o[0m
[3.872s] [ 93%] [32m[1mLinking C shared library rosidl_generator_py/motor_interface/motor_interface_s__rosidl_typesupport_introspection_c.cpython-310-x86_64-linux-gnu.so[0m
[3.873s] [ 96%] [32m[1mLinking C shared library rosidl_generator_py/motor_interface/motor_interface_s__rosidl_typesupport_c.cpython-310-x86_64-linux-gnu.so[0m
[3.876s] [100%] [32m[1mLinking C shared library rosidl_generator_py/motor_interface/motor_interface_s__rosidl_typesupport_fastrtps_c.cpython-310-x86_64-linux-gnu.so[0m
[3.891s] [100%] Built target motor_interface__rosidl_typesupport_introspection_c__pyext
[3.892s] [100%] Built target motor_interface__rosidl_typesupport_c__pyext
[3.896s] [100%] Built target motor_interface__rosidl_typesupport_fastrtps_c__pyext
[3.904s] Invoked command in '/home/kcw/capstone_ws/ros2/src/motor_interface/build/motor_interface' returned '0': CMAKE_PREFIX_PATH=${CMAKE_PREFIX_PATH}:/opt/ros/humble /home/kcw/.local/bin/cmake --build /home/kcw/capstone_ws/ros2/src/motor_interface/build/motor_interface -- -j8 -l8
[3.991s] Invoking command in '/home/kcw/capstone_ws/ros2/src/motor_interface/build/motor_interface': CMAKE_PREFIX_PATH=${CMAKE_PREFIX_PATH}:/opt/ros/humble /home/kcw/.local/bin/cmake --install /home/kcw/capstone_ws/ros2/src/motor_interface/build/motor_interface
[4.010s] -- Install configuration: ""
[4.010s] -- Installing: /home/kcw/capstone_ws/ros2/src/motor_interface/install/motor_interface/share/ament_index/resource_index/rosidl_interfaces/motor_interface
[4.011s] -- Installing: /home/kcw/capstone_ws/ros2/src/motor_interface/install/motor_interface/include/motor_interface/motor_interface
[4.011s] -- Installing: /home/kcw/capstone_ws/ros2/src/motor_interface/install/motor_interface/include/motor_interface/motor_interface/msg
[4.011s] -- Installing: /home/kcw/capstone_ws/ros2/src/motor_interface/install/motor_interface/include/motor_interface/motor_interface/msg/rosidl_generator_c__visibility_control.h
[4.011s] -- Installing: /home/kcw/capstone_ws/ros2/src/motor_interface/install/motor_interface/include/motor_interface/motor_interface/msg/motor.h
[4.011s] -- Installing: /home/kcw/capstone_ws/ros2/src/motor_interface/install/motor_interface/include/motor_interface/motor_interface/msg/detail
[4.011s] -- Installing: /home/kcw/capstone_ws/ros2/src/motor_interface/install/motor_interface/include/motor_interface/motor_interface/msg/detail/motor__struct.h
[4.011s] -- Installing: /home/kcw/capstone_ws/ros2/src/motor_interface/install/motor_interface/include/motor_interface/motor_interface/msg/detail/motor__functions.h
[4.011s] -- Installing: /home/kcw/capstone_ws/ros2/src/motor_interface/install/motor_interface/include/motor_interface/motor_interface/msg/detail/motor__functions.c
[4.011s] -- Installing: /home/kcw/capstone_ws/ros2/src/motor_interface/install/motor_interface/include/motor_interface/motor_interface/msg/detail/motor__type_support.h
[4.011s] -- Installing: /home/kcw/capstone_ws/ros2/src/motor_interface/install/motor_interface/share/motor_interface/environment/library_path.sh
[4.011s] -- Installing: /home/kcw/capstone_ws/ros2/src/motor_interface/install/motor_interface/share/motor_interface/environment/library_path.dsv
[4.012s] -- Installing: /home/kcw/capstone_ws/ros2/src/motor_interface/install/motor_interface/lib/libmotor_interface__rosidl_generator_c.so
[4.012s] -- Set runtime path of "/home/kcw/capstone_ws/ros2/src/motor_interface/install/motor_interface/lib/libmotor_interface__rosidl_generator_c.so" to ""
[4.012s] -- Up-to-date: /home/kcw/capstone_ws/ros2/src/motor_interface/install/motor_interface/include/motor_interface/motor_interface
[4.012s] -- Up-to-date: /home/kcw/capstone_ws/ros2/src/motor_interface/install/motor_interface/include/motor_interface/motor_interface/msg
[4.013s] -- Installing: /home/kcw/capstone_ws/ros2/src/motor_interface/install/motor_interface/include/motor_interface/motor_interface/msg/rosidl_typesupport_fastrtps_c__visibility_control.h
[4.013s] -- Up-to-date: /home/kcw/capstone_ws/ros2/src/motor_interface/install/motor_interface/include/motor_interface/motor_interface/msg/detail
[4.013s] -- Installing: /home/kcw/capstone_ws/ros2/src/motor_interface/install/motor_interface/include/motor_interface/motor_interface/msg/detail/motor__rosidl_typesupport_fastrtps_c.h
[4.013s] -- Installing: /home/kcw/capstone_ws/ros2/src/motor_interface/install/motor_interface/lib/libmotor_interface__rosidl_typesupport_fastrtps_c.so
[4.013s] -- Set runtime path of "/home/kcw/capstone_ws/ros2/src/motor_interface/install/motor_interface/lib/libmotor_interface__rosidl_typesupport_fastrtps_c.so" to ""
[4.013s] -- Up-to-date: /home/kcw/capstone_ws/ros2/src/motor_interface/install/motor_interface/include/motor_interface/motor_interface
[4.013s] -- Up-to-date: /home/kcw/capstone_ws/ros2/src/motor_interface/install/motor_interface/include/motor_interface/motor_interface/msg
[4.013s] -- Installing: /home/kcw/capstone_ws/ros2/src/motor_interface/install/motor_interface/include/motor_interface/motor_interface/msg/rosidl_typesupport_introspection_c__visibility_control.h
[4.013s] -- Up-to-date: /home/kcw/capstone_ws/ros2/src/motor_interface/install/motor_interface/include/motor_interface/motor_interface/msg/detail
[4.013s] -- Installing: /home/kcw/capstone_ws/ros2/src/motor_interface/install/motor_interface/include/motor_interface/motor_interface/msg/detail/motor__type_support.c
[4.013s] -- Installing: /home/kcw/capstone_ws/ros2/src/motor_interface/install/motor_interface/include/motor_interface/motor_interface/msg/detail/motor__rosidl_typesupport_introspection_c.h
[4.014s] -- Installing: /home/kcw/capstone_ws/ros2/src/motor_interface/install/motor_interface/lib/libmotor_interface__rosidl_typesupport_introspection_c.so
[4.014s] -- Set runtime path of "/home/kcw/capstone_ws/ros2/src/motor_interface/install/motor_interface/lib/libmotor_interface__rosidl_typesupport_introspection_c.so" to ""
[4.014s] -- Installing: /home/kcw/capstone_ws/ros2/src/motor_interface/install/motor_interface/lib/libmotor_interface__rosidl_typesupport_c.so
[4.014s] -- Set runtime path of "/home/kcw/capstone_ws/ros2/src/motor_interface/install/motor_interface/lib/libmotor_interface__rosidl_typesupport_c.so" to ""
[4.014s] -- Up-to-date: /home/kcw/capstone_ws/ros2/src/motor_interface/install/motor_interface/include/motor_interface/motor_interface
[4.014s] -- Up-to-date: /home/kcw/capstone_ws/ros2/src/motor_interface/install/motor_interface/include/motor_interface/motor_interface/msg
[4.014s] -- Installing: /home/kcw/capstone_ws/ros2/src/motor_interface/install/motor_interface/include/motor_interface/motor_interface/msg/motor.hpp
[4.014s] -- Up-to-date: /home/kcw/capstone_ws/ros2/src/motor_interface/install/motor_interface/include/motor_interface/motor_interface/msg/detail
[4.014s] -- Installing: /home/kcw/capstone_ws/ros2/src/motor_interface/install/motor_interface/include/motor_interface/motor_interface/msg/detail/motor__struct.hpp
[4.015s] -- Installing: /home/kcw/capstone_ws/ros2/src/motor_interface/install/motor_interface/include/motor_interface/motor_interface/msg/detail/motor__traits.hpp
[4.015s] -- Installing: /home/kcw/capstone_ws/ros2/src/motor_interface/install/motor_interface/include/motor_interface/motor_interface/msg/detail/motor__builder.hpp
[4.015s] -- Up-to-date: /home/kcw/capstone_ws/ros2/src/motor_interface/install/motor_interface/include/motor_interface/motor_interface
[4.015s] -- Up-to-date: /home/kcw/capstone_ws/ros2/src/motor_interface/install/motor_interface/include/motor_interface/motor_interface/msg
[4.015s] -- Installing: /home/kcw/capstone_ws/ros2/src/motor_interface/install/motor_interface/include/motor_interface/motor_interface/msg/rosidl_typesupport_fastrtps_cpp__visibility_control.h
[4.015s] -- Up-to-date: /home/kcw/capstone_ws/ros2/src/motor_interface/install/motor_interface/include/motor_interface/motor_interface/msg/detail
[4.015s] -- Installing: /home/kcw/capstone_ws/ros2/src/motor_interface/install/motor_interface/include/motor_interface/motor_interface/msg/detail/dds_fastrtps
[4.015s] -- Installing: /home/kcw/capstone_ws/ros2/src/motor_interface/install/motor_interface/include/motor_interface/motor_interface/msg/detail/motor__rosidl_typesupport_fastrtps_cpp.hpp
[4.015s] -- Installing: /home/kcw/capstone_ws/ros2/src/motor_interface/install/motor_interface/lib/libmotor_interface__rosidl_typesupport_fastrtps_cpp.so
[4.015s] -- Set runtime path of "/home/kcw/capstone_ws/ros2/src/motor_interface/install/motor_interface/lib/libmotor_interface__rosidl_typesupport_fastrtps_cpp.so" to ""
[4.015s] -- Up-to-date: /home/kcw/capstone_ws/ros2/src/motor_interface/install/motor_interface/include/motor_interface/motor_interface
[4.015s] -- Up-to-date: /home/kcw/capstone_ws/ros2/src/motor_interface/install/motor_interface/include/motor_interface/motor_interface/msg
[4.015s] -- Up-to-date: /home/kcw/capstone_ws/ros2/src/motor_interface/install/motor_interface/include/motor_interface/motor_interface/msg/detail
[4.016s] -- Installing: /home/kcw/capstone_ws/ros2/src/motor_interface/install/motor_interface/include/motor_interface/motor_interface/msg/detail/motor__type_support.cpp
[4.016s] -- Installing: /home/kcw/capstone_ws/ros2/src/motor_interface/install/motor_interface/include/motor_interface/motor_interface/msg/detail/motor__rosidl_typesupport_introspection_cpp.hpp
[4.016s] -- Installing: /home/kcw/capstone_ws/ros2/src/motor_interface/install/motor_interface/lib/libmotor_interface__rosidl_typesupport_introspection_cpp.so
[4.016s] -- Set runtime path of "/home/kcw/capstone_ws/ros2/src/motor_interface/install/motor_interface/lib/libmotor_interface__rosidl_typesupport_introspection_cpp.so" to ""
[4.016s] -- Installing: /home/kcw/capstone_ws/ros2/src/motor_interface/install/motor_interface/lib/libmotor_interface__rosidl_typesupport_cpp.so
[4.016s] -- Set runtime path of "/home/kcw/capstone_ws/ros2/src/motor_interface/install/motor_interface/lib/libmotor_interface__rosidl_typesupport_cpp.so" to ""
[4.016s] -- Installing: /home/kcw/capstone_ws/ros2/src/motor_interface/install/motor_interface/share/motor_interface/environment/pythonpath.sh
[4.016s] -- Installing: /home/kcw/capstone_ws/ros2/src/motor_interface/install/motor_interface/share/motor_interface/environment/pythonpath.dsv
[4.017s] -- Installing: /home/kcw/capstone_ws/ros2/src/motor_interface/install/motor_interface/local/lib/python3.10/dist-packages/motor_interface-0.0.0-py3.10.egg-info
[4.017s] -- Installing: /home/kcw/capstone_ws/ros2/src/motor_interface/install/motor_interface/local/lib/python3.10/dist-packages/motor_interface-0.0.0-py3.10.egg-info/dependency_links.txt
[4.017s] -- Installing: /home/kcw/capstone_ws/ros2/src/motor_interface/install/motor_interface/local/lib/python3.10/dist-packages/motor_interface-0.0.0-py3.10.egg-info/SOURCES.txt
[4.017s] -- Installing: /home/kcw/capstone_ws/ros2/src/motor_interface/install/motor_interface/local/lib/python3.10/dist-packages/motor_interface-0.0.0-py3.10.egg-info/PKG-INFO
[4.017s] -- Installing: /home/kcw/capstone_ws/ros2/src/motor_interface/install/motor_interface/local/lib/python3.10/dist-packages/motor_interface-0.0.0-py3.10.egg-info/top_level.txt
[4.017s] -- Installing: /home/kcw/capstone_ws/ros2/src/motor_interface/install/motor_interface/local/lib/python3.10/dist-packages/motor_interface
[4.017s] -- Installing: /home/kcw/capstone_ws/ros2/src/motor_interface/install/motor_interface/local/lib/python3.10/dist-packages/motor_interface/motor_interface_s__rosidl_typesupport_c.cpython-310-x86_64-linux-gnu.so
[4.017s] -- Installing: /home/kcw/capstone_ws/ros2/src/motor_interface/install/motor_interface/local/lib/python3.10/dist-packages/motor_interface/motor_interface_s__rosidl_typesupport_fastrtps_c.cpython-310-x86_64-linux-gnu.so
[4.017s] -- Installing: /home/kcw/capstone_ws/ros2/src/motor_interface/install/motor_interface/local/lib/python3.10/dist-packages/motor_interface/motor_interface_s__rosidl_typesupport_introspection_c.cpython-310-x86_64-linux-gnu.so
[4.018s] -- Installing: /home/kcw/capstone_ws/ros2/src/motor_interface/install/motor_interface/local/lib/python3.10/dist-packages/motor_interface/_motor_interface_s.ep.rosidl_typesupport_introspection_c.c
[4.018s] -- Installing: /home/kcw/capstone_ws/ros2/src/motor_interface/install/motor_interface/local/lib/python3.10/dist-packages/motor_interface/msg
[4.018s] -- Installing: /home/kcw/capstone_ws/ros2/src/motor_interface/install/motor_interface/local/lib/python3.10/dist-packages/motor_interface/msg/_motor_s.c
[4.018s] -- Installing: /home/kcw/capstone_ws/ros2/src/motor_interface/install/motor_interface/local/lib/python3.10/dist-packages/motor_interface/msg/__init__.py
[4.018s] -- Installing: /home/kcw/capstone_ws/ros2/src/motor_interface/install/motor_interface/local/lib/python3.10/dist-packages/motor_interface/msg/_motor.py
[4.018s] -- Installing: /home/kcw/capstone_ws/ros2/src/motor_interface/install/motor_interface/local/lib/python3.10/dist-packages/motor_interface/__init__.py
[4.018s] -- Installing: /home/kcw/capstone_ws/ros2/src/motor_interface/install/motor_interface/local/lib/python3.10/dist-packages/motor_interface/_motor_interface_s.ep.rosidl_typesupport_fastrtps_c.c
[4.018s] -- Installing: /home/kcw/capstone_ws/ros2/src/motor_interface/install/motor_interface/local/lib/python3.10/dist-packages/motor_interface/_motor_interface_s.ep.rosidl_typesupport_c.c
[4.018s] -- Installing: /home/kcw/capstone_ws/ros2/src/motor_interface/install/motor_interface/local/lib/python3.10/dist-packages/motor_interface/libmotor_interface__rosidl_generator_py.so
[4.046s] Listing '/home/kcw/capstone_ws/ros2/src/motor_interface/install/motor_interface/local/lib/python3.10/dist-packages/motor_interface'...
[4.046s] Compiling '/home/kcw/capstone_ws/ros2/src/motor_interface/install/motor_interface/local/lib/python3.10/dist-packages/motor_interface/__init__.py'...
[4.047s] Listing '/home/kcw/capstone_ws/ros2/src/motor_interface/install/motor_interface/local/lib/python3.10/dist-packages/motor_interface/msg'...
[4.047s] Compiling '/home/kcw/capstone_ws/ros2/src/motor_interface/install/motor_interface/local/lib/python3.10/dist-packages/motor_interface/msg/__init__.py'...
[4.047s] Compiling '/home/kcw/capstone_ws/ros2/src/motor_interface/install/motor_interface/local/lib/python3.10/dist-packages/motor_interface/msg/_motor.py'...
[4.050s] -- Installing: /home/kcw/capstone_ws/ros2/src/motor_interface/install/motor_interface/local/lib/python3.10/dist-packages/motor_interface/motor_interface_s__rosidl_typesupport_fastrtps_c.cpython-310-x86_64-linux-gnu.so
[4.051s] -- Set runtime path of "/home/kcw/capstone_ws/ros2/src/motor_interface/install/motor_interface/local/lib/python3.10/dist-packages/motor_interface/motor_interface_s__rosidl_typesupport_fastrtps_c.cpython-310-x86_64-linux-gnu.so" to ""
[4.051s] -- Installing: /home/kcw/capstone_ws/ros2/src/motor_interface/install/motor_interface/local/lib/python3.10/dist-packages/motor_interface/motor_interface_s__rosidl_typesupport_introspection_c.cpython-310-x86_64-linux-gnu.so
[4.051s] -- Set runtime path of "/home/kcw/capstone_ws/ros2/src/motor_interface/install/motor_interface/local/lib/python3.10/dist-packages/motor_interface/motor_interface_s__rosidl_typesupport_introspection_c.cpython-310-x86_64-linux-gnu.so" to ""
[4.051s] -- Installing: /home/kcw/capstone_ws/ros2/src/motor_interface/install/motor_interface/local/lib/python3.10/dist-packages/motor_interface/motor_interface_s__rosidl_typesupport_c.cpython-310-x86_64-linux-gnu.so
[4.052s] -- Set runtime path of "/home/kcw/capstone_ws/ros2/src/motor_interface/install/motor_interface/local/lib/python3.10/dist-packages/motor_interface/motor_interface_s__rosidl_typesupport_c.cpython-310-x86_64-linux-gnu.so" to ""
[4.052s] -- Installing: /home/kcw/capstone_ws/ros2/src/motor_interface/install/motor_interface/lib/libmotor_interface__rosidl_generator_py.so
[4.052s] -- Set runtime path of "/home/kcw/capstone_ws/ros2/src/motor_interface/install/motor_interface/lib/libmotor_interface__rosidl_generator_py.so" to ""
[4.052s] -- Installing: /home/kcw/capstone_ws/ros2/src/motor_interface/install/motor_interface/share/motor_interface/msg/Motor.idl
[4.052s] -- Installing: /home/kcw/capstone_ws/ros2/src/motor_interface/install/motor_interface/share/motor_interface/msg/Motor.msg
[4.053s] -- Installing: /home/kcw/capstone_ws/ros2/src/motor_interface/install/motor_interface/share/ament_index/resource_index/package_run_dependencies/motor_interface
[4.053s] -- Installing: /home/kcw/capstone_ws/ros2/src/motor_interface/install/motor_interface/share/ament_index/resource_index/parent_prefix_path/motor_interface
[4.053s] -- Installing: /home/kcw/capstone_ws/ros2/src/motor_interface/install/motor_interface/share/motor_interface/environment/ament_prefix_path.sh
[4.053s] -- Installing: /home/kcw/capstone_ws/ros2/src/motor_interface/install/motor_interface/share/motor_interface/environment/ament_prefix_path.dsv
[4.053s] -- Installing: /home/kcw/capstone_ws/ros2/src/motor_interface/install/motor_interface/share/motor_interface/environment/path.sh
[4.054s] -- Installing: /home/kcw/capstone_ws/ros2/src/motor_interface/install/motor_interface/share/motor_interface/environment/path.dsv
[4.054s] -- Installing: /home/kcw/capstone_ws/ros2/src/motor_interface/install/motor_interface/share/motor_interface/local_setup.bash
[4.054s] -- Installing: /home/kcw/capstone_ws/ros2/src/motor_interface/install/motor_interface/share/motor_interface/local_setup.sh
[4.054s] -- Installing: /home/kcw/capstone_ws/ros2/src/motor_interface/install/motor_interface/share/motor_interface/local_setup.zsh
[4.054s] -- Installing: /home/kcw/capstone_ws/ros2/src/motor_interface/install/motor_interface/share/motor_interface/local_setup.dsv
[4.054s] -- Installing: /home/kcw/capstone_ws/ros2/src/motor_interface/install/motor_interface/share/motor_interface/package.dsv
[4.055s] -- Installing: /home/kcw/capstone_ws/ros2/src/motor_interface/install/motor_interface/share/ament_index/resource_index/packages/motor_interface
[4.055s] -- Installing: /home/kcw/capstone_ws/ros2/src/motor_interface/install/motor_interface/share/motor_interface/cmake/export_motor_interface__rosidl_generator_cExport.cmake
[4.055s] -- Installing: /home/kcw/capstone_ws/ros2/src/motor_interface/install/motor_interface/share/motor_interface/cmake/export_motor_interface__rosidl_generator_cExport-noconfig.cmake
[4.055s] -- Installing: /home/kcw/capstone_ws/ros2/src/motor_interface/install/motor_interface/share/motor_interface/cmake/export_motor_interface__rosidl_typesupport_fastrtps_cExport.cmake
[4.055s] -- Installing: /home/kcw/capstone_ws/ros2/src/motor_interface/install/motor_interface/share/motor_interface/cmake/export_motor_interface__rosidl_typesupport_fastrtps_cExport-noconfig.cmake
[4.056s] -- Installing: /home/kcw/capstone_ws/ros2/src/motor_interface/install/motor_interface/share/motor_interface/cmake/motor_interface__rosidl_typesupport_introspection_cExport.cmake
[4.056s] -- Installing: /home/kcw/capstone_ws/ros2/src/motor_interface/install/motor_interface/share/motor_interface/cmake/motor_interface__rosidl_typesupport_introspection_cExport-noconfig.cmake
[4.056s] -- Installing: /home/kcw/capstone_ws/ros2/src/motor_interface/install/motor_interface/share/motor_interface/cmake/motor_interface__rosidl_typesupport_cExport.cmake
[4.056s] -- Installing: /home/kcw/capstone_ws/ros2/src/motor_interface/install/motor_interface/share/motor_interface/cmake/motor_interface__rosidl_typesupport_cExport-noconfig.cmake
[4.056s] -- Installing: /home/kcw/capstone_ws/ros2/src/motor_interface/install/motor_interface/share/motor_interface/cmake/export_motor_interface__rosidl_generator_cppExport.cmake
[4.057s] -- Installing: /home/kcw/capstone_ws/ros2/src/motor_interface/install/motor_interface/share/motor_interface/cmake/export_motor_interface__rosidl_typesupport_fastrtps_cppExport.cmake
[4.057s] -- Installing: /home/kcw/capstone_ws/ros2/src/motor_interface/install/motor_interface/share/motor_interface/cmake/export_motor_interface__rosidl_typesupport_fastrtps_cppExport-noconfig.cmake
[4.057s] -- Installing: /home/kcw/capstone_ws/ros2/src/motor_interface/install/motor_interface/share/motor_interface/cmake/motor_interface__rosidl_typesupport_introspection_cppExport.cmake
[4.057s] -- Installing: /home/kcw/capstone_ws/ros2/src/motor_interface/install/motor_interface/share/motor_interface/cmake/motor_interface__rosidl_typesupport_introspection_cppExport-noconfig.cmake
[4.057s] -- Installing: /home/kcw/capstone_ws/ros2/src/motor_interface/install/motor_interface/share/motor_interface/cmake/motor_interface__rosidl_typesupport_cppExport.cmake
[4.058s] -- Installing: /home/kcw/capstone_ws/ros2/src/motor_interface/install/motor_interface/share/motor_interface/cmake/motor_interface__rosidl_typesupport_cppExport-noconfig.cmake
[4.058s] -- Installing: /home/kcw/capstone_ws/ros2/src/motor_interface/install/motor_interface/share/motor_interface/cmake/export_motor_interface__rosidl_generator_pyExport.cmake
[4.058s] -- Installing: /home/kcw/capstone_ws/ros2/src/motor_interface/install/motor_interface/share/motor_interface/cmake/export_motor_interface__rosidl_generator_pyExport-noconfig.cmake
[4.058s] -- Installing: /home/kcw/capstone_ws/ros2/src/motor_interface/install/motor_interface/share/motor_interface/cmake/rosidl_cmake-extras.cmake
[4.058s] -- Installing: /home/kcw/capstone_ws/ros2/src/motor_interface/install/motor_interface/share/motor_interface/cmake/ament_cmake_export_include_directories-extras.cmake
[4.058s] -- Installing: /home/kcw/capstone_ws/ros2/src/motor_interface/install/motor_interface/share/motor_interface/cmake/ament_cmake_export_libraries-extras.cmake
[4.059s] -- Installing: /home/kcw/capstone_ws/ros2/src/motor_interface/install/motor_interface/share/motor_interface/cmake/ament_cmake_export_targets-extras.cmake
[4.059s] -- Installing: /home/kcw/capstone_ws/ros2/src/motor_interface/install/motor_interface/share/motor_interface/cmake/rosidl_cmake_export_typesupport_targets-extras.cmake
[4.059s] -- Installing: /home/kcw/capstone_ws/ros2/src/motor_interface/install/motor_interface/share/motor_interface/cmake/ament_cmake_export_dependencies-extras.cmake
[4.059s] -- Installing: /home/kcw/capstone_ws/ros2/src/motor_interface/install/motor_interface/share/motor_interface/cmake/rosidl_cmake_export_typesupport_libraries-extras.cmake
[4.059s] -- Installing: /home/kcw/capstone_ws/ros2/src/motor_interface/install/motor_interface/share/motor_interface/cmake/motor_interfaceConfig.cmake
[4.059s] -- Installing: /home/kcw/capstone_ws/ros2/src/motor_interface/install/motor_interface/share/motor_interface/cmake/motor_interfaceConfig-version.cmake
[4.059s] -- Installing: /home/kcw/capstone_ws/ros2/src/motor_interface/install/motor_interface/share/motor_interface/package.xml
[4.066s] Invoked command in '/home/kcw/capstone_ws/ros2/src/motor_interface/build/motor_interface' returned '0': CMAKE_PREFIX_PATH=${CMAKE_PREFIX_PATH}:/opt/ros/humble /home/kcw/.local/bin/cmake --install /home/kcw/capstone_ws/ros2/src/motor_interface/build/motor_interface
