[ 40%] Built target manipulator_write
[ 80%] Built target manipulator_read
[ 90%] [32mBuilding CXX object CMakeFiles/manipulator_run.dir/src/motor.cpp.o[0m
In file included from [01m[K/opt/ros/humble/include/rclcpp/rclcpp/logging.hpp:24[m[K,
                 from [01m[K/opt/ros/humble/include/rclcpp/rclcpp/client.hpp:40[m[K,
                 from [01m[K/opt/ros/humble/include/rclcpp/rclcpp/callback_group.hpp:24[m[K,
                 from [01m[K/opt/ros/humble/include/rclcpp/rclcpp/any_executable.hpp:20[m[K,
                 from [01m[K/opt/ros/humble/include/rclcpp/rclcpp/memory_strategy.hpp:25[m[K,
                 from [01m[K/opt/ros/humble/include/rclcpp/rclcpp/memory_strategies.hpp:18[m[K,
                 from [01m[K/opt/ros/humble/include/rclcpp/rclcpp/executor_options.hpp:20[m[K,
                 from [01m[K/opt/ros/humble/include/rclcpp/rclcpp/executor.hpp:37[m[K,
                 from [01m[K/opt/ros/humble/include/rclcpp/rclcpp/executors/multi_threaded_executor.hpp:25[m[K,
                 from [01m[K/opt/ros/humble/include/rclcpp/rclcpp/executors.hpp:21[m[K,
                 from [01m[K/opt/ros/humble/include/rclcpp/rclcpp/rclcpp.hpp:155[m[K,
                 from [01m[K/home/kcw/capstone_ws/ros2/src/manipulator/src/motor.cpp:30[m[K:
[01m[K/home/kcw/capstone_ws/ros2/src/manipulator/src/motor.cpp:[m[K In member function ‘[01m[Kvoid Manipulator::sub_callback(motor_interface::msg::Motor_<std::allocator<void> >::SharedPtr)[m[K’:
[01m[K/home/kcw/capstone_ws/ros2/src/manipulator/src/motor.cpp:55:40:[m[K [01;35m[Kwarning: [m[Kformat ‘[01m[K%d[m[K’ expects argument of type ‘[01m[Kint[m[K’, but argument 6 has type ‘[01m[Kmotor_interface::msg::Motor_<std::allocator<void> >::_m2_type[m[K’ {aka ‘[01m[Klong int[m[K’} [[01;35m[K]8;;https://gcc.gnu.org/onlinedocs/gcc/Warning-Options.html#index-Wformat=-Wformat=]8;;[m[K]
   55 |         RCLCPP_INFO(this->get_logger(),[01;35m[K"motor1 : %ld, motorw : %d"[m[K,msg->m1,[32m[Kmsg->m2[m[K);
      |                                        [01;35m[K^~~~~~~~~~~~~~~~~~~~~~~~~~~[m[K         [32m[K~~~~~~~[m[K
      |                                                                                 [32m[K|[m[K
      |                                                                                 [32m[Kmotor_interface::msg::Motor_<std::allocator<void> >::_m2_type {aka long int}[m[K
[01m[K/home/kcw/capstone_ws/ros2/src/manipulator/src/motor.cpp:55:65:[m[K [01;36m[Knote: [m[Kformat string is defined here
   55 |         RCLCPP_INFO(this->get_logger(),"motor1 : %ld, motorw : [01;36m[K%d[m[K",msg->m1,msg->m2);
      |                                                                [01;36m[K~^[m[K
      |                                                                 [01;36m[K|[m[K
      |                                                                 [01;36m[Kint[m[K
      |                                                                [32m[K%ld[m[K
[01m[K/home/kcw/capstone_ws/ros2/src/manipulator/src/motor.cpp:[m[K In function ‘[01m[Kint main(int, char**)[m[K’:
[01m[K/home/kcw/capstone_ws/ros2/src/manipulator/src/motor.cpp:72:27:[m[K [01;35m[Kwarning: [m[KISO C++ forbids converting a string constant to ‘[01m[Kchar*[m[K’ [[01;35m[K]8;;https://gcc.gnu.org/onlinedocs/gcc/Warning-Options.html#index-Wwrite-strings-Wwrite-strings]8;;[m[K]
   72 |     if(openSerialPort(&fd,[01;35m[K"/dev/3M_manipulator"[m[K)==-1) return -1;
      |                           [01;35m[K^~~~~~~~~~~~~~~~~~~~~[m[K
[100%] [32m[1mLinking CXX executable manipulator_run[0m
/usr/bin/ld: CMakeFiles/manipulator_run.dir/src/motor.cpp.o: in function `main':
motor.cpp:(.text+0x15f): undefined reference to `openSerialPort(int*, char*)'
/usr/bin/ld: motor.cpp:(.text+0x18c): undefined reference to `serialSetting(int*, termios&)'
collect2: error: ld returned 1 exit status
gmake[2]: *** [CMakeFiles/manipulator_run.dir/build.make:167: manipulator_run] Error 1
gmake[1]: *** [CMakeFiles/Makefile2:193: CMakeFiles/manipulator_run.dir/all] Error 2
gmake: *** [Makefile:146: all] Error 2
