[0.007s] Invoking command in '/home/kcw/capstone_ws/2024CapstoneDesign/ros2/src/manipulator/build/manipulator': /home/kcw/.local/bin/cmake /home/kcw/capstone_ws/2024CapstoneDesign/ros2/src/manipulator -DCMAKE_INSTALL_PREFIX=/home/kcw/capstone_ws/2024CapstoneDesign/ros2/src/manipulator/install/manipulator
[0.184s] -- The C compiler identification is GNU 11.4.0
[0.270s] -- The CXX compiler identification is GNU 11.4.0
[0.312s] -- Detecting C compiler ABI info
[0.380s] -- Detecting C compiler ABI info - done
[0.391s] -- Check for working C compiler: /usr/bin/cc - skipped
[0.393s] -- Detecting C compile features
[0.395s] -- Detecting C compile features - done
[0.410s] -- Detecting CXX compiler ABI info
[0.480s] -- Detecting CXX compiler ABI info - done
[0.498s] -- Check for working CXX compiler: /usr/bin/c++ - skipped
[0.499s] -- Detecting CXX compile features
[0.499s] -- Detecting CXX compile features - done
[0.530s] -- Found ament_cmake: 1.3.0 (/usr/share/ament_cmake/cmake)
[0.846s] -- Found Python3: /usr/bin/python3.10 (found version "3.10.12") found components: Interpreter 
[1.050s] [31mCMake Error at CMakeLists.txt:15 (find_package):
[1.051s]   By not providing "Findrclcpp.cmake" in CMAKE_MODULE_PATH this project has
[1.051s]   asked CMake to find a package configuration file provided by "rclcpp", but
[1.051s]   CMake did not find one.
[1.051s] 
[1.051s]   Could not find a package configuration file provided by "rclcpp" with any
[1.051s]   of the following names:
[1.051s] 
[1.051s]     rclcppConfig.cmake
[1.051s]     rclcpp-config.cmake
[1.051s] 
[1.051s]   Add the installation prefix of "rclcpp" to CMAKE_PREFIX_PATH or set
[1.052s]   "rclcpp_DIR" to a directory containing one of the above files.  If "rclcpp"
[1.052s]   provides a separate development package or SDK, be sure it has been
[1.052s]   installed.
[1.052s] 
[1.052s] [0m
[1.052s] -- Configuring incomplete, errors occurred!
[1.059s] Invoked command in '/home/kcw/capstone_ws/2024CapstoneDesign/ros2/src/manipulator/build/manipulator' returned '1': /home/kcw/.local/bin/cmake /home/kcw/capstone_ws/2024CapstoneDesign/ros2/src/manipulator -DCMAKE_INSTALL_PREFIX=/home/kcw/capstone_ws/2024CapstoneDesign/ros2/src/manipulator/install/manipulator
