[0.008s] Invoking command in '/home/kcw/capstone_ws/2024CapstoneDesign/ros2/src/manipulator/build/manipulator': /home/kcw/.local/bin/cmake /home/kcw/capstone_ws/2024CapstoneDesign/ros2/src/manipulator -DCMAKE_INSTALL_PREFIX=/home/kcw/capstone_ws/2024CapstoneDesign/ros2/src/manipulator/install/manipulator
[0.191s] -- The C compiler identification is GNU 11.4.0
[0.278s] -- The CXX compiler identification is GNU 11.4.0
[0.319s] -- Detecting C compiler ABI info
[0.397s] -- Detecting C compiler ABI info - done
[0.411s] -- Check for working C compiler: /usr/bin/cc - skipped
[0.413s] -- Detecting C compile features
[0.414s] -- Detecting C compile features - done
[0.425s] -- Detecting CXX compiler ABI info
[0.494s] -- Detecting CXX compiler ABI info - done
[0.507s] -- Check for working CXX compiler: /usr/bin/c++ - skipped
[0.508s] -- Detecting CXX compile features
[0.508s] -- Detecting CXX compile features - done
[0.534s] -- Found ament_cmake: 1.3.0 (/usr/share/ament_cmake/cmake)
[0.860s] -- Found Python3: /usr/bin/python3.10 (found version "3.10.12") found components: Interpreter 
[1.096s] [31mCMake Error at CMakeLists.txt:15 (find_package):
[1.096s]   By not providing "Findrclcpp.cmake" in CMAKE_MODULE_PATH this project has
[1.096s]   asked CMake to find a package configuration file provided by "rclcpp", but
[1.097s]   CMake did not find one.
[1.097s] 
[1.097s]   Could not find a package configuration file provided by "rclcpp" with any
[1.097s]   of the following names:
[1.097s] 
[1.097s]     rclcppConfig.cmake
[1.097s]     rclcpp-config.cmake
[1.097s] 
[1.097s]   Add the installation prefix of "rclcpp" to CMAKE_PREFIX_PATH or set
[1.097s]   "rclcpp_DIR" to a directory containing one of the above files.  If "rclcpp"
[1.098s]   provides a separate development package or SDK, be sure it has been
[1.098s]   installed.
[1.098s] 
[1.098s] [0m
[1.098s] -- Configuring incomplete, errors occurred!
[1.106s] Invoked command in '/home/kcw/capstone_ws/2024CapstoneDesign/ros2/src/manipulator/build/manipulator' returned '1': /home/kcw/.local/bin/cmake /home/kcw/capstone_ws/2024CapstoneDesign/ros2/src/manipulator -DCMAKE_INSTALL_PREFIX=/home/kcw/capstone_ws/2024CapstoneDesign/ros2/src/manipulator/install/manipulator
