[0.012s] Invoking command in '/home/kcw/capstone_ws/2024CapstoneDesign/ros2/src/manipulator/build/manipulator': CMAKE_PREFIX_PATH=${CMAKE_PREFIX_PATH}:/home/kcw/capstone_ws/ros2/src/manipulator/install/manipulator:/opt/ros/humble /home/kcw/.local/bin/cmake --build /home/kcw/capstone_ws/2024CapstoneDesign/ros2/src/manipulator/build/manipulator -- -j8 -l8
[0.104s] [  7%] [32mBuilding CXX object CMakeFiles/manipulator_read.dir/src/pathRW.cpp.o[0m
[0.116s] [ 15%] [32mBuilding CXX object CMakeFiles/manipulator_run.dir/src/pathRW.cpp.o[0m
[0.118s] [ 23%] [32mBuilding CXX object CMakeFiles/manipulator_write.dir/src/pathRW.cpp.o[0m
[0.509s] [ 30%] [32m[1mLinking CXX executable manipulator_read[0m
[0.674s] [ 38%] [32m[1mLinking CXX executable manipulator_write[0m
[0.677s] [ 46%] [32m[1mLinking CXX executable manipulator_run[0m
[0.751s] [ 61%] Built target manipulator_read
[0.932s] [ 76%] Built target manipulator_write
[1.148s] [100%] Built target manipulator_run
[1.159s] Invoked command in '/home/kcw/capstone_ws/2024CapstoneDesign/ros2/src/manipulator/build/manipulator' returned '0': CMAKE_PREFIX_PATH=${CMAKE_PREFIX_PATH}:/home/kcw/capstone_ws/ros2/src/manipulator/install/manipulator:/opt/ros/humble /home/kcw/.local/bin/cmake --build /home/kcw/capstone_ws/2024CapstoneDesign/ros2/src/manipulator/build/manipulator -- -j8 -l8
[1.264s] Invoking command in '/home/kcw/capstone_ws/2024CapstoneDesign/ros2/src/manipulator/build/manipulator': CMAKE_PREFIX_PATH=${CMAKE_PREFIX_PATH}:/home/kcw/capstone_ws/ros2/src/manipulator/install/manipulator:/opt/ros/humble /home/kcw/.local/bin/cmake --install /home/kcw/capstone_ws/2024CapstoneDesign/ros2/src/manipulator/build/manipulator
[1.295s] -- Install configuration: ""
[1.295s] -- Installing: /home/kcw/capstone_ws/2024CapstoneDesign/ros2/src/manipulator/install/manipulator/lib/manipulator/manipulator_write
[1.299s] -- Set runtime path of "/home/kcw/capstone_ws/2024CapstoneDesign/ros2/src/manipulator/install/manipulator/lib/manipulator/manipulator_write" to ""
[1.299s] -- Installing: /home/kcw/capstone_ws/2024CapstoneDesign/ros2/src/manipulator/install/manipulator/lib/manipulator/manipulator_read
[1.302s] -- Set runtime path of "/home/kcw/capstone_ws/2024CapstoneDesign/ros2/src/manipulator/install/manipulator/lib/manipulator/manipulator_read" to ""
[1.302s] -- Installing: /home/kcw/capstone_ws/2024CapstoneDesign/ros2/src/manipulator/install/manipulator/lib/manipulator/manipulator_run
[1.312s] -- Set runtime path of "/home/kcw/capstone_ws/2024CapstoneDesign/ros2/src/manipulator/install/manipulator/lib/manipulator/manipulator_run" to ""
[1.313s] -- Up-to-date: /home/kcw/capstone_ws/2024CapstoneDesign/ros2/src/manipulator/install/manipulator/share/ament_index/resource_index/package_run_dependencies/manipulator
[1.313s] -- Up-to-date: /home/kcw/capstone_ws/2024CapstoneDesign/ros2/src/manipulator/install/manipulator/share/ament_index/resource_index/parent_prefix_path/manipulator
[1.313s] -- Up-to-date: /home/kcw/capstone_ws/2024CapstoneDesign/ros2/src/manipulator/install/manipulator/share/manipulator/environment/ament_prefix_path.sh
[1.313s] -- Up-to-date: /home/kcw/capstone_ws/2024CapstoneDesign/ros2/src/manipulator/install/manipulator/share/manipulator/environment/ament_prefix_path.dsv
[1.313s] -- Up-to-date: /home/kcw/capstone_ws/2024CapstoneDesign/ros2/src/manipulator/install/manipulator/share/manipulator/environment/path.sh
[1.313s] -- Up-to-date: /home/kcw/capstone_ws/2024CapstoneDesign/ros2/src/manipulator/install/manipulator/share/manipulator/environment/path.dsv
[1.313s] -- Up-to-date: /home/kcw/capstone_ws/2024CapstoneDesign/ros2/src/manipulator/install/manipulator/share/manipulator/local_setup.bash
[1.313s] -- Up-to-date: /home/kcw/capstone_ws/2024CapstoneDesign/ros2/src/manipulator/install/manipulator/share/manipulator/local_setup.sh
[1.313s] -- Up-to-date: /home/kcw/capstone_ws/2024CapstoneDesign/ros2/src/manipulator/install/manipulator/share/manipulator/local_setup.zsh
[1.314s] -- Up-to-date: /home/kcw/capstone_ws/2024CapstoneDesign/ros2/src/manipulator/install/manipulator/share/manipulator/local_setup.dsv
[1.314s] -- Installing: /home/kcw/capstone_ws/2024CapstoneDesign/ros2/src/manipulator/install/manipulator/share/manipulator/package.dsv
[1.314s] -- Up-to-date: /home/kcw/capstone_ws/2024CapstoneDesign/ros2/src/manipulator/install/manipulator/share/ament_index/resource_index/packages/manipulator
[1.314s] -- Up-to-date: /home/kcw/capstone_ws/2024CapstoneDesign/ros2/src/manipulator/install/manipulator/share/manipulator/cmake/manipulatorConfig.cmake
[1.314s] -- Up-to-date: /home/kcw/capstone_ws/2024CapstoneDesign/ros2/src/manipulator/install/manipulator/share/manipulator/cmake/manipulatorConfig-version.cmake
[1.314s] -- Up-to-date: /home/kcw/capstone_ws/2024CapstoneDesign/ros2/src/manipulator/install/manipulator/share/manipulator/package.xml
[1.321s] Invoked command in '/home/kcw/capstone_ws/2024CapstoneDesign/ros2/src/manipulator/build/manipulator' returned '0': CMAKE_PREFIX_PATH=${CMAKE_PREFIX_PATH}:/home/kcw/capstone_ws/ros2/src/manipulator/install/manipulator:/opt/ros/humble /home/kcw/.local/bin/cmake --install /home/kcw/capstone_ws/2024CapstoneDesign/ros2/src/manipulator/build/manipulator
