[01m[K/home/kcw/capstone_ws/2024CapstoneDesign/ros2/src/manipulator/src/pathRW.cpp:[m[K In function ‘[01m[Kvoid initPathData(std::ofstream&, std::string)[m[K’:
[01m[K/home/kcw/capstone_ws/2024CapstoneDesign/ros2/src/manipulator/src/pathRW.cpp:20:8:[m[K [01;31m[Kerror: [m[Kno match for ‘[01m[Koperator![m[K’ (operand type is ‘[01m[Kstd::string[m[K’ {aka ‘[01m[Kstd::__cxx11::basic_string<char>[m[K’})
   20 |     if([01;31m[K!pth[m[K)
      |        [01;31m[K^~~~[m[K
[01m[K/home/kcw/capstone_ws/2024CapstoneDesign/ros2/src/manipulator/src/pathRW.cpp:20:8:[m[K [01;36m[Knote: [m[Kcandidate: ‘[01m[Koperator!(bool)[m[K’ (built-in)
[01m[K/home/kcw/capstone_ws/2024CapstoneDesign/ros2/src/manipulator/src/pathRW.cpp:20:8:[m[K [01;36m[Knote: [m[K  no known conversion for argument 1 from ‘[01m[Kstd::string[m[K’ {aka ‘[01m[Kstd::__cxx11::basic_string<char>[m[K’} to ‘[01m[Kbool[m[K’
[01m[K/home/kcw/capstone_ws/2024CapstoneDesign/ros2/src/manipulator/src/pathRW.cpp:[m[K In function ‘[01m[Kvoid initPathData(std::ofstream&, std::string)[m[K’:
[01m[K/home/kcw/capstone_ws/2024CapstoneDesign/ros2/src/manipulator/src/pathRW.cpp:20:8:[m[K [01;31m[Kerror: [m[Kno match for ‘[01m[Koperator![m[K’ (operand type is ‘[01m[Kstd::string[m[K’ {aka ‘[01m[Kstd::__cxx11::basic_string<char>[m[K’})
   20 |     if([01;31m[K!pth[m[K)
      |        [01;31m[K^~~~[m[K
[01m[K/home/kcw/capstone_ws/2024CapstoneDesign/ros2/src/manipulator/src/pathRW.cpp:20:8:[m[K [01;36m[Knote: [m[Kcandidate: ‘[01m[Koperator!(bool)[m[K’ (built-in)
[01m[K/home/kcw/capstone_ws/2024CapstoneDesign/ros2/src/manipulator/src/pathRW.cpp:20:8:[m[K [01;36m[Knote: [m[K  no known conversion for argument 1 from ‘[01m[Kstd::string[m[K’ {aka ‘[01m[Kstd::__cxx11::basic_string<char>[m[K’} to ‘[01m[Kbool[m[K’
gmake[2]: *** [CMakeFiles/manipulator_run.dir/build.make:90: CMakeFiles/manipulator_run.dir/src/pathRW.cpp.o] Error 1
gmake[1]: *** [CMakeFiles/Makefile2:193: CMakeFiles/manipulator_run.dir/all] Error 2
gmake[1]: *** Waiting for unfinished jobs....
[01m[K/home/kcw/capstone_ws/2024CapstoneDesign/ros2/src/manipulator/src/pathRW.cpp:[m[K In function ‘[01m[Kvoid initPathData(std::ofstream&, std::string)[m[K’:
[01m[K/home/kcw/capstone_ws/2024CapstoneDesign/ros2/src/manipulator/src/pathRW.cpp:20:8:[m[K [01;31m[Kerror: [m[Kno match for ‘[01m[Koperator![m[K’ (operand type is ‘[01m[Kstd::string[m[K’ {aka ‘[01m[Kstd::__cxx11::basic_string<char>[m[K’})
   20 |     if([01;31m[K!pth[m[K)
      |        [01;31m[K^~~~[m[K
[01m[K/home/kcw/capstone_ws/2024CapstoneDesign/ros2/src/manipulator/src/pathRW.cpp:20:8:[m[K [01;36m[Knote: [m[Kcandidate: ‘[01m[Koperator!(bool)[m[K’ (built-in)
[01m[K/home/kcw/capstone_ws/2024CapstoneDesign/ros2/src/manipulator/src/pathRW.cpp:20:8:[m[K [01;36m[Knote: [m[K  no known conversion for argument 1 from ‘[01m[Kstd::string[m[K’ {aka ‘[01m[Kstd::__cxx11::basic_string<char>[m[K’} to ‘[01m[Kbool[m[K’
gmake[2]: *** [CMakeFiles/manipulator_write.dir/build.make:90: CMakeFiles/manipulator_write.dir/src/pathRW.cpp.o] Error 1
gmake[1]: *** [CMakeFiles/Makefile2:141: CMakeFiles/manipulator_write.dir/all] Error 2
gmake[2]: *** [CMakeFiles/manipulator_read.dir/build.make:90: CMakeFiles/manipulator_read.dir/src/pathRW.cpp.o] Error 1
gmake[1]: *** [CMakeFiles/Makefile2:167: CMakeFiles/manipulator_read.dir/all] Error 2
gmake: *** [Makefile:146: all] Error 2
