[0.008s] Invoking command in '/home/kcw/capstone_ws/2024CapstoneDesign/ros2/src/manipulator/build/manipulator': /home/kcw/.local/bin/cmake --build /home/kcw/capstone_ws/2024CapstoneDesign/ros2/src/manipulator/build/manipulator -- -j8 -l8
[0.056s] [ 30%] Built target manipulator_write
[0.056s] [ 69%] Built target manipulator_run
[0.066s] [ 76%] [32mBuilding CXX object CMakeFiles/manipulator_read.dir/src/pathR.cpp.o[0m
[2.856s] [01m[K/home/kcw/capstone_ws/2024CapstoneDesign/ros2/src/manipulator/src/pathR.cpp:[m[K In constructor ‘[01m[KManipulator::Manipulator()[m[K’:
[2.856s] [01m[K/home/kcw/capstone_ws/2024CapstoneDesign/ros2/src/manipulator/src/pathR.cpp:63:41:[m[K [01;31m[Kerror: [m[Kno matching function for call to ‘[01m[KManipulator::create_wall_timer(int, std::_Bind_helper<false, void (Manipulator::*)(), Manipulator*>::type)[m[K’
[2.856s]    63 |         timer_ = [01;31m[Kthis->create_wall_timer( 5, std::bind(&Manipulator::timer_callback, this))[m[K; // control timer, control time = 10 ms
[2.856s]       |                  [01;31m[K~~~~~~~~~~~~~~~~~~~~~~~^~~~~~~~~~~~~~~~~~~~~~~~~~~~~~~~~~~~~~~~~~~~~~~~~~~[m[K
[2.856s] In file included from [01m[K/opt/ros/humble/include/rclcpp/rclcpp/executors/single_threaded_executor.hpp:28[m[K,
[2.856s]                  from [01m[K/opt/ros/humble/include/rclcpp/rclcpp/executors.hpp:22[m[K,
[2.856s]                  from [01m[K/opt/ros/humble/include/rclcpp/rclcpp/rclcpp.hpp:155[m[K,
[2.857s]                  from [01m[K/home/kcw/capstone_ws/2024CapstoneDesign/ros2/src/manipulator/src/pathR.cpp:30[m[K:
[2.857s] [01m[K/opt/ros/humble/include/rclcpp/rclcpp/node.hpp:238:3:[m[K [01;36m[Knote: [m[Kcandidate: ‘[01m[Ktemplate<class DurationRepT, class DurationT, class CallbackT> typename rclcpp::WallTimer<CallbackT>::SharedPtr rclcpp::Node::create_wall_timer(std::chrono::duration<_Rep1, _Period1>, CallbackT, rclcpp::CallbackGroup::SharedPtr)[m[K’
[2.857s]   238 |   [01;36m[Kcreate_wall_timer[m[K(
[2.857s]       |   [01;36m[K^~~~~~~~~~~~~~~~~[m[K
[2.857s] [01m[K/opt/ros/humble/include/rclcpp/rclcpp/node.hpp:238:3:[m[K [01;36m[Knote: [m[K  template argument deduction/substitution failed:
[2.857s] [01m[K/home/kcw/capstone_ws/2024CapstoneDesign/ros2/src/manipulator/src/pathR.cpp:63:41:[m[K [01;36m[Knote: [m[K  mismatched types ‘[01m[Kstd::chrono::duration<_Rep1, _Period1>[m[K’ and ‘[01m[Kint[m[K’
[2.857s]    63 |         timer_ = [01;36m[Kthis->create_wall_timer( 5, std::bind(&Manipulator::timer_callback, this))[m[K; // control timer, control time = 10 ms
[2.857s]       |                  [01;36m[K~~~~~~~~~~~~~~~~~~~~~~~^~~~~~~~~~~~~~~~~~~~~~~~~~~~~~~~~~~~~~~~~~~~~~~~~~~[m[K
[2.864s] [01m[K/home/kcw/capstone_ws/2024CapstoneDesign/ros2/src/manipulator/src/pathR.cpp:[m[K In function ‘[01m[Kint main(int, char**)[m[K’:
[2.864s] [01m[K/home/kcw/capstone_ws/2024CapstoneDesign/ros2/src/manipulator/src/pathR.cpp:137:27:[m[K [01;35m[Kwarning: [m[KISO C++ forbids converting a string constant to ‘[01m[Kchar*[m[K’ [[01;35m[K]8;;https://gcc.gnu.org/onlinedocs/gcc/Warning-Options.html#index-Wwrite-strings-Wwrite-strings]8;;[m[K]
[2.864s]   137 |     if(openSerialPort(&fd,[01;35m[K"/dev/arduinoMega"[m[K)==-1) return -1;
[2.864s]       |                           [01;35m[K^~~~~~~~~~~~~~~~~~[m[K
[3.931s] gmake[2]: *** [CMakeFiles/manipulator_read.dir/build.make:76: CMakeFiles/manipulator_read.dir/src/pathR.cpp.o] Error 1
[3.931s] gmake[1]: *** [CMakeFiles/Makefile2:167: CMakeFiles/manipulator_read.dir/all] Error 2
[3.931s] gmake: *** [Makefile:146: all] Error 2
[3.939s] Invoked command in '/home/kcw/capstone_ws/2024CapstoneDesign/ros2/src/manipulator/build/manipulator' returned '2': /home/kcw/.local/bin/cmake --build /home/kcw/capstone_ws/2024CapstoneDesign/ros2/src/manipulator/build/manipulator -- -j8 -l8
