[0.016s] Invoking command in '/home/kcw/capstone_ws/ros2/src/manipulator/build/manipulator': CMAKE_PREFIX_PATH=${CMAKE_PREFIX_PATH}:/opt/ros/humble /home/kcw/.local/bin/cmake --build /home/kcw/capstone_ws/ros2/src/manipulator/build/manipulator -- -j8 -l8
[0.058s] [ 33%] Built target manipulator_write
[0.081s] [ 41%] [32mBuilding CXX object CMakeFiles/manipulator_run.dir/src/motor.cpp.o[0m
[2.373s] [01m[K/home/kcw/capstone_ws/ros2/src/manipulator/src/motor.cpp:[m[K In function ‘[01m[Kint main(int, char**)[m[K’:
[2.373s] [01m[K/home/kcw/capstone_ws/ros2/src/manipulator/src/motor.cpp:149:27:[m[K [01;35m[Kwarning: [m[KISO C++ forbids converting a string constant to ‘[01m[Kchar*[m[K’ [[01;35m[K]8;;https://gcc.gnu.org/onlinedocs/gcc/Warning-Options.html#index-Wwrite-strings-Wwrite-strings]8;;[m[K]
[2.373s]   149 |     if(openSerialPort(&fd,[01;35m[K"/dev/3M_manipulator"[m[K)==-1);
[2.373s]       |                           [01;35m[K^~~~~~~~~~~~~~~~~~~~~[m[K
[7.430s] [ 50%] [32m[1mLinking CXX executable manipulator_run[0m
[7.808s] [ 66%] Built target manipulator_run
[7.824s] [100%] Built target manipulator_read
[7.835s] Invoked command in '/home/kcw/capstone_ws/ros2/src/manipulator/build/manipulator' returned '0': CMAKE_PREFIX_PATH=${CMAKE_PREFIX_PATH}:/opt/ros/humble /home/kcw/.local/bin/cmake --build /home/kcw/capstone_ws/ros2/src/manipulator/build/manipulator -- -j8 -l8
[7.924s] Invoking command in '/home/kcw/capstone_ws/ros2/src/manipulator/build/manipulator': CMAKE_PREFIX_PATH=${CMAKE_PREFIX_PATH}:/opt/ros/humble /home/kcw/.local/bin/cmake --install /home/kcw/capstone_ws/ros2/src/manipulator/build/manipulator
[7.950s] -- Install configuration: ""
[7.951s] -- Up-to-date: /home/kcw/capstone_ws/ros2/src/manipulator/install/manipulator/lib/manipulator/manipulator_write
[7.951s] -- Up-to-date: /home/kcw/capstone_ws/ros2/src/manipulator/install/manipulator/lib/manipulator/manipulator_read
[7.952s] -- Installing: /home/kcw/capstone_ws/ros2/src/manipulator/install/manipulator/lib/manipulator/manipulator_run
[7.962s] -- Set runtime path of "/home/kcw/capstone_ws/ros2/src/manipulator/install/manipulator/lib/manipulator/manipulator_run" to ""
[7.962s] -- Up-to-date: /home/kcw/capstone_ws/ros2/src/manipulator/install/manipulator/share/ament_index/resource_index/package_run_dependencies/manipulator
[7.962s] -- Up-to-date: /home/kcw/capstone_ws/ros2/src/manipulator/install/manipulator/share/ament_index/resource_index/parent_prefix_path/manipulator
[7.962s] -- Up-to-date: /home/kcw/capstone_ws/ros2/src/manipulator/install/manipulator/share/manipulator/environment/ament_prefix_path.sh
[7.962s] -- Up-to-date: /home/kcw/capstone_ws/ros2/src/manipulator/install/manipulator/share/manipulator/environment/ament_prefix_path.dsv
[7.963s] -- Up-to-date: /home/kcw/capstone_ws/ros2/src/manipulator/install/manipulator/share/manipulator/environment/path.sh
[7.963s] -- Up-to-date: /home/kcw/capstone_ws/ros2/src/manipulator/install/manipulator/share/manipulator/environment/path.dsv
[7.963s] -- Up-to-date: /home/kcw/capstone_ws/ros2/src/manipulator/install/manipulator/share/manipulator/local_setup.bash
[7.963s] -- Up-to-date: /home/kcw/capstone_ws/ros2/src/manipulator/install/manipulator/share/manipulator/local_setup.sh
[7.963s] -- Up-to-date: /home/kcw/capstone_ws/ros2/src/manipulator/install/manipulator/share/manipulator/local_setup.zsh
[7.963s] -- Up-to-date: /home/kcw/capstone_ws/ros2/src/manipulator/install/manipulator/share/manipulator/local_setup.dsv
[7.963s] -- Installing: /home/kcw/capstone_ws/ros2/src/manipulator/install/manipulator/share/manipulator/package.dsv
[7.963s] -- Up-to-date: /home/kcw/capstone_ws/ros2/src/manipulator/install/manipulator/share/ament_index/resource_index/packages/manipulator
[7.963s] -- Up-to-date: /home/kcw/capstone_ws/ros2/src/manipulator/install/manipulator/share/manipulator/cmake/manipulatorConfig.cmake
[7.963s] -- Up-to-date: /home/kcw/capstone_ws/ros2/src/manipulator/install/manipulator/share/manipulator/cmake/manipulatorConfig-version.cmake
[7.964s] -- Up-to-date: /home/kcw/capstone_ws/ros2/src/manipulator/install/manipulator/share/manipulator/package.xml
[7.970s] Invoked command in '/home/kcw/capstone_ws/ros2/src/manipulator/build/manipulator' returned '0': CMAKE_PREFIX_PATH=${CMAKE_PREFIX_PATH}:/opt/ros/humble /home/kcw/.local/bin/cmake --install /home/kcw/capstone_ws/ros2/src/manipulator/build/manipulator
