[0.016s] Invoking command in '/home/kcw/capstone_ws/ros2/src/manipulator/build/manipulator': CMAKE_PREFIX_PATH=${CMAKE_PREFIX_PATH}:/opt/ros/humble /home/kcw/.local/bin/cmake --build /home/kcw/capstone_ws/ros2/src/manipulator/build/manipulator -- -j8 -l8
[0.060s] [ 50%] Built target manipulator_read
[0.071s] [ 62%] [32mBuilding CXX object CMakeFiles/manipulator_write.dir/src/pathW.cpp.o[0m
[2.125s] [01m[K/home/kcw/capstone_ws/ros2/src/manipulator/src/pathW.cpp:[m[K In member function ‘[01m[Kvoid Manipulator::timer_callback()[m[K’:
[2.125s] [01m[K/home/kcw/capstone_ws/ros2/src/manipulator/src/pathW.cpp:74:19:[m[K [01;31m[Kerror: [m[Kinvalid conversion from ‘[01m[Kunsigned char[m[K’ to ‘[01m[Kconst void*[m[K’ [[01;31m[K]8;;https://gcc.gnu.org/onlinedocs/gcc/Warning-Options.html#index-fpermissive-fpermissive]8;;[m[K]
[2.125s]    74 |         write(fd, [01;31m[K(unsigned char)0xAB[m[K, 1);
[2.125s]       |                   [01;31m[K^~~~~~~~~~~~~~~~~~~[m[K
[2.125s]       |                   [01;31m[K|[m[K
[2.126s]       |                   [01;31m[Kunsigned char[m[K
[2.126s] In file included from [01m[K/home/kcw/capstone_ws/ros2/src/manipulator/src/pathW.cpp:16[m[K:
[2.126s] [01m[K/usr/include/unistd.h:378:45:[m[K [01;36m[Knote: [m[K  initializing argument 2 of ‘[01m[Kssize_t write(int, const void*, size_t)[m[K’
[2.126s]   378 | extern ssize_t write (int __fd, [01;36m[Kconst void *__buf[m[K, size_t __n) __wur
[2.126s]       |                                 [01;36m[K~~~~~~~~~~~~^~~~~[m[K
[2.130s] [01m[K/home/kcw/capstone_ws/ros2/src/manipulator/src/pathW.cpp:[m[K In function ‘[01m[Kint main(int, char**)[m[K’:
[2.130s] [01m[K/home/kcw/capstone_ws/ros2/src/manipulator/src/pathW.cpp:121:27:[m[K [01;35m[Kwarning: [m[KISO C++ forbids converting a string constant to ‘[01m[Kchar*[m[K’ [[01;35m[K]8;;https://gcc.gnu.org/onlinedocs/gcc/Warning-Options.html#index-Wwrite-strings-Wwrite-strings]8;;[m[K]
[2.130s]   121 |     if(openSerialPort(&fd,[01;35m[K"/dev/arduinoMega"[m[K)==-1) rclcpp::shutdown();
[2.130s]       |                           [01;35m[K^~~~~~~~~~~~~~~~~~[m[K
[2.864s] gmake[2]: *** [CMakeFiles/manipulator_write.dir/build.make:76: CMakeFiles/manipulator_write.dir/src/pathW.cpp.o] Error 1
[2.864s] gmake[1]: *** [CMakeFiles/Makefile2:139: CMakeFiles/manipulator_write.dir/all] Error 2
[2.864s] gmake: *** [Makefile:146: all] Error 2
[2.869s] Invoked command in '/home/kcw/capstone_ws/ros2/src/manipulator/build/manipulator' returned '2': CMAKE_PREFIX_PATH=${CMAKE_PREFIX_PATH}:/opt/ros/humble /home/kcw/.local/bin/cmake --build /home/kcw/capstone_ws/ros2/src/manipulator/build/manipulator -- -j8 -l8
