[0.031s] Invoking command in '/home/kcw/capstone_ws/2024CapstoneDesign/ros2/src/manipulator/build/manipulator': CMAKE_PREFIX_PATH=${CMAKE_PREFIX_PATH}:/opt/ros/humble /home/kcw/.local/bin/cmake --build /home/kcw/capstone_ws/2024CapstoneDesign/ros2/src/manipulator/build/manipulator -- -j8 -l8
[0.067s] [0mCMake Error: The current CMakeCache.txt directory /home/kcw/capstone_ws/2024CapstoneDesign/ros2/src/manipulator/build/manipulator/CMakeCache.txt is different than the directory /home/kcw/capstone_ws/ros2/src/manipulator/build/manipulator where CMakeCache.txt was created. This may result in binaries being created in the wrong place. If you are not sure, reedit the CMakeCache.txt[0m
[0.093s] [ 66%] Built target manipulator_write
[0.093s] [ 83%] Built target manipulator_run
[0.093s] [100%] Built target manipulator_read
[0.102s] Invoked command in '/home/kcw/capstone_ws/2024CapstoneDesign/ros2/src/manipulator/build/manipulator' returned '0': CMAKE_PREFIX_PATH=${CMAKE_PREFIX_PATH}:/opt/ros/humble /home/kcw/.local/bin/cmake --build /home/kcw/capstone_ws/2024CapstoneDesign/ros2/src/manipulator/build/manipulator -- -j8 -l8
[0.200s] Invoking command in '/home/kcw/capstone_ws/2024CapstoneDesign/ros2/src/manipulator/build/manipulator': CMAKE_PREFIX_PATH=${CMAKE_PREFIX_PATH}:/opt/ros/humble /home/kcw/.local/bin/cmake --install /home/kcw/capstone_ws/2024CapstoneDesign/ros2/src/manipulator/build/manipulator
[0.232s] -- Install configuration: ""
[0.232s] -- Up-to-date: /home/kcw/capstone_ws/ros2/src/manipulator/install/manipulator/lib/manipulator/manipulator_write
[0.232s] -- Up-to-date: /home/kcw/capstone_ws/ros2/src/manipulator/install/manipulator/lib/manipulator/manipulator_read
[0.232s] -- Up-to-date: /home/kcw/capstone_ws/ros2/src/manipulator/install/manipulator/lib/manipulator/manipulator_run
[0.233s] -- Up-to-date: /home/kcw/capstone_ws/ros2/src/manipulator/install/manipulator/share/ament_index/resource_index/package_run_dependencies/manipulator
[0.233s] -- Up-to-date: /home/kcw/capstone_ws/ros2/src/manipulator/install/manipulator/share/ament_index/resource_index/parent_prefix_path/manipulator
[0.233s] -- Up-to-date: /home/kcw/capstone_ws/ros2/src/manipulator/install/manipulator/share/manipulator/environment/ament_prefix_path.sh
[0.233s] -- Up-to-date: /home/kcw/capstone_ws/ros2/src/manipulator/install/manipulator/share/manipulator/environment/ament_prefix_path.dsv
[0.233s] -- Up-to-date: /home/kcw/capstone_ws/ros2/src/manipulator/install/manipulator/share/manipulator/environment/path.sh
[0.233s] -- Up-to-date: /home/kcw/capstone_ws/ros2/src/manipulator/install/manipulator/share/manipulator/environment/path.dsv
[0.233s] -- Up-to-date: /home/kcw/capstone_ws/ros2/src/manipulator/install/manipulator/share/manipulator/local_setup.bash
[0.233s] -- Up-to-date: /home/kcw/capstone_ws/ros2/src/manipulator/install/manipulator/share/manipulator/local_setup.sh
[0.233s] -- Up-to-date: /home/kcw/capstone_ws/ros2/src/manipulator/install/manipulator/share/manipulator/local_setup.zsh
[0.234s] -- Up-to-date: /home/kcw/capstone_ws/ros2/src/manipulator/install/manipulator/share/manipulator/local_setup.dsv
[0.234s] -- Up-to-date: /home/kcw/capstone_ws/ros2/src/manipulator/install/manipulator/share/manipulator/package.dsv
[0.234s] -- Up-to-date: /home/kcw/capstone_ws/ros2/src/manipulator/install/manipulator/share/ament_index/resource_index/packages/manipulator
[0.234s] -- Up-to-date: /home/kcw/capstone_ws/ros2/src/manipulator/install/manipulator/share/manipulator/cmake/manipulatorConfig.cmake
[0.234s] -- Up-to-date: /home/kcw/capstone_ws/ros2/src/manipulator/install/manipulator/share/manipulator/cmake/manipulatorConfig-version.cmake
[0.234s] -- Up-to-date: /home/kcw/capstone_ws/ros2/src/manipulator/install/manipulator/share/manipulator/package.xml
[0.240s] Invoked command in '/home/kcw/capstone_ws/2024CapstoneDesign/ros2/src/manipulator/build/manipulator' returned '0': CMAKE_PREFIX_PATH=${CMAKE_PREFIX_PATH}:/opt/ros/humble /home/kcw/.local/bin/cmake --install /home/kcw/capstone_ws/2024CapstoneDesign/ros2/src/manipulator/build/manipulator
