[0.037s] Invoking command in '/home/kcw/capstone_ws/ros2/src/manipulator/build/manipulator': CMAKE_PREFIX_PATH=${CMAKE_PREFIX_PATH}:/opt/ros/humble /home/kcw/.local/bin/cmake --build /home/kcw/capstone_ws/ros2/src/manipulator/build/manipulator -- -j8 -l8
[0.227s] -- Found ament_cmake: 1.3.5 (/opt/ros/humble/share/ament_cmake/cmake)
[0.582s] -- Found rclcpp: 16.0.5 (/opt/ros/humble/share/rclcpp/cmake)
[0.737s] -- Found rosidl_generator_c: 3.1.5 (/opt/ros/humble/share/rosidl_generator_c/cmake)
[0.751s] -- Found rosidl_adapter: 3.1.5 (/opt/ros/humble/share/rosidl_adapter/cmake)
[0.793s] -- Found rosidl_generator_cpp: 3.1.5 (/opt/ros/humble/share/rosidl_generator_cpp/cmake)
[0.850s] -- Using all available rosidl_typesupport_c: rosidl_typesupport_fastrtps_c;rosidl_typesupport_introspection_c
[0.883s] -- Using all available rosidl_typesupport_cpp: rosidl_typesupport_fastrtps_cpp;rosidl_typesupport_introspection_cpp
[0.983s] -- Found rmw_implementation_cmake: 6.1.1 (/opt/ros/humble/share/rmw_implementation_cmake/cmake)
[0.985s] -- Found rmw_fastrtps_cpp: 6.2.3 (/opt/ros/humble/share/rmw_fastrtps_cpp/cmake)
[1.145s] -- Using RMW implementation 'rmw_fastrtps_cpp' as default
[1.398s] -- Found motor_interface: 0.0.0 (/home/kcw/capstone_ws/ros2/src/motor_interface/install/motor_interface/share/motor_interface/cmake)
[1.443s] -- Found ament_lint_auto: 0.12.7 (/opt/ros/humble/share/ament_lint_auto/cmake)
[1.593s] -- Added test 'cppcheck' to perform static code analysis on C / C++ code
[1.593s] -- Configured cppcheck include dirs: 
[1.594s] -- Configured cppcheck exclude dirs and/or files: 
[1.598s] -- Added test 'flake8' to check Python code syntax and style conventions
[1.608s] -- Added test 'lint_cmake' to check CMake code style
[1.616s] -- Added test 'pep257' to check Python code against some of the docstring style conventions in PEP 257
[1.656s] -- Added test 'uncrustify' to check C / C++ code style
[1.656s] -- Configured uncrustify additional arguments: 
[1.662s] -- Added test 'xmllint' to check XML markup files
[1.667s] -- Configuring done (1.5s)
[1.723s] -- Generating done (0.0s)
[1.726s] -- Build files have been written to: /home/kcw/capstone_ws/ros2/src/manipulator/build/manipulator
[1.743s] [ 10%] [32mBuilding CXX object CMakeFiles/manipulator_run.dir/src/motor.cpp.o[0m
[1.763s] [ 50%] Built target manipulator_read
[1.765s] [ 90%] Built target manipulator_write
[3.869s] [01m[K/home/kcw/capstone_ws/ros2/src/manipulator/src/motor.cpp:[m[K In constructor ‘[01m[KManipulator::Manipulator()[m[K’:
[3.869s] [01m[K/home/kcw/capstone_ws/ros2/src/manipulator/src/motor.cpp:40:96:[m[K [01;31m[Kerror: [m[K‘[01m[KMotor[m[K’ has not been declared
[3.869s]    40 |         motor_ = this->create_subscription<motor_interface::msg::Motor>("motor", 1, std::bind(&[01;31m[KMotor[m[K::sub_callback, this, _1));
[3.869s]       |                                                                                                [01;31m[K^~~~~[m[K
[3.876s] In file included from [01m[K/opt/ros/humble/include/rclcpp/rclcpp/logging.hpp:24[m[K,
[3.876s]                  from [01m[K/opt/ros/humble/include/rclcpp/rclcpp/client.hpp:40[m[K,
[3.877s]                  from [01m[K/opt/ros/humble/include/rclcpp/rclcpp/callback_group.hpp:24[m[K,
[3.877s]                  from [01m[K/opt/ros/humble/include/rclcpp/rclcpp/any_executable.hpp:20[m[K,
[3.877s]                  from [01m[K/opt/ros/humble/include/rclcpp/rclcpp/memory_strategy.hpp:25[m[K,
[3.877s]                  from [01m[K/opt/ros/humble/include/rclcpp/rclcpp/memory_strategies.hpp:18[m[K,
[3.877s]                  from [01m[K/opt/ros/humble/include/rclcpp/rclcpp/executor_options.hpp:20[m[K,
[3.877s]                  from [01m[K/opt/ros/humble/include/rclcpp/rclcpp/executor.hpp:37[m[K,
[3.877s]                  from [01m[K/opt/ros/humble/include/rclcpp/rclcpp/executors/multi_threaded_executor.hpp:25[m[K,
[3.877s]                  from [01m[K/opt/ros/humble/include/rclcpp/rclcpp/executors.hpp:21[m[K,
[3.877s]                  from [01m[K/opt/ros/humble/include/rclcpp/rclcpp/rclcpp.hpp:155[m[K,
[3.877s]                  from [01m[K/home/kcw/capstone_ws/ros2/src/manipulator/src/motor.cpp:28[m[K:
[3.877s] [01m[K/home/kcw/capstone_ws/ros2/src/manipulator/src/motor.cpp:[m[K In member function ‘[01m[Kvoid Manipulator::sub_callback(motor_interface::msg::Motor_<std::allocator<void> >::SharedPtr)[m[K’:
[3.877s] [01m[K/home/kcw/capstone_ws/ros2/src/manipulator/src/motor.cpp:46:40:[m[K [01;35m[Kwarning: [m[Kformat ‘[01m[K%d[m[K’ expects argument of type ‘[01m[Kint[m[K’, but argument 5 has type ‘[01m[Kmotor_interface::msg::Motor_<std::allocator<void> >::_m1_type[m[K’ {aka ‘[01m[Klong int[m[K’} [[01;35m[K]8;;https://gcc.gnu.org/onlinedocs/gcc/Warning-Options.html#index-Wformat=-Wformat=]8;;[m[K]
[3.877s]    46 |         RCLCPP_INFO(this->get_logger(),[01;35m[K"motor1 : %d, motorw : %d"[m[K,[32m[Kmsg->m1[m[K,msg->m2);
[3.877s]       |                                        [01;35m[K^~~~~~~~~~~~~~~~~~~~~~~~~~[m[K [32m[K~~~~~~~[m[K
[3.877s]       |                                                                        [32m[K|[m[K
[3.877s]       |                                                                        [32m[Kmotor_interface::msg::Motor_<std::allocator<void> >::_m1_type {aka long int}[m[K
[3.878s] [01m[K/home/kcw/capstone_ws/ros2/src/manipulator/src/motor.cpp:46:51:[m[K [01;36m[Knote: [m[Kformat string is defined here
[3.878s]    46 |         RCLCPP_INFO(this->get_logger(),"motor1 : [01;36m[K%d[m[K, motorw : %d",msg->m1,msg->m2);
[3.878s]       |                                                  [01;36m[K~^[m[K
[3.878s]       |                                                   [01;36m[K|[m[K
[3.878s]       |                                                   [01;36m[Kint[m[K
[3.878s]       |                                                  [32m[K%ld[m[K
[3.878s] In file included from [01m[K/opt/ros/humble/include/rclcpp/rclcpp/logging.hpp:24[m[K,
[3.878s]                  from [01m[K/opt/ros/humble/include/rclcpp/rclcpp/client.hpp:40[m[K,
[3.878s]                  from [01m[K/opt/ros/humble/include/rclcpp/rclcpp/callback_group.hpp:24[m[K,
[3.878s]                  from [01m[K/opt/ros/humble/include/rclcpp/rclcpp/any_executable.hpp:20[m[K,
[3.878s]                  from [01m[K/opt/ros/humble/include/rclcpp/rclcpp/memory_strategy.hpp:25[m[K,
[3.878s]                  from [01m[K/opt/ros/humble/include/rclcpp/rclcpp/memory_strategies.hpp:18[m[K,
[3.878s]                  from [01m[K/opt/ros/humble/include/rclcpp/rclcpp/executor_options.hpp:20[m[K,
[3.878s]                  from [01m[K/opt/ros/humble/include/rclcpp/rclcpp/executor.hpp:37[m[K,
[3.878s]                  from [01m[K/opt/ros/humble/include/rclcpp/rclcpp/executors/multi_threaded_executor.hpp:25[m[K,
[3.878s]                  from [01m[K/opt/ros/humble/include/rclcpp/rclcpp/executors.hpp:21[m[K,
[3.879s]                  from [01m[K/opt/ros/humble/include/rclcpp/rclcpp/rclcpp.hpp:155[m[K,
[3.879s]                  from [01m[K/home/kcw/capstone_ws/ros2/src/manipulator/src/motor.cpp:28[m[K:
[3.879s] [01m[K/home/kcw/capstone_ws/ros2/src/manipulator/src/motor.cpp:46:40:[m[K [01;35m[Kwarning: [m[Kformat ‘[01m[K%d[m[K’ expects argument of type ‘[01m[Kint[m[K’, but argument 6 has type ‘[01m[Kmotor_interface::msg::Motor_<std::allocator<void> >::_m2_type[m[K’ {aka ‘[01m[Klong int[m[K’} [[01;35m[K]8;;https://gcc.gnu.org/onlinedocs/gcc/Warning-Options.html#index-Wformat=-Wformat=]8;;[m[K]
[3.879s]    46 |         RCLCPP_INFO(this->get_logger(),[01;35m[K"motor1 : %d, motorw : %d"[m[K,msg->m1,[32m[Kmsg->m2[m[K);
[3.879s]       |                                        [01;35m[K^~~~~~~~~~~~~~~~~~~~~~~~~~[m[K         [32m[K~~~~~~~[m[K
[3.879s]       |                                                                                [32m[K|[m[K
[3.879s]       |                                                                                [32m[Kmotor_interface::msg::Motor_<std::allocator<void> >::_m2_type {aka long int}[m[K
[3.879s] [01m[K/home/kcw/capstone_ws/ros2/src/manipulator/src/motor.cpp:46:64:[m[K [01;36m[Knote: [m[Kformat string is defined here
[3.879s]    46 |         RCLCPP_INFO(this->get_logger(),"motor1 : %d, motorw : [01;36m[K%d[m[K",msg->m1,msg->m2);
[3.879s]       |                                                               [01;36m[K~^[m[K
[3.879s]       |                                                                [01;36m[K|[m[K
[3.879s]       |                                                                [01;36m[Kint[m[K
[3.879s]       |                                                               [32m[K%ld[m[K
[4.286s] gmake[2]: *** [CMakeFiles/manipulator_run.dir/build.make:76: CMakeFiles/manipulator_run.dir/src/motor.cpp.o] Error 1
[4.286s] gmake[1]: *** [CMakeFiles/Makefile2:193: CMakeFiles/manipulator_run.dir/all] Error 2
[4.286s] gmake: *** [Makefile:146: all] Error 2
[4.291s] Invoked command in '/home/kcw/capstone_ws/ros2/src/manipulator/build/manipulator' returned '2': CMAKE_PREFIX_PATH=${CMAKE_PREFIX_PATH}:/opt/ros/humble /home/kcw/.local/bin/cmake --build /home/kcw/capstone_ws/ros2/src/manipulator/build/manipulator -- -j8 -l8
