[0.011s] Invoking command in '/home/kcw/capstone_ws/2024CapstoneDesign/ros2/src/manipulator/build/manipulator': CMAKE_PREFIX_PATH=${CMAKE_PREFIX_PATH}:/home/kcw/capstone_ws/ros2/src/manipulator/install/manipulator:/opt/ros/humble /home/kcw/.local/bin/cmake --build /home/kcw/capstone_ws/2024CapstoneDesign/ros2/src/manipulator/build/manipulator -- -j8 -l8
[0.063s] [ 61%] Built target manipulator_write
[0.063s] [ 61%] Built target manipulator_read
[0.072s] [ 69%] [32mBuilding CXX object CMakeFiles/manipulator_run.dir/src/motor.cpp.o[0m
[2.456s] [01m[K/home/kcw/capstone_ws/2024CapstoneDesign/ros2/src/manipulator/src/motor.cpp:[m[K In function ‘[01m[Kint main(int, char**)[m[K’:
[2.457s] [01m[K/home/kcw/capstone_ws/2024CapstoneDesign/ros2/src/manipulator/src/motor.cpp:125:27:[m[K [01;35m[Kwarning: [m[KISO C++ forbids converting a string constant to ‘[01m[Kchar*[m[K’ [[01;35m[K]8;;https://gcc.gnu.org/onlinedocs/gcc/Warning-Options.html#index-Wwrite-strings-Wwrite-strings]8;;[m[K]
[2.457s]   125 |     if(openSerialPort(&fd,[01;35m[K"/dev/u2d2"[m[K)==-1) return -1;
[2.457s]       |                           [01;35m[K^~~~~~~~~~~[m[K
[7.567s] [ 76%] [32m[1mLinking CXX executable manipulator_run[0m
[7.928s] [100%] Built target manipulator_run
[7.938s] Invoked command in '/home/kcw/capstone_ws/2024CapstoneDesign/ros2/src/manipulator/build/manipulator' returned '0': CMAKE_PREFIX_PATH=${CMAKE_PREFIX_PATH}:/home/kcw/capstone_ws/ros2/src/manipulator/install/manipulator:/opt/ros/humble /home/kcw/.local/bin/cmake --build /home/kcw/capstone_ws/2024CapstoneDesign/ros2/src/manipulator/build/manipulator -- -j8 -l8
[8.018s] Invoking command in '/home/kcw/capstone_ws/2024CapstoneDesign/ros2/src/manipulator/build/manipulator': CMAKE_PREFIX_PATH=${CMAKE_PREFIX_PATH}:/home/kcw/capstone_ws/ros2/src/manipulator/install/manipulator:/opt/ros/humble /home/kcw/.local/bin/cmake --install /home/kcw/capstone_ws/2024CapstoneDesign/ros2/src/manipulator/build/manipulator
[8.043s] -- Install configuration: ""
[8.043s] -- Up-to-date: /home/kcw/capstone_ws/2024CapstoneDesign/ros2/src/manipulator/install/manipulator/lib/manipulator/manipulator_write
[8.044s] -- Up-to-date: /home/kcw/capstone_ws/2024CapstoneDesign/ros2/src/manipulator/install/manipulator/lib/manipulator/manipulator_read
[8.044s] -- Installing: /home/kcw/capstone_ws/2024CapstoneDesign/ros2/src/manipulator/install/manipulator/lib/manipulator/manipulator_run
[8.050s] -- Set runtime path of "/home/kcw/capstone_ws/2024CapstoneDesign/ros2/src/manipulator/install/manipulator/lib/manipulator/manipulator_run" to ""
[8.051s] -- Up-to-date: /home/kcw/capstone_ws/2024CapstoneDesign/ros2/src/manipulator/install/manipulator/share/ament_index/resource_index/package_run_dependencies/manipulator
[8.051s] -- Up-to-date: /home/kcw/capstone_ws/2024CapstoneDesign/ros2/src/manipulator/install/manipulator/share/ament_index/resource_index/parent_prefix_path/manipulator
[8.051s] -- Up-to-date: /home/kcw/capstone_ws/2024CapstoneDesign/ros2/src/manipulator/install/manipulator/share/manipulator/environment/ament_prefix_path.sh
[8.051s] -- Up-to-date: /home/kcw/capstone_ws/2024CapstoneDesign/ros2/src/manipulator/install/manipulator/share/manipulator/environment/ament_prefix_path.dsv
[8.051s] -- Up-to-date: /home/kcw/capstone_ws/2024CapstoneDesign/ros2/src/manipulator/install/manipulator/share/manipulator/environment/path.sh
[8.051s] -- Up-to-date: /home/kcw/capstone_ws/2024CapstoneDesign/ros2/src/manipulator/install/manipulator/share/manipulator/environment/path.dsv
[8.051s] -- Up-to-date: /home/kcw/capstone_ws/2024CapstoneDesign/ros2/src/manipulator/install/manipulator/share/manipulator/local_setup.bash
[8.051s] -- Up-to-date: /home/kcw/capstone_ws/2024CapstoneDesign/ros2/src/manipulator/install/manipulator/share/manipulator/local_setup.sh
[8.051s] -- Up-to-date: /home/kcw/capstone_ws/2024CapstoneDesign/ros2/src/manipulator/install/manipulator/share/manipulator/local_setup.zsh
[8.051s] -- Up-to-date: /home/kcw/capstone_ws/2024CapstoneDesign/ros2/src/manipulator/install/manipulator/share/manipulator/local_setup.dsv
[8.051s] -- Installing: /home/kcw/capstone_ws/2024CapstoneDesign/ros2/src/manipulator/install/manipulator/share/manipulator/package.dsv
[8.051s] -- Up-to-date: /home/kcw/capstone_ws/2024CapstoneDesign/ros2/src/manipulator/install/manipulator/share/ament_index/resource_index/packages/manipulator
[8.051s] -- Up-to-date: /home/kcw/capstone_ws/2024CapstoneDesign/ros2/src/manipulator/install/manipulator/share/manipulator/cmake/manipulatorConfig.cmake
[8.052s] -- Up-to-date: /home/kcw/capstone_ws/2024CapstoneDesign/ros2/src/manipulator/install/manipulator/share/manipulator/cmake/manipulatorConfig-version.cmake
[8.052s] -- Up-to-date: /home/kcw/capstone_ws/2024CapstoneDesign/ros2/src/manipulator/install/manipulator/share/manipulator/package.xml
[8.057s] Invoked command in '/home/kcw/capstone_ws/2024CapstoneDesign/ros2/src/manipulator/build/manipulator' returned '0': CMAKE_PREFIX_PATH=${CMAKE_PREFIX_PATH}:/home/kcw/capstone_ws/ros2/src/manipulator/install/manipulator:/opt/ros/humble /home/kcw/.local/bin/cmake --install /home/kcw/capstone_ws/2024CapstoneDesign/ros2/src/manipulator/build/manipulator
