[0.349s] DEBUG:colcon:Command line arguments: ['/usr/bin/colcon', 'build']
[0.349s] DEBUG:colcon:Parsed command line arguments: Namespace(log_base=None, log_level=None, verb_name='build', build_base='build', install_base='install', merge_install=False, symlink_install=False, test_result_base=None, continue_on_error=False, executor='parallel', parallel_workers=8, event_handlers=None, ignore_user_meta=False, metas=['./colcon.meta'], base_paths=['.'], packages_ignore=None, packages_ignore_regex=None, paths=None, packages_up_to=None, packages_up_to_regex=None, packages_above=None, packages_above_and_dependencies=None, packages_above_depth=None, packages_select_by_dep=None, packages_skip_by_dep=None, packages_skip_up_to=None, packages_select_build_failed=False, packages_skip_build_finished=False, packages_select_test_failures=False, packages_skip_test_passed=False, packages_select=None, packages_skip=None, packages_select_regex=None, packages_skip_regex=None, packages_start=None, packages_end=None, allow_overriding=[], cmake_args=None, cmake_target=None, cmake_target_skip_unavailable=False, cmake_clean_cache=False, cmake_clean_first=False, cmake_force_configure=False, ament_cmake_args=None, catkin_cmake_args=None, catkin_skip_building_tests=False, verb_parser=<colcon_defaults.argument_parser.defaults.DefaultArgumentsDecorator object at 0x7f3cf4b58130>, verb_extension=<colcon_core.verb.build.BuildVerb object at 0x7f3cf4b1fb80>, main=<bound method BuildVerb.main of <colcon_core.verb.build.BuildVerb object at 0x7f3cf4b1fb80>>)
[0.372s] Level 1:colcon.colcon_core.package_discovery:discover_packages(colcon_meta) check parameters
[0.372s] Level 1:colcon.colcon_core.package_discovery:discover_packages(recursive) check parameters
[0.372s] Level 1:colcon.colcon_core.package_discovery:discover_packages(ignore) check parameters
[0.372s] Level 1:colcon.colcon_core.package_discovery:discover_packages(path) check parameters
[0.372s] Level 1:colcon.colcon_core.package_discovery:discover_packages(colcon_meta) discover
[0.372s] Level 1:colcon.colcon_core.package_discovery:discover_packages(recursive) discover
[0.372s] INFO:colcon.colcon_core.package_discovery:Crawling recursively for packages in '/home/kcw/capstone_ws/ros2/src/manipulator'
[0.373s] Level 1:colcon.colcon_core.package_identification:_identify(.) by extensions ['ignore', 'ignore_ament_install']
[0.373s] Level 1:colcon.colcon_core.package_identification:_identify(.) by extension 'ignore'
[0.373s] Level 1:colcon.colcon_core.package_identification:_identify(.) by extension 'ignore_ament_install'
[0.373s] Level 1:colcon.colcon_core.package_identification:_identify(.) by extensions ['colcon_pkg']
[0.373s] Level 1:colcon.colcon_core.package_identification:_identify(.) by extension 'colcon_pkg'
[0.373s] Level 1:colcon.colcon_core.package_identification:_identify(.) by extensions ['colcon_meta']
[0.373s] Level 1:colcon.colcon_core.package_identification:_identify(.) by extension 'colcon_meta'
[0.373s] Level 1:colcon.colcon_core.package_identification:_identify(.) by extensions ['ros']
[0.373s] Level 1:colcon.colcon_core.package_identification:_identify(.) by extension 'ros'
[0.383s] DEBUG:colcon.colcon_core.package_identification:Package '.' with type 'ros.ament_cmake' and name 'manipulator'
[0.383s] Level 1:colcon.colcon_core.package_discovery:discover_packages(recursive) using defaults
[0.384s] Level 1:colcon.colcon_core.package_discovery:discover_packages(ignore) discover
[0.384s] Level 1:colcon.colcon_core.package_discovery:discover_packages(ignore) using defaults
[0.384s] Level 1:colcon.colcon_core.package_discovery:discover_packages(path) discover
[0.384s] Level 1:colcon.colcon_core.package_discovery:discover_packages(path) using defaults
[0.406s] Level 1:colcon.colcon_core.package_discovery:discover_packages(prefix_path) check parameters
[0.406s] Level 1:colcon.colcon_core.package_discovery:discover_packages(prefix_path) discover
[0.409s] DEBUG:colcon.colcon_installed_package_information.package_discovery:Found 1 installed packages in /home/kcw/capstone_ws/ros2/src/motor_interface/install
[0.411s] DEBUG:colcon.colcon_installed_package_information.package_discovery:Found 1 installed packages in /home/kcw/capstone_ws/ros2/src/manipulator/install
[0.413s] DEBUG:colcon.colcon_installed_package_information.package_discovery:Found 368 installed packages in /opt/ros/humble
[0.415s] Level 1:colcon.colcon_core.package_discovery:discover_packages(prefix_path) using defaults
[0.471s] Level 5:colcon.colcon_core.verb:set package 'manipulator' build argument 'cmake_args' from command line to 'None'
[0.471s] Level 5:colcon.colcon_core.verb:set package 'manipulator' build argument 'cmake_target' from command line to 'None'
[0.471s] Level 5:colcon.colcon_core.verb:set package 'manipulator' build argument 'cmake_target_skip_unavailable' from command line to 'False'
[0.471s] Level 5:colcon.colcon_core.verb:set package 'manipulator' build argument 'cmake_clean_cache' from command line to 'False'
[0.471s] Level 5:colcon.colcon_core.verb:set package 'manipulator' build argument 'cmake_clean_first' from command line to 'False'
[0.471s] Level 5:colcon.colcon_core.verb:set package 'manipulator' build argument 'cmake_force_configure' from command line to 'False'
[0.471s] Level 5:colcon.colcon_core.verb:set package 'manipulator' build argument 'ament_cmake_args' from command line to 'None'
[0.472s] Level 5:colcon.colcon_core.verb:set package 'manipulator' build argument 'catkin_cmake_args' from command line to 'None'
[0.472s] Level 5:colcon.colcon_core.verb:set package 'manipulator' build argument 'catkin_skip_building_tests' from command line to 'False'
[0.472s] DEBUG:colcon.colcon_core.verb:Building package 'manipulator' with the following arguments: {'ament_cmake_args': None, 'build_base': '/home/kcw/capstone_ws/ros2/src/manipulator/build/manipulator', 'catkin_cmake_args': None, 'catkin_skip_building_tests': False, 'cmake_args': None, 'cmake_clean_cache': False, 'cmake_clean_first': False, 'cmake_force_configure': False, 'cmake_target': None, 'cmake_target_skip_unavailable': False, 'install_base': '/home/kcw/capstone_ws/ros2/src/manipulator/install/manipulator', 'merge_install': False, 'path': '/home/kcw/capstone_ws/ros2/src/manipulator', 'symlink_install': False, 'test_result_base': None}
[0.473s] INFO:colcon.colcon_core.executor:Executing jobs using 'parallel' executor
[0.479s] DEBUG:colcon.colcon_parallel_executor.executor.parallel:run_until_complete
[0.479s] INFO:colcon.colcon_ros.task.ament_cmake.build:Building ROS package in '/home/kcw/capstone_ws/ros2/src/manipulator' with build type 'ament_cmake'
[0.479s] INFO:colcon.colcon_cmake.task.cmake.build:Building CMake package in '/home/kcw/capstone_ws/ros2/src/manipulator'
[0.484s] INFO:colcon.colcon_core.plugin_system:Skipping extension 'colcon_core.shell.bat': Not used on non-Windows systems
[0.484s] INFO:colcon.colcon_core.shell:Skip shell extension 'powershell' for command environment: Not usable outside of PowerShell
[0.484s] DEBUG:colcon.colcon_core.shell:Skip shell extension 'dsv' for command environment
[0.497s] DEBUG:colcon.colcon_core.event_handler.log_command:Invoking command in '/home/kcw/capstone_ws/ros2/src/manipulator/build/manipulator': CMAKE_PREFIX_PATH=${CMAKE_PREFIX_PATH}:/opt/ros/humble /home/kcw/.local/bin/cmake --build /home/kcw/capstone_ws/ros2/src/manipulator/build/manipulator -- -j8 -l8
[7.518s] DEBUG:colcon.colcon_core.event_handler.log_command:Invoked command in '/home/kcw/capstone_ws/ros2/src/manipulator/build/manipulator' returned '2': CMAKE_PREFIX_PATH=${CMAKE_PREFIX_PATH}:/opt/ros/humble /home/kcw/.local/bin/cmake --build /home/kcw/capstone_ws/ros2/src/manipulator/build/manipulator -- -j8 -l8
[7.565s] Level 1:colcon.colcon_core.environment:create_environment_scripts_only(manipulator)
[7.571s] Level 1:colcon.colcon_core.environment:checking '/home/kcw/capstone_ws/ros2/src/manipulator/install/manipulator' for CMake module files
[7.571s] Level 1:colcon.colcon_core.environment:checking '/home/kcw/capstone_ws/ros2/src/manipulator/install/manipulator' for CMake config files
[7.571s] Level 1:colcon.colcon_core.shell:create_environment_hook('manipulator', 'cmake_prefix_path')
[7.574s] INFO:colcon.colcon_core.shell:Creating environment hook '/home/kcw/capstone_ws/ros2/src/manipulator/install/manipulator/share/manipulator/hook/cmake_prefix_path.ps1'
[7.574s] INFO:colcon.colcon_core.shell:Creating environment descriptor '/home/kcw/capstone_ws/ros2/src/manipulator/install/manipulator/share/manipulator/hook/cmake_prefix_path.dsv'
[7.575s] INFO:colcon.colcon_core.shell:Creating environment hook '/home/kcw/capstone_ws/ros2/src/manipulator/install/manipulator/share/manipulator/hook/cmake_prefix_path.sh'
[7.576s] Level 1:colcon.colcon_core.environment:checking '/home/kcw/capstone_ws/ros2/src/manipulator/install/manipulator/lib'
[7.576s] Level 1:colcon.colcon_core.environment:checking '/home/kcw/capstone_ws/ros2/src/manipulator/install/manipulator/bin'
[7.576s] Level 1:colcon.colcon_core.environment:checking '/home/kcw/capstone_ws/ros2/src/manipulator/install/manipulator/lib/pkgconfig/manipulator.pc'
[7.576s] Level 1:colcon.colcon_core.environment:checking '/home/kcw/capstone_ws/ros2/src/manipulator/install/manipulator/lib/python3.10/site-packages'
[7.576s] Level 1:colcon.colcon_core.environment:checking '/home/kcw/capstone_ws/ros2/src/manipulator/install/manipulator/bin'
[7.579s] INFO:colcon.colcon_core.shell:Creating package script '/home/kcw/capstone_ws/ros2/src/manipulator/install/manipulator/share/manipulator/package.ps1'
[7.580s] INFO:colcon.colcon_core.shell:Creating package descriptor '/home/kcw/capstone_ws/ros2/src/manipulator/install/manipulator/share/manipulator/package.dsv'
[7.580s] INFO:colcon.colcon_core.shell:Creating package script '/home/kcw/capstone_ws/ros2/src/manipulator/install/manipulator/share/manipulator/package.sh'
[7.581s] INFO:colcon.colcon_core.shell:Creating package script '/home/kcw/capstone_ws/ros2/src/manipulator/install/manipulator/share/manipulator/package.bash'
[7.581s] INFO:colcon.colcon_core.shell:Creating package script '/home/kcw/capstone_ws/ros2/src/manipulator/install/manipulator/share/manipulator/package.zsh'
[7.582s] Level 1:colcon.colcon_core.environment:create_file_with_runtime_dependencies(/home/kcw/capstone_ws/ros2/src/manipulator/install/manipulator/share/colcon-core/packages/manipulator)
[7.592s] DEBUG:colcon.colcon_parallel_executor.executor.parallel:closing loop
[7.593s] DEBUG:colcon.colcon_parallel_executor.executor.parallel:loop closed
[7.593s] DEBUG:colcon.colcon_parallel_executor.executor.parallel:run_until_complete finished with '2'
[7.593s] DEBUG:colcon.colcon_core.event_reactor:joining thread
[7.597s] INFO:colcon.colcon_core.plugin_system:Skipping extension 'colcon_notification.desktop_notification.terminal_notifier': Not used on non-Darwin systems
[7.597s] INFO:colcon.colcon_core.plugin_system:Skipping extension 'colcon_notification.desktop_notification.win32': Not used on non-Windows systems
[7.597s] INFO:colcon.colcon_notification.desktop_notification:Sending desktop notification using 'notify2'
[7.608s] DEBUG:colcon.colcon_core.event_reactor:joined thread
[7.611s] INFO:colcon.colcon_core.shell:Creating prefix script '/home/kcw/capstone_ws/ros2/src/manipulator/install/local_setup.ps1'
[7.612s] INFO:colcon.colcon_core.shell:Creating prefix util module '/home/kcw/capstone_ws/ros2/src/manipulator/install/_local_setup_util_ps1.py'
[7.613s] INFO:colcon.colcon_core.shell:Creating prefix chain script '/home/kcw/capstone_ws/ros2/src/manipulator/install/setup.ps1'
[7.615s] INFO:colcon.colcon_core.shell:Creating prefix script '/home/kcw/capstone_ws/ros2/src/manipulator/install/local_setup.sh'
[7.616s] INFO:colcon.colcon_core.shell:Creating prefix util module '/home/kcw/capstone_ws/ros2/src/manipulator/install/_local_setup_util_sh.py'
[7.616s] INFO:colcon.colcon_core.shell:Creating prefix chain script '/home/kcw/capstone_ws/ros2/src/manipulator/install/setup.sh'
[7.618s] INFO:colcon.colcon_core.shell:Creating prefix script '/home/kcw/capstone_ws/ros2/src/manipulator/install/local_setup.bash'
[7.618s] INFO:colcon.colcon_core.shell:Creating prefix chain script '/home/kcw/capstone_ws/ros2/src/manipulator/install/setup.bash'
[7.620s] INFO:colcon.colcon_core.shell:Creating prefix script '/home/kcw/capstone_ws/ros2/src/manipulator/install/local_setup.zsh'
[7.620s] INFO:colcon.colcon_core.shell:Creating prefix chain script '/home/kcw/capstone_ws/ros2/src/manipulator/install/setup.zsh'
