[0.011s] Invoking command in '/home/kcw/capstone_ws/2024CapstoneDesign/ros2/src/manipulator/build/manipulator': CMAKE_PREFIX_PATH=${CMAKE_PREFIX_PATH}:/home/kcw/capstone_ws/ros2/src/manipulator/install/manipulator:/opt/ros/humble /home/kcw/.local/bin/cmake /home/kcw/capstone_ws/2024CapstoneDesign/ros2/src/manipulator -DCMAKE_INSTALL_PREFIX=/home/kcw/capstone_ws/2024CapstoneDesign/ros2/src/manipulator/install/manipulator
[0.203s] -- The C compiler identification is GNU 11.4.0
[0.305s] -- The CXX compiler identification is GNU 11.4.0
[0.331s] -- Detecting C compiler ABI info
[0.400s] -- Detecting C compiler ABI info - done
[0.414s] -- Check for working C compiler: /usr/bin/cc - skipped
[0.415s] -- Detecting C compile features
[0.416s] -- Detecting C compile features - done
[0.425s] -- Detecting CXX compiler ABI info
[0.503s] -- Detecting CXX compiler ABI info - done
[0.517s] -- Check for working CXX compiler: /usr/bin/c++ - skipped
[0.518s] -- Detecting CXX compile features
[0.519s] -- Detecting CXX compile features - done
[0.526s] -- Found ament_cmake: 1.3.8 (/opt/ros/humble/share/ament_cmake/cmake)
[0.666s] -- Found Python3: /usr/bin/python3 (found version "3.10.12") found components: Interpreter 
[0.767s] -- Found rclcpp: 16.0.8 (/opt/ros/humble/share/rclcpp/cmake)
[0.830s] -- Found rosidl_generator_c: 3.1.5 (/opt/ros/humble/share/rosidl_generator_c/cmake)
[0.838s] -- Found rosidl_adapter: 3.1.5 (/opt/ros/humble/share/rosidl_adapter/cmake)
[0.850s] -- Found rosidl_generator_cpp: 3.1.5 (/opt/ros/humble/share/rosidl_generator_cpp/cmake)
[0.871s] -- Using all available rosidl_typesupport_c: rosidl_typesupport_fastrtps_c;rosidl_typesupport_introspection_c
[0.899s] -- Using all available rosidl_typesupport_cpp: rosidl_typesupport_fastrtps_cpp;rosidl_typesupport_introspection_cpp
[0.995s] -- Found rmw_implementation_cmake: 6.1.1 (/opt/ros/humble/share/rmw_implementation_cmake/cmake)
[0.999s] -- Found rmw_fastrtps_cpp: 6.2.6 (/opt/ros/humble/share/rmw_fastrtps_cpp/cmake)
[1.109s] -- Found OpenSSL: /usr/lib/x86_64-linux-gnu/libcrypto.so (found version "3.0.2")  
[1.146s] -- Found FastRTPS: /opt/ros/humble/include  
[1.207s] -- Using RMW implementation 'rmw_fastrtps_cpp' as default
[1.222s] -- Performing Test CMAKE_HAVE_LIBC_PTHREAD
[1.286s] -- Performing Test CMAKE_HAVE_LIBC_PTHREAD - Success
[1.287s] -- Found Threads: TRUE  
[1.573s] -- Found motor_interface: 0.0.0 (/home/kcw/capstone_ws/2024CapstoneDesign/ros2/src/motor_interface/install/motor_interface/share/motor_interface/cmake)
[1.618s] [31mCMake Error at CMakeLists.txt:40 (find_package):
[1.618s]   By not providing "Findament_lint_auto.cmake" in CMAKE_MODULE_PATH this
[1.618s]   project has asked CMake to find a package configuration file provided by
[1.618s]   "ament_lint_auto", but CMake did not find one.
[1.618s] 
[1.618s]   Could not find a package configuration file provided by "ament_lint_auto"
[1.618s]   with any of the following names:
[1.618s] 
[1.618s]     ament_lint_autoConfig.cmake
[1.619s]     ament_lint_auto-config.cmake
[1.619s] 
[1.619s]   Add the installation prefix of "ament_lint_auto" to CMAKE_PREFIX_PATH or
[1.619s]   set "ament_lint_auto_DIR" to a directory containing one of the above files.
[1.619s]   If "ament_lint_auto" provides a separate development package or SDK, be
[1.619s]   sure it has been installed.
[1.619s] 
[1.619s] [0m
[1.619s] -- Configuring incomplete, errors occurred!
[1.634s] Invoked command in '/home/kcw/capstone_ws/2024CapstoneDesign/ros2/src/manipulator/build/manipulator' returned '1': CMAKE_PREFIX_PATH=${CMAKE_PREFIX_PATH}:/home/kcw/capstone_ws/ros2/src/manipulator/install/manipulator:/opt/ros/humble /home/kcw/.local/bin/cmake /home/kcw/capstone_ws/2024CapstoneDesign/ros2/src/manipulator -DCMAKE_INSTALL_PREFIX=/home/kcw/capstone_ws/2024CapstoneDesign/ros2/src/manipulator/install/manipulator
