[ 50%] Built target manipulator_read
[ 62%] [32mBuilding CXX object CMakeFiles/manipulator_write.dir/src/pathW.cpp.o[0m
[01m[K/home/kcw/capstone_ws/ros2/src/manipulator/src/pathW.cpp:[m[K In member function ‘[01m[Kvoid Manipulator::timer_callback()[m[K’:
[01m[K/home/kcw/capstone_ws/ros2/src/manipulator/src/pathW.cpp:74:28:[m[K [01;31m[Kerror: [m[Kcannot convert ‘[01m[Krclcpp::Publisher<motor_interface::msg::Motor_<std::allocator<void> > >::SharedPtr[m[K’ {aka ‘[01m[Kstd::shared_ptr<rclcpp::Publisher<motor_interface::msg::Motor_<std::allocator<void> > > >[m[K’} to ‘[01m[Kint*[m[K’
   74 |         dataTransform(buf, [01;31m[Kmotor[m[K, motor_num);
      |                            [01;31m[K^~~~~[m[K
      |                            [01;31m[K|[m[K
      |                            [01;31m[Krclcpp::Publisher<motor_interface::msg::Motor_<std::allocator<void> > >::SharedPtr {aka std::shared_ptr<rclcpp::Publisher<motor_interface::msg::Motor_<std::allocator<void> > > >}[m[K
In file included from [01m[K/home/kcw/capstone_ws/ros2/src/manipulator/src/pathW.cpp:27[m[K:
[01m[K/home/kcw/capstone_ws/ros2/src/manipulator/src/pathRW.hpp:23:37:[m[K [01;36m[Knote: [m[K  initializing argument 2 of ‘[01m[Kvoid dataTransform(char*, int*, int)[m[K’
   23 | void dataTransform(char *data, [01;36m[Kint *out[m[K, int motor_num);
      |                                [01;36m[K~~~~~^~~[m[K
[01m[K/home/kcw/capstone_ws/ros2/src/manipulator/src/pathW.cpp:84:25:[m[K [01;31m[Kerror: [m[Kno match for ‘[01m[Koperator[][m[K’ (operand types are ‘[01m[Krclcpp::Publisher<motor_interface::msg::Motor_<std::allocator<void> > >::SharedPtr[m[K’ {aka ‘[01m[Kstd::shared_ptr<rclcpp::Publisher<motor_interface::msg::Motor_<std::allocator<void> > > >[m[K’} and ‘[01m[Kint[m[K’)
   84 |         Motor.m1 = motor[01;31m[K[[m[K0]; Motor.m2 = motor[1];
      |                         [01;31m[K^[m[K
[01m[K/home/kcw/capstone_ws/ros2/src/manipulator/src/pathW.cpp:84:46:[m[K [01;31m[Kerror: [m[Kno match for ‘[01m[Koperator[][m[K’ (operand types are ‘[01m[Krclcpp::Publisher<motor_interface::msg::Motor_<std::allocator<void> > >::SharedPtr[m[K’ {aka ‘[01m[Kstd::shared_ptr<rclcpp::Publisher<motor_interface::msg::Motor_<std::allocator<void> > > >[m[K’} and ‘[01m[Kint[m[K’)
   84 |         Motor.m1 = motor[0]; Motor.m2 = motor[01;31m[K[[m[K1];
      |                                              [01;31m[K^[m[K
[01m[K/home/kcw/capstone_ws/ros2/src/manipulator/src/pathW.cpp:85:25:[m[K [01;31m[Kerror: [m[Kno match for ‘[01m[Koperator[][m[K’ (operand types are ‘[01m[Krclcpp::Publisher<motor_interface::msg::Motor_<std::allocator<void> > >::SharedPtr[m[K’ {aka ‘[01m[Kstd::shared_ptr<rclcpp::Publisher<motor_interface::msg::Motor_<std::allocator<void> > > >[m[K’} and ‘[01m[Kint[m[K’)
   85 |         Motor.m3 = motor[01;31m[K[[m[K2]; Motor.m4 = motor[3];
      |                         [01;31m[K^[m[K
[01m[K/home/kcw/capstone_ws/ros2/src/manipulator/src/pathW.cpp:85:46:[m[K [01;31m[Kerror: [m[Kno match for ‘[01m[Koperator[][m[K’ (operand types are ‘[01m[Krclcpp::Publisher<motor_interface::msg::Motor_<std::allocator<void> > >::SharedPtr[m[K’ {aka ‘[01m[Kstd::shared_ptr<rclcpp::Publisher<motor_interface::msg::Motor_<std::allocator<void> > > >[m[K’} and ‘[01m[Kint[m[K’)
   85 |         Motor.m3 = motor[2]; Motor.m4 = motor[01;31m[K[[m[K3];
      |                                              [01;31m[K^[m[K
[01m[K/home/kcw/capstone_ws/ros2/src/manipulator/src/pathW.cpp:[m[K In function ‘[01m[Kint main(int, char**)[m[K’:
[01m[K/home/kcw/capstone_ws/ros2/src/manipulator/src/pathW.cpp:109:27:[m[K [01;35m[Kwarning: [m[KISO C++ forbids converting a string constant to ‘[01m[Kchar*[m[K’ [[01;35m[K]8;;https://gcc.gnu.org/onlinedocs/gcc/Warning-Options.html#index-Wwrite-strings-Wwrite-strings]8;;[m[K]
  109 |     if(openSerialPort(&fd,[01;35m[K"/dev/arduinoMega"[m[K)==-1) rclcpp::shutdown();
      |                           [01;35m[K^~~~~~~~~~~~~~~~~~[m[K
gmake[2]: *** [CMakeFiles/manipulator_write.dir/build.make:76: CMakeFiles/manipulator_write.dir/src/pathW.cpp.o] Error 1
gmake[1]: *** [CMakeFiles/Makefile2:139: CMakeFiles/manipulator_write.dir/all] Error 2
gmake: *** [Makefile:146: all] Error 2
