[0.024s] Invoking command in '/home/kcw/capstone_ws/ros2/src/manipulator/build/manipulator': CMAKE_PREFIX_PATH=${CMAKE_PREFIX_PATH}:/opt/ros/humble /home/kcw/.local/bin/cmake --build /home/kcw/capstone_ws/ros2/src/manipulator/build/manipulator -- -j8 -l8
[0.070s] [ 40%] Built target manipulator_write
[0.072s] [ 80%] Built target manipulator_read
[0.078s] [ 90%] [32mBuilding CXX object CMakeFiles/manipulator_run.dir/src/motor.cpp.o[0m
[2.193s] [01m[K/home/kcw/capstone_ws/ros2/src/manipulator/src/motor.cpp:[m[K In member function ‘[01m[Kvoid Manipulator::sub_callback(motor_interface::msg::Motor_<std::allocator<void> >::SharedPtr)[m[K’:
[2.193s] [01m[K/home/kcw/capstone_ws/ros2/src/manipulator/src/motor.cpp:51:62:[m[K [01;35m[Kwarning: [m[Kunused parameter ‘[01m[Kmsg[m[K’ [[01;35m[K]8;;https://gcc.gnu.org/onlinedocs/gcc/Warning-Options.html#index-Wunused-parameter-Wunused-parameter]8;;[m[K]
[2.193s]    51 |     void sub_callback([01;35m[Kmotor_interface::msg::Motor::SharedPtr msg[m[K)
[2.193s]       |                       [01;35m[K~~~~~~~~~~~~~~~~~~~~~~~~~~~~~~~~~~~~~~~^~~[m[K
[2.195s] [01m[K/home/kcw/capstone_ws/ros2/src/manipulator/src/motor.cpp:[m[K In function ‘[01m[Kint main(int, char**)[m[K’:
[2.195s] [01m[K/home/kcw/capstone_ws/ros2/src/manipulator/src/motor.cpp:72:24:[m[K [01;35m[Kwarning: [m[KISO C++ forbids converting a string constant to ‘[01m[Kchar*[m[K’ [[01;35m[K]8;;https://gcc.gnu.org/onlinedocs/gcc/Warning-Options.html#index-Wwrite-strings-Wwrite-strings]8;;[m[K]
[2.195s]    72 |     openSerialPort(&fd,[01;35m[K"/dev/arduinoMega"[m[K);
[2.195s]       |                        [01;35m[K^~~~~~~~~~~~~~~~~~[m[K
[6.918s] [100%] [32m[1mLinking CXX executable manipulator_run[0m
[7.195s] /usr/bin/ld: CMakeFiles/manipulator_run.dir/src/motor.cpp.o: in function `main':
[7.195s] motor.cpp:(.text+0x15f): undefined reference to `openSerialPort(int*, char*)'
[7.196s] /usr/bin/ld: motor.cpp:(.text+0x178): undefined reference to `serialSetting(int*, termios&)'
[7.236s] collect2: error: ld returned 1 exit status
[7.237s] gmake[2]: *** [CMakeFiles/manipulator_run.dir/build.make:167: manipulator_run] Error 1
[7.237s] gmake[1]: *** [CMakeFiles/Makefile2:193: CMakeFiles/manipulator_run.dir/all] Error 2
[7.237s] gmake: *** [Makefile:146: all] Error 2
[7.243s] Invoked command in '/home/kcw/capstone_ws/ros2/src/manipulator/build/manipulator' returned '2': CMAKE_PREFIX_PATH=${CMAKE_PREFIX_PATH}:/opt/ros/humble /home/kcw/.local/bin/cmake --build /home/kcw/capstone_ws/ros2/src/manipulator/build/manipulator -- -j8 -l8
