[0.212s] DEBUG:colcon:Command line arguments: ['/usr/bin/colcon', 'build']
[0.212s] DEBUG:colcon:Parsed command line arguments: Namespace(log_base=None, log_level=None, verb_name='build', build_base='build', install_base='install', merge_install=False, symlink_install=False, test_result_base=None, continue_on_error=False, executor='parallel', parallel_workers=8, event_handlers=None, ignore_user_meta=False, metas=['./colcon.meta'], base_paths=['.'], packages_ignore=None, packages_ignore_regex=None, paths=None, packages_up_to=None, packages_up_to_regex=None, packages_above=None, packages_above_and_dependencies=None, packages_above_depth=None, packages_select_by_dep=None, packages_skip_by_dep=None, packages_skip_up_to=None, packages_select_build_failed=False, packages_skip_build_finished=False, packages_select_test_failures=False, packages_skip_test_passed=False, packages_select=None, packages_skip=None, packages_select_regex=None, packages_skip_regex=None, packages_start=None, packages_end=None, allow_overriding=[], cmake_args=None, cmake_target=None, cmake_target_skip_unavailable=False, cmake_clean_cache=False, cmake_clean_first=False, cmake_force_configure=False, ament_cmake_args=None, catkin_cmake_args=None, catkin_skip_building_tests=False, verb_parser=<colcon_defaults.argument_parser.defaults.DefaultArgumentsDecorator object at 0x7fc6bf01f940>, verb_extension=<colcon_core.verb.build.BuildVerb object at 0x7fc6befd57e0>, main=<bound method BuildVerb.main of <colcon_core.verb.build.BuildVerb object at 0x7fc6befd57e0>>)
[0.599s] Level 1:colcon.colcon_core.package_discovery:discover_packages(colcon_meta) check parameters
[0.600s] Level 1:colcon.colcon_core.package_discovery:discover_packages(recursive) check parameters
[0.600s] Level 1:colcon.colcon_core.package_discovery:discover_packages(ignore) check parameters
[0.600s] Level 1:colcon.colcon_core.package_discovery:discover_packages(path) check parameters
[0.600s] Level 1:colcon.colcon_core.package_discovery:discover_packages(colcon_meta) discover
[0.600s] Level 1:colcon.colcon_core.package_discovery:discover_packages(recursive) discover
[0.600s] INFO:colcon.colcon_core.package_discovery:Crawling recursively for packages in '/home/kcw/capstone_ws/2024CapstoneDesign/ros2/src/manipulator'
[0.600s] Level 1:colcon.colcon_core.package_identification:_identify(.) by extensions ['ignore', 'ignore_ament_install']
[0.601s] Level 1:colcon.colcon_core.package_identification:_identify(.) by extension 'ignore'
[0.601s] Level 1:colcon.colcon_core.package_identification:_identify(.) by extension 'ignore_ament_install'
[0.601s] Level 1:colcon.colcon_core.package_identification:_identify(.) by extensions ['colcon_pkg']
[0.601s] Level 1:colcon.colcon_core.package_identification:_identify(.) by extension 'colcon_pkg'
[0.601s] Level 1:colcon.colcon_core.package_identification:_identify(.) by extensions ['colcon_meta']
[0.601s] Level 1:colcon.colcon_core.package_identification:_identify(.) by extension 'colcon_meta'
[0.601s] Level 1:colcon.colcon_core.package_identification:_identify(.) by extensions ['ros']
[0.601s] Level 1:colcon.colcon_core.package_identification:_identify(.) by extension 'ros'
[0.631s] DEBUG:colcon.colcon_core.package_identification:Package '.' with type 'ros.ament_cmake' and name 'manipulator'
[0.631s] Level 1:colcon.colcon_core.package_discovery:discover_packages(recursive) using defaults
[0.631s] Level 1:colcon.colcon_core.package_discovery:discover_packages(ignore) discover
[0.631s] Level 1:colcon.colcon_core.package_discovery:discover_packages(ignore) using defaults
[0.631s] Level 1:colcon.colcon_core.package_discovery:discover_packages(path) discover
[0.631s] Level 1:colcon.colcon_core.package_discovery:discover_packages(path) using defaults
[0.674s] Level 1:colcon.colcon_core.package_discovery:discover_packages(prefix_path) check parameters
[0.674s] Level 1:colcon.colcon_core.package_discovery:discover_packages(prefix_path) discover
[0.678s] DEBUG:colcon.colcon_installed_package_information.package_discovery:Found 1 installed packages in /home/kcw/capstone_ws/2024CapstoneDesign/ros2/src/motor_interface/install
[0.679s] DEBUG:colcon.colcon_installed_package_information.package_discovery:Found 1 installed packages in /home/kcw/capstone_ws/ros2/src/manipulator/install
[0.679s] DEBUG:colcon.colcon_installed_package_information.package_discovery:Found 1 installed packages in /home/kcw/capstone_ws/2024CapstoneDesign/ros2/src/manipulator/install
[0.682s] DEBUG:colcon.colcon_installed_package_information.package_discovery:Found 358 installed packages in /opt/ros/humble
[0.685s] Level 1:colcon.colcon_core.package_discovery:discover_packages(prefix_path) using defaults
[0.770s] Level 5:colcon.colcon_core.verb:set package 'manipulator' build argument 'cmake_args' from command line to 'None'
[0.770s] Level 5:colcon.colcon_core.verb:set package 'manipulator' build argument 'cmake_target' from command line to 'None'
[0.771s] Level 5:colcon.colcon_core.verb:set package 'manipulator' build argument 'cmake_target_skip_unavailable' from command line to 'False'
[0.771s] Level 5:colcon.colcon_core.verb:set package 'manipulator' build argument 'cmake_clean_cache' from command line to 'False'
[0.771s] Level 5:colcon.colcon_core.verb:set package 'manipulator' build argument 'cmake_clean_first' from command line to 'False'
[0.771s] Level 5:colcon.colcon_core.verb:set package 'manipulator' build argument 'cmake_force_configure' from command line to 'False'
[0.771s] Level 5:colcon.colcon_core.verb:set package 'manipulator' build argument 'ament_cmake_args' from command line to 'None'
[0.771s] Level 5:colcon.colcon_core.verb:set package 'manipulator' build argument 'catkin_cmake_args' from command line to 'None'
[0.771s] Level 5:colcon.colcon_core.verb:set package 'manipulator' build argument 'catkin_skip_building_tests' from command line to 'False'
[0.771s] DEBUG:colcon.colcon_core.verb:Building package 'manipulator' with the following arguments: {'ament_cmake_args': None, 'build_base': '/home/kcw/capstone_ws/2024CapstoneDesign/ros2/src/manipulator/build/manipulator', 'catkin_cmake_args': None, 'catkin_skip_building_tests': False, 'cmake_args': None, 'cmake_clean_cache': False, 'cmake_clean_first': False, 'cmake_force_configure': False, 'cmake_target': None, 'cmake_target_skip_unavailable': False, 'install_base': '/home/kcw/capstone_ws/2024CapstoneDesign/ros2/src/manipulator/install/manipulator', 'merge_install': False, 'path': '/home/kcw/capstone_ws/2024CapstoneDesign/ros2/src/manipulator', 'symlink_install': False, 'test_result_base': None}
[0.771s] INFO:colcon.colcon_core.executor:Executing jobs using 'parallel' executor
[0.772s] DEBUG:colcon.colcon_parallel_executor.executor.parallel:run_until_complete
[0.773s] INFO:colcon.colcon_ros.task.ament_cmake.build:Building ROS package in '/home/kcw/capstone_ws/2024CapstoneDesign/ros2/src/manipulator' with build type 'ament_cmake'
[0.773s] INFO:colcon.colcon_cmake.task.cmake.build:Building CMake package in '/home/kcw/capstone_ws/2024CapstoneDesign/ros2/src/manipulator'
[0.777s] INFO:colcon.colcon_core.plugin_system:Skipping extension 'colcon_core.shell.bat': Not used on non-Windows systems
[0.778s] INFO:colcon.colcon_core.shell:Skip shell extension 'powershell' for command environment: Not usable outside of PowerShell
[0.778s] DEBUG:colcon.colcon_core.shell:Skip shell extension 'dsv' for command environment
[0.791s] DEBUG:colcon.colcon_core.event_handler.log_command:Invoking command in '/home/kcw/capstone_ws/2024CapstoneDesign/ros2/src/manipulator/build/manipulator': CMAKE_PREFIX_PATH=${CMAKE_PREFIX_PATH}:/home/kcw/capstone_ws/ros2/src/manipulator/install/manipulator:/opt/ros/humble /home/kcw/.local/bin/cmake --build /home/kcw/capstone_ws/2024CapstoneDesign/ros2/src/manipulator/build/manipulator -- -j8 -l8
[7.514s] DEBUG:colcon.colcon_core.event_handler.log_command:Invoked command in '/home/kcw/capstone_ws/2024CapstoneDesign/ros2/src/manipulator/build/manipulator' returned '0': CMAKE_PREFIX_PATH=${CMAKE_PREFIX_PATH}:/home/kcw/capstone_ws/ros2/src/manipulator/install/manipulator:/opt/ros/humble /home/kcw/.local/bin/cmake --build /home/kcw/capstone_ws/2024CapstoneDesign/ros2/src/manipulator/build/manipulator -- -j8 -l8
[7.650s] DEBUG:colcon.colcon_core.event_handler.log_command:Invoking command in '/home/kcw/capstone_ws/2024CapstoneDesign/ros2/src/manipulator/build/manipulator': CMAKE_PREFIX_PATH=${CMAKE_PREFIX_PATH}:/home/kcw/capstone_ws/ros2/src/manipulator/install/manipulator:/opt/ros/humble /home/kcw/.local/bin/cmake --install /home/kcw/capstone_ws/2024CapstoneDesign/ros2/src/manipulator/build/manipulator
[7.708s] Level 1:colcon.colcon_core.environment:create_environment_scripts_only(manipulator)
[7.709s] DEBUG:colcon.colcon_core.event_handler.log_command:Invoked command in '/home/kcw/capstone_ws/2024CapstoneDesign/ros2/src/manipulator/build/manipulator' returned '0': CMAKE_PREFIX_PATH=${CMAKE_PREFIX_PATH}:/home/kcw/capstone_ws/ros2/src/manipulator/install/manipulator:/opt/ros/humble /home/kcw/.local/bin/cmake --install /home/kcw/capstone_ws/2024CapstoneDesign/ros2/src/manipulator/build/manipulator
[7.729s] Level 1:colcon.colcon_core.environment:checking '/home/kcw/capstone_ws/2024CapstoneDesign/ros2/src/manipulator/install/manipulator' for CMake module files
[7.732s] Level 1:colcon.colcon_core.environment:checking '/home/kcw/capstone_ws/2024CapstoneDesign/ros2/src/manipulator/install/manipulator' for CMake config files
[7.732s] Level 1:colcon.colcon_core.shell:create_environment_hook('manipulator', 'cmake_prefix_path')
[7.733s] INFO:colcon.colcon_core.shell:Creating environment hook '/home/kcw/capstone_ws/2024CapstoneDesign/ros2/src/manipulator/install/manipulator/share/manipulator/hook/cmake_prefix_path.ps1'
[7.735s] INFO:colcon.colcon_core.shell:Creating environment descriptor '/home/kcw/capstone_ws/2024CapstoneDesign/ros2/src/manipulator/install/manipulator/share/manipulator/hook/cmake_prefix_path.dsv'
[7.737s] INFO:colcon.colcon_core.shell:Creating environment hook '/home/kcw/capstone_ws/2024CapstoneDesign/ros2/src/manipulator/install/manipulator/share/manipulator/hook/cmake_prefix_path.sh'
[7.738s] Level 1:colcon.colcon_core.environment:checking '/home/kcw/capstone_ws/2024CapstoneDesign/ros2/src/manipulator/install/manipulator/lib'
[7.738s] Level 1:colcon.colcon_core.environment:checking '/home/kcw/capstone_ws/2024CapstoneDesign/ros2/src/manipulator/install/manipulator/bin'
[7.739s] Level 1:colcon.colcon_core.environment:checking '/home/kcw/capstone_ws/2024CapstoneDesign/ros2/src/manipulator/install/manipulator/lib/pkgconfig/manipulator.pc'
[7.739s] Level 1:colcon.colcon_core.environment:checking '/home/kcw/capstone_ws/2024CapstoneDesign/ros2/src/manipulator/install/manipulator/lib/python3.10/site-packages'
[7.739s] Level 1:colcon.colcon_core.environment:checking '/home/kcw/capstone_ws/2024CapstoneDesign/ros2/src/manipulator/install/manipulator/bin'
[7.740s] INFO:colcon.colcon_core.shell:Creating package script '/home/kcw/capstone_ws/2024CapstoneDesign/ros2/src/manipulator/install/manipulator/share/manipulator/package.ps1'
[7.742s] INFO:colcon.colcon_core.shell:Creating package descriptor '/home/kcw/capstone_ws/2024CapstoneDesign/ros2/src/manipulator/install/manipulator/share/manipulator/package.dsv'
[7.743s] INFO:colcon.colcon_core.shell:Creating package script '/home/kcw/capstone_ws/2024CapstoneDesign/ros2/src/manipulator/install/manipulator/share/manipulator/package.sh'
[7.744s] INFO:colcon.colcon_core.shell:Creating package script '/home/kcw/capstone_ws/2024CapstoneDesign/ros2/src/manipulator/install/manipulator/share/manipulator/package.bash'
[7.745s] INFO:colcon.colcon_core.shell:Creating package script '/home/kcw/capstone_ws/2024CapstoneDesign/ros2/src/manipulator/install/manipulator/share/manipulator/package.zsh'
[7.746s] Level 1:colcon.colcon_core.environment:create_file_with_runtime_dependencies(/home/kcw/capstone_ws/2024CapstoneDesign/ros2/src/manipulator/install/manipulator/share/colcon-core/packages/manipulator)
[7.807s] Level 1:colcon.colcon_core.environment:create_environment_scripts_only(manipulator)
[7.808s] Level 1:colcon.colcon_core.environment:checking '/home/kcw/capstone_ws/2024CapstoneDesign/ros2/src/manipulator/install/manipulator' for CMake module files
[7.808s] Level 1:colcon.colcon_core.environment:checking '/home/kcw/capstone_ws/2024CapstoneDesign/ros2/src/manipulator/install/manipulator' for CMake config files
[7.809s] Level 1:colcon.colcon_core.shell:create_environment_hook('manipulator', 'cmake_prefix_path')
[7.809s] INFO:colcon.colcon_core.shell:Creating environment hook '/home/kcw/capstone_ws/2024CapstoneDesign/ros2/src/manipulator/install/manipulator/share/manipulator/hook/cmake_prefix_path.ps1'
[7.809s] INFO:colcon.colcon_core.shell:Creating environment descriptor '/home/kcw/capstone_ws/2024CapstoneDesign/ros2/src/manipulator/install/manipulator/share/manipulator/hook/cmake_prefix_path.dsv'
[7.810s] INFO:colcon.colcon_core.shell:Creating environment hook '/home/kcw/capstone_ws/2024CapstoneDesign/ros2/src/manipulator/install/manipulator/share/manipulator/hook/cmake_prefix_path.sh'
[7.810s] Level 1:colcon.colcon_core.environment:checking '/home/kcw/capstone_ws/2024CapstoneDesign/ros2/src/manipulator/install/manipulator/lib'
[7.810s] Level 1:colcon.colcon_core.environment:checking '/home/kcw/capstone_ws/2024CapstoneDesign/ros2/src/manipulator/install/manipulator/bin'
[7.811s] Level 1:colcon.colcon_core.environment:checking '/home/kcw/capstone_ws/2024CapstoneDesign/ros2/src/manipulator/install/manipulator/lib/pkgconfig/manipulator.pc'
[7.811s] Level 1:colcon.colcon_core.environment:checking '/home/kcw/capstone_ws/2024CapstoneDesign/ros2/src/manipulator/install/manipulator/lib/python3.10/site-packages'
[7.811s] Level 1:colcon.colcon_core.environment:checking '/home/kcw/capstone_ws/2024CapstoneDesign/ros2/src/manipulator/install/manipulator/bin'
[7.811s] INFO:colcon.colcon_core.shell:Creating package script '/home/kcw/capstone_ws/2024CapstoneDesign/ros2/src/manipulator/install/manipulator/share/manipulator/package.ps1'
[7.812s] INFO:colcon.colcon_core.shell:Creating package descriptor '/home/kcw/capstone_ws/2024CapstoneDesign/ros2/src/manipulator/install/manipulator/share/manipulator/package.dsv'
[7.812s] INFO:colcon.colcon_core.shell:Creating package script '/home/kcw/capstone_ws/2024CapstoneDesign/ros2/src/manipulator/install/manipulator/share/manipulator/package.sh'
[7.813s] INFO:colcon.colcon_core.shell:Creating package script '/home/kcw/capstone_ws/2024CapstoneDesign/ros2/src/manipulator/install/manipulator/share/manipulator/package.bash'
[7.813s] INFO:colcon.colcon_core.shell:Creating package script '/home/kcw/capstone_ws/2024CapstoneDesign/ros2/src/manipulator/install/manipulator/share/manipulator/package.zsh'
[7.813s] Level 1:colcon.colcon_core.environment:create_file_with_runtime_dependencies(/home/kcw/capstone_ws/2024CapstoneDesign/ros2/src/manipulator/install/manipulator/share/colcon-core/packages/manipulator)
[7.814s] DEBUG:colcon.colcon_parallel_executor.executor.parallel:closing loop
[7.814s] DEBUG:colcon.colcon_parallel_executor.executor.parallel:loop closed
[7.814s] DEBUG:colcon.colcon_parallel_executor.executor.parallel:run_until_complete finished with '0'
[7.814s] DEBUG:colcon.colcon_core.event_reactor:joining thread
[7.824s] INFO:colcon.colcon_core.plugin_system:Skipping extension 'colcon_notification.desktop_notification.terminal_notifier': Not used on non-Darwin systems
[7.824s] INFO:colcon.colcon_core.plugin_system:Skipping extension 'colcon_notification.desktop_notification.win32': Not used on non-Windows systems
[7.825s] INFO:colcon.colcon_notification.desktop_notification:Sending desktop notification using 'notify2'
[7.839s] DEBUG:colcon.colcon_core.event_reactor:joined thread
[7.839s] INFO:colcon.colcon_core.shell:Creating prefix script '/home/kcw/capstone_ws/2024CapstoneDesign/ros2/src/manipulator/install/local_setup.ps1'
[7.841s] INFO:colcon.colcon_core.shell:Creating prefix util module '/home/kcw/capstone_ws/2024CapstoneDesign/ros2/src/manipulator/install/_local_setup_util_ps1.py'
[7.843s] INFO:colcon.colcon_core.shell:Creating prefix chain script '/home/kcw/capstone_ws/2024CapstoneDesign/ros2/src/manipulator/install/setup.ps1'
[7.845s] INFO:colcon.colcon_core.shell:Creating prefix script '/home/kcw/capstone_ws/2024CapstoneDesign/ros2/src/manipulator/install/local_setup.sh'
[7.846s] INFO:colcon.colcon_core.shell:Creating prefix util module '/home/kcw/capstone_ws/2024CapstoneDesign/ros2/src/manipulator/install/_local_setup_util_sh.py'
[7.847s] INFO:colcon.colcon_core.shell:Creating prefix chain script '/home/kcw/capstone_ws/2024CapstoneDesign/ros2/src/manipulator/install/setup.sh'
[7.848s] INFO:colcon.colcon_core.shell:Creating prefix script '/home/kcw/capstone_ws/2024CapstoneDesign/ros2/src/manipulator/install/local_setup.bash'
[7.849s] INFO:colcon.colcon_core.shell:Creating prefix chain script '/home/kcw/capstone_ws/2024CapstoneDesign/ros2/src/manipulator/install/setup.bash'
[7.850s] INFO:colcon.colcon_core.shell:Creating prefix script '/home/kcw/capstone_ws/2024CapstoneDesign/ros2/src/manipulator/install/local_setup.zsh'
[7.851s] INFO:colcon.colcon_core.shell:Creating prefix chain script '/home/kcw/capstone_ws/2024CapstoneDesign/ros2/src/manipulator/install/setup.zsh'
