[0.032s] Invoking command in '/home/kcw/capstone_ws/2024CapstoneDesign/ros2/src/manipulator/build/manipulator': CMAKE_PREFIX_PATH=${CMAKE_PREFIX_PATH}:/home/kcw/capstone_ws/ros2/src/manipulator/install/manipulator:/opt/ros/humble /home/kcw/.local/bin/cmake --build /home/kcw/capstone_ws/2024CapstoneDesign/ros2/src/manipulator/build/manipulator -- -j8 -l8
[0.124s] -- Found ament_cmake: 1.3.5 (/opt/ros/humble/share/ament_cmake/cmake)
[0.275s] -- Found Python3: /usr/bin/python3 (found version "3.10.12") found components: Interpreter 
[0.412s] -- Found rclcpp: 16.0.5 (/opt/ros/humble/share/rclcpp/cmake)
[0.515s] -- Found rosidl_generator_c: 3.1.5 (/opt/ros/humble/share/rosidl_generator_c/cmake)
[0.528s] -- Found rosidl_adapter: 3.1.5 (/opt/ros/humble/share/rosidl_adapter/cmake)
[0.551s] -- Found rosidl_generator_cpp: 3.1.5 (/opt/ros/humble/share/rosidl_generator_cpp/cmake)
[0.584s] -- Using all available rosidl_typesupport_c: rosidl_typesupport_fastrtps_c;rosidl_typesupport_introspection_c
[0.623s] -- Using all available rosidl_typesupport_cpp: rosidl_typesupport_fastrtps_cpp;rosidl_typesupport_introspection_cpp
[0.749s] -- Found rmw_implementation_cmake: 6.1.1 (/opt/ros/humble/share/rmw_implementation_cmake/cmake)
[0.753s] -- Found rmw_fastrtps_cpp: 6.2.6 (/opt/ros/humble/share/rmw_fastrtps_cpp/cmake)
[0.939s] -- Using RMW implementation 'rmw_fastrtps_cpp' as default
[1.238s] -- Found motor_interface: 0.0.0 (/home/kcw/capstone_ws/2024CapstoneDesign/ros2/src/motor_interface/install/motor_interface/share/motor_interface/cmake)
[1.300s] [31mCMake Error at CMakeLists.txt:40 (find_package):
[1.300s]   By not providing "Findament_lint_auto.cmake" in CMAKE_MODULE_PATH this
[1.300s]   project has asked CMake to find a package configuration file provided by
[1.300s]   "ament_lint_auto", but CMake did not find one.
[1.300s] 
[1.301s]   Could not find a package configuration file provided by "ament_lint_auto"
[1.301s]   with any of the following names:
[1.301s] 
[1.301s]     ament_lint_autoConfig.cmake
[1.301s]     ament_lint_auto-config.cmake
[1.301s] 
[1.301s]   Add the installation prefix of "ament_lint_auto" to CMAKE_PREFIX_PATH or
[1.301s]   set "ament_lint_auto_DIR" to a directory containing one of the above files.
[1.301s]   If "ament_lint_auto" provides a separate development package or SDK, be
[1.301s]   sure it has been installed.
[1.301s] 
[1.302s] [0m
[1.302s] -- Configuring incomplete, errors occurred!
[1.307s] gmake: *** [Makefile:442: cmake_check_build_system] Error 1
[1.314s] Invoked command in '/home/kcw/capstone_ws/2024CapstoneDesign/ros2/src/manipulator/build/manipulator' returned '2': CMAKE_PREFIX_PATH=${CMAKE_PREFIX_PATH}:/home/kcw/capstone_ws/ros2/src/manipulator/install/manipulator:/opt/ros/humble /home/kcw/.local/bin/cmake --build /home/kcw/capstone_ws/2024CapstoneDesign/ros2/src/manipulator/build/manipulator -- -j8 -l8
