[  7%] [32mBuilding CXX object CMakeFiles/manipulator_run.dir/src/motor.cpp.o[0m
[ 38%] Built target manipulator_read
[ 46%] [32mBuilding CXX object CMakeFiles/manipulator_run.dir/src/dynamixel_protocols.cpp.o[0m
[ 76%] Built target manipulator_write
[01m[K/home/kcw/capstone_ws/2024CapstoneDesign/ros2/src/manipulator/src/motor.cpp:[m[K In function ‘[01m[Kint main(int, char**)[m[K’:
[01m[K/home/kcw/capstone_ws/2024CapstoneDesign/ros2/src/manipulator/src/motor.cpp:79:27:[m[K [01;35m[Kwarning: [m[KISO C++ forbids converting a string constant to ‘[01m[Kchar*[m[K’ [[01;35m[K]8;;https://gcc.gnu.org/onlinedocs/gcc/Warning-Options.html#index-Wwrite-strings-Wwrite-strings]8;;[m[K]
   79 |     if(openSerialPort(&fd,[01;35m[K"/dev/u2d2"[m[K)==-1) return -1;
      |                           [01;35m[K^~~~~~~~~~~[m[K
[ 84%] [32m[1mLinking CXX executable manipulator_run[0m
[100%] Built target manipulator_run
-- Install configuration: ""
-- Up-to-date: /home/kcw/capstone_ws/2024CapstoneDesign/ros2/src/manipulator/install/manipulator/lib/manipulator/manipulator_write
-- Up-to-date: /home/kcw/capstone_ws/2024CapstoneDesign/ros2/src/manipulator/install/manipulator/lib/manipulator/manipulator_read
-- Installing: /home/kcw/capstone_ws/2024CapstoneDesign/ros2/src/manipulator/install/manipulator/lib/manipulator/manipulator_run
-- Set runtime path of "/home/kcw/capstone_ws/2024CapstoneDesign/ros2/src/manipulator/install/manipulator/lib/manipulator/manipulator_run" to ""
-- Up-to-date: /home/kcw/capstone_ws/2024CapstoneDesign/ros2/src/manipulator/install/manipulator/share/ament_index/resource_index/package_run_dependencies/manipulator
-- Up-to-date: /home/kcw/capstone_ws/2024CapstoneDesign/ros2/src/manipulator/install/manipulator/share/ament_index/resource_index/parent_prefix_path/manipulator
-- Up-to-date: /home/kcw/capstone_ws/2024CapstoneDesign/ros2/src/manipulator/install/manipulator/share/manipulator/environment/ament_prefix_path.sh
-- Up-to-date: /home/kcw/capstone_ws/2024CapstoneDesign/ros2/src/manipulator/install/manipulator/share/manipulator/environment/ament_prefix_path.dsv
-- Up-to-date: /home/kcw/capstone_ws/2024CapstoneDesign/ros2/src/manipulator/install/manipulator/share/manipulator/environment/path.sh
-- Up-to-date: /home/kcw/capstone_ws/2024CapstoneDesign/ros2/src/manipulator/install/manipulator/share/manipulator/environment/path.dsv
-- Up-to-date: /home/kcw/capstone_ws/2024CapstoneDesign/ros2/src/manipulator/install/manipulator/share/manipulator/local_setup.bash
-- Up-to-date: /home/kcw/capstone_ws/2024CapstoneDesign/ros2/src/manipulator/install/manipulator/share/manipulator/local_setup.sh
-- Up-to-date: /home/kcw/capstone_ws/2024CapstoneDesign/ros2/src/manipulator/install/manipulator/share/manipulator/local_setup.zsh
-- Up-to-date: /home/kcw/capstone_ws/2024CapstoneDesign/ros2/src/manipulator/install/manipulator/share/manipulator/local_setup.dsv
-- Installing: /home/kcw/capstone_ws/2024CapstoneDesign/ros2/src/manipulator/install/manipulator/share/manipulator/package.dsv
-- Up-to-date: /home/kcw/capstone_ws/2024CapstoneDesign/ros2/src/manipulator/install/manipulator/share/ament_index/resource_index/packages/manipulator
-- Up-to-date: /home/kcw/capstone_ws/2024CapstoneDesign/ros2/src/manipulator/install/manipulator/share/manipulator/cmake/manipulatorConfig.cmake
-- Up-to-date: /home/kcw/capstone_ws/2024CapstoneDesign/ros2/src/manipulator/install/manipulator/share/manipulator/cmake/manipulatorConfig-version.cmake
-- Up-to-date: /home/kcw/capstone_ws/2024CapstoneDesign/ros2/src/manipulator/install/manipulator/share/manipulator/package.xml
