[0.027s] Invoking command in '/home/kcw/capstone_ws/2024CapstoneDesign/ros2/src/manipulator/build/manipulator': CMAKE_PREFIX_PATH=${CMAKE_PREFIX_PATH}:/home/kcw/capstone_ws/ros2/src/manipulator/install/manipulator:/opt/ros/humble /home/kcw/.local/bin/cmake --build /home/kcw/capstone_ws/2024CapstoneDesign/ros2/src/manipulator/build/manipulator -- -j8 -l8
[0.103s] [  7%] [32mBuilding CXX object CMakeFiles/manipulator_run.dir/src/motor.cpp.o[0m
[0.117s] [ 38%] Built target manipulator_read
[0.123s] [ 69%] Built target manipulator_write
[2.679s] [01m[K/home/kcw/capstone_ws/2024CapstoneDesign/ros2/src/manipulator/src/motor.cpp:59:10:[m[K [01;31m[Kerror: [m[K‘[01m[Kcout[m[K’ in namespace ‘[01m[Kstd[m[K’ does not name a type
[2.679s]    59 |     std::[01;31m[Kcout[m[K << "\n";
[2.679s]       |          [01;31m[K^~~~[m[K
[2.679s] In file included from [01m[K/home/kcw/capstone_ws/2024CapstoneDesign/ros2/src/manipulator/src/motor.cpp:24[m[K:
[2.679s] [01m[K/usr/include/c++/11/iostream:61:18:[m[K [01;36m[Knote: [m[K‘[01m[Kstd::cout[m[K’ declared here
[2.679s]    61 |   extern ostream [01;36m[Kcout[m[K;          /// Linked to standard output
[2.679s]       |                  [01;36m[K^~~~[m[K
[2.732s] [01m[K/home/kcw/capstone_ws/2024CapstoneDesign/ros2/src/manipulator/src/motor.cpp:[m[K In member function ‘[01m[Kvoid Manipulator::sub_callback(motor_interface::msg::Motor_<std::allocator<void> >::SharedPtr)[m[K’:
[2.732s] [01m[K/home/kcw/capstone_ws/2024CapstoneDesign/ros2/src/manipulator/src/motor.cpp:55:9:[m[K [01;35m[Kwarning: [m[Kthis ‘[01m[Kfor[m[K’ clause does not guard... [[01;35m[K]8;;https://gcc.gnu.org/onlinedocs/gcc/Warning-Options.html#index-Wmisleading-indentation-Wmisleading-indentation]8;;[m[K]
[2.732s]    55 |         [01;35m[Kfor[m[K(int i{};i<7;i++)
[2.732s]       |         [01;35m[K^~~[m[K
[2.732s] [01m[K/home/kcw/capstone_ws/2024CapstoneDesign/ros2/src/manipulator/src/motor.cpp:57:13:[m[K [01;36m[Knote: [m[K...this statement, but the latter is misleadingly indented as if it were guarded by the ‘[01m[Kfor[m[K’
[2.732s]    57 |             [01;36m[Kstd[m[K::cout << 341+3414-(unsigned short)((double)(*(&(msg->m1)+i))*3.3372) << "\t";
[2.732s]       |             [01;36m[K^~~[m[K
[2.737s] [01m[K/home/kcw/capstone_ws/2024CapstoneDesign/ros2/src/manipulator/src/motor.cpp:57:74:[m[K [01;31m[Kerror: [m[K‘[01m[Ki[m[K’ was not declared in this scope
[2.737s]    57 |             std::cout << 341+3414-(unsigned short)((double)(*(&(msg->m1)+[01;31m[Ki[m[K))*3.3372) << "\t";
[2.737s]       |                                                                          [01;31m[K^[m[K
[2.740s] [01m[K/home/kcw/capstone_ws/2024CapstoneDesign/ros2/src/manipulator/src/motor.cpp:[m[K In function ‘[01m[Kint main(int, char**)[m[K’:
[2.740s] [01m[K/home/kcw/capstone_ws/2024CapstoneDesign/ros2/src/manipulator/src/motor.cpp:77:27:[m[K [01;35m[Kwarning: [m[KISO C++ forbids converting a string constant to ‘[01m[Kchar*[m[K’ [[01;35m[K]8;;https://gcc.gnu.org/onlinedocs/gcc/Warning-Options.html#index-Wwrite-strings-Wwrite-strings]8;;[m[K]
[2.740s]    77 |     if(openSerialPort(&fd,[01;35m[K"/dev/u2d2"[m[K)==-1) return -1;
[2.740s]       |                           [01;35m[K^~~~~~~~~~~[m[K
[5.350s] gmake[2]: *** [CMakeFiles/manipulator_run.dir/build.make:76: CMakeFiles/manipulator_run.dir/src/motor.cpp.o] Error 1
[5.350s] gmake[1]: *** [CMakeFiles/Makefile2:193: CMakeFiles/manipulator_run.dir/all] Error 2
[5.350s] gmake: *** [Makefile:146: all] Error 2
[5.356s] Invoked command in '/home/kcw/capstone_ws/2024CapstoneDesign/ros2/src/manipulator/build/manipulator' returned '2': CMAKE_PREFIX_PATH=${CMAKE_PREFIX_PATH}:/home/kcw/capstone_ws/ros2/src/manipulator/install/manipulator:/opt/ros/humble /home/kcw/.local/bin/cmake --build /home/kcw/capstone_ws/2024CapstoneDesign/ros2/src/manipulator/build/manipulator -- -j8 -l8
