[01m[K/home/kcw/capstone_ws/ros2/src/manipulator/src/pathW.cpp:[m[K In constructor ‘[01m[KManipulator::Manipulator()[m[K’:
[01m[K/home/kcw/capstone_ws/ros2/src/manipulator/src/pathW.cpp:60:62:[m[K [01;31m[Kerror: [m[K‘[01m[Kmotor[m[K’ is not a member of ‘[01m[Kmotor_interface::msg[m[K’; did you mean ‘[01m[KMotor[m[K’?
   60 |         motor = this->create_publisher<motor_interface::msg::[01;31m[Kmotor[m[K>("motor", 10);
      |                                                              [01;31m[K^~~~~[m[K
      |                                                              [32m[KMotor[m[K
[01m[K/home/kcw/capstone_ws/ros2/src/manipulator/src/pathW.cpp:60:68:[m[K [01;31m[Kerror: [m[Kno matching function for call to ‘[01m[KManipulator::create_publisher<<expression error> >(const char [6], int)[m[K’
   60 |         motor = [01;31m[Kthis->create_publisher<motor_interface::msg::motor>("motor", 10)[m[K;
      |                 [01;31m[K~~~~~~~~~~~~~~~~~~~~~~~~~~~~~~~~~~~~~~~~~~~~~~~~~~~^~~~~~~~~~~~~[m[K
In file included from [01m[K/opt/ros/humble/include/rclcpp/rclcpp/executors/single_threaded_executor.hpp:28[m[K,
                 from [01m[K/opt/ros/humble/include/rclcpp/rclcpp/executors.hpp:22[m[K,
                 from [01m[K/opt/ros/humble/include/rclcpp/rclcpp/rclcpp.hpp:155[m[K,
                 from [01m[K/home/kcw/capstone_ws/ros2/src/manipulator/src/pathW.cpp:30[m[K:
[01m[K/opt/ros/humble/include/rclcpp/rclcpp/node.hpp:195:3:[m[K [01;36m[Knote: [m[Kcandidate: ‘[01m[Ktemplate<class MessageT, class AllocatorT, class PublisherT> std::shared_ptr<PublisherT> rclcpp::Node::create_publisher(const string&, const rclcpp::QoS&, const rclcpp::PublisherOptionsWithAllocator<AllocatorT>&)[m[K’
  195 |   [01;36m[Kcreate_publisher[m[K(
      |   [01;36m[K^~~~~~~~~~~~~~~~[m[K
[01m[K/opt/ros/humble/include/rclcpp/rclcpp/node.hpp:195:3:[m[K [01;36m[Knote: [m[K  template argument deduction/substitution failed:
[01m[K/home/kcw/capstone_ws/ros2/src/manipulator/src/pathW.cpp:60:68:[m[K [01;31m[Kerror: [m[Ktemplate argument 1 is invalid
   60 |         motor = [01;31m[Kthis->create_publisher<motor_interface::msg::motor>("motor", 10)[m[K;
      |                 [01;31m[K~~~~~~~~~~~~~~~~~~~~~~~~~~~~~~~~~~~~~~~~~~~~~~~~~~~^~~~~~~~~~~~~[m[K
[01m[K/home/kcw/capstone_ws/ros2/src/manipulator/src/pathW.cpp:[m[K In member function ‘[01m[Kvoid Manipulator::timer_callback()[m[K’:
[01m[K/home/kcw/capstone_ws/ros2/src/manipulator/src/pathW.cpp:87:18:[m[K [01;31m[Kerror: [m[Krequest for member ‘[01m[Kpublish[m[K’ in ‘[01m[K*(int*)(& motor)[m[K’, which is of non-class type ‘[01m[Kint[m[K’
   87 |         motor -> [01;31m[Kpublish[m[K(Motor);                    // Issue Current data As topic
      |                  [01;31m[K^~~~~~~[m[K
[01m[K/home/kcw/capstone_ws/ros2/src/manipulator/src/pathW.cpp:[m[K In function ‘[01m[Kint main(int, char**)[m[K’:
[01m[K/home/kcw/capstone_ws/ros2/src/manipulator/src/pathW.cpp:112:27:[m[K [01;35m[Kwarning: [m[KISO C++ forbids converting a string constant to ‘[01m[Kchar*[m[K’ [[01;35m[K]8;;https://gcc.gnu.org/onlinedocs/gcc/Warning-Options.html#index-Wwrite-strings-Wwrite-strings]8;;[m[K]
  112 |     if(openSerialPort(&fd,[01;35m[K"/dev/arduinoMega"[m[K)==-1) rclcpp::shutdown();
      |                           [01;35m[K^~~~~~~~~~~~~~~~~~[m[K
gmake[2]: *** [CMakeFiles/manipulator_write.dir/build.make:76: CMakeFiles/manipulator_write.dir/src/pathW.cpp.o] Error 1
gmake[1]: *** [CMakeFiles/Makefile2:139: CMakeFiles/manipulator_write.dir/all] Error 2
gmake: *** [Makefile:146: all] Error 2
