[01m[K/home/kcw/capstone_ws/2024CapstoneDesign/ros2/src/manipulator/src/pathR.cpp:[m[K In function ‘[01m[Kint main(int, char**)[m[K’:
[01m[K/home/kcw/capstone_ws/2024CapstoneDesign/ros2/src/manipulator/src/pathR.cpp:147:27:[m[K [01;35m[Kwarning: [m[KISO C++ forbids converting a string constant to ‘[01m[Kchar*[m[K’ [[01;35m[K]8;;https://gcc.gnu.org/onlinedocs/gcc/Warning-Options.html#index-Wwrite-strings-Wwrite-strings]8;;[m[K]
  147 |     if(openSerialPort(&fd,[01;35m[K"/dev/arduinoMega"[m[K)==-1) return -1;
      |                           [01;35m[K^~~~~~~~~~~~~~~~~~[m[K
[01m[K/home/kcw/capstone_ws/2024CapstoneDesign/ros2/src/manipulator/src/pathR.cpp:183:5:[m[K [01;31m[Kerror: [m[K‘[01m[KMotor[m[K’ was not declared in this scope; did you mean ‘[01m[Kmotor_interface::msg::Motor[m[K’?
  183 |     [01;31m[KMotor[m[K.m1 = motor[0]; Motor.m2 = motor[1];
      |     [01;31m[K^~~~~[m[K
      |     [32m[Kmotor_interface::msg::Motor[m[K
In file included from [01m[K/home/kcw/capstone_ws/2024CapstoneDesign/ros2/src/motor_interface/install/motor_interface/include/motor_interface/motor_interface/msg/motor.hpp:7[m[K,
                 from [01m[K/home/kcw/capstone_ws/2024CapstoneDesign/ros2/src/manipulator/src/pathR.cpp:32[m[K:
[01m[K/home/kcw/capstone_ws/2024CapstoneDesign/ros2/src/motor_interface/install/motor_interface/include/motor_interface/motor_interface/msg/detail/motor__struct.hpp:220:7:[m[K [01;36m[Knote: [m[K‘[01m[Kmotor_interface::msg::Motor[m[K’ declared here
  220 | using [01;36m[KMotor[m[K =
      |       [01;36m[K^~~~~[m[K
[01m[K/home/kcw/capstone_ws/2024CapstoneDesign/ros2/src/manipulator/src/pathR.cpp:187:5:[m[K [01;31m[Kerror: [m[K‘[01m[Kmotor_[m[K’ was not declared in this scope; did you mean ‘[01m[Kmotor[m[K’?
  187 |     [01;31m[Kmotor_[m[K -> publish(Motor);
      |     [01;31m[K^~~~~~[m[K
      |     [32m[Kmotor[m[K
gmake[2]: *** [CMakeFiles/manipulator_read.dir/build.make:76: CMakeFiles/manipulator_read.dir/src/pathR.cpp.o] Error 1
gmake[1]: *** [CMakeFiles/Makefile2:167: CMakeFiles/manipulator_read.dir/all] Error 2
gmake[1]: *** Waiting for unfinished jobs....
[01m[K/home/kcw/capstone_ws/2024CapstoneDesign/ros2/src/manipulator/src/pathW.cpp:[m[K In function ‘[01m[Kint main(int, char**)[m[K’:
[01m[K/home/kcw/capstone_ws/2024CapstoneDesign/ros2/src/manipulator/src/pathW.cpp:153:27:[m[K [01;35m[Kwarning: [m[KISO C++ forbids converting a string constant to ‘[01m[Kchar*[m[K’ [[01;35m[K]8;;https://gcc.gnu.org/onlinedocs/gcc/Warning-Options.html#index-Wwrite-strings-Wwrite-strings]8;;[m[K]
  153 |     if(openSerialPort(&fd,[01;35m[K"/dev/arduinoMega"[m[K)==-1) return -1;
      |                           [01;35m[K^~~~~~~~~~~~~~~~~~[m[K
gmake: *** [Makefile:146: all] Error 2
