[0.012s] Invoking command in '/home/kcw/capstone_ws/2024CapstoneDesign/ros2/src/manipulator/build/manipulator': CMAKE_PREFIX_PATH=${CMAKE_PREFIX_PATH}:/home/kcw/capstone_ws/ros2/src/manipulator/install/manipulator:/opt/ros/humble /home/kcw/.local/bin/cmake --build /home/kcw/capstone_ws/2024CapstoneDesign/ros2/src/manipulator/build/manipulator -- -j8 -l8
[0.063s] [ 23%] [32mBuilding CXX object CMakeFiles/manipulator_read.dir/src/pathR.cpp.o[0m
[0.063s] [ 46%] Built target manipulator_run
[0.067s] [ 53%] [32mBuilding CXX object CMakeFiles/manipulator_write.dir/src/pathW.cpp.o[0m
[2.171s] [01m[K/home/kcw/capstone_ws/2024CapstoneDesign/ros2/src/manipulator/src/pathR.cpp:[m[K In function ‘[01m[Kint main(int, char**)[m[K’:
[2.171s] [01m[K/home/kcw/capstone_ws/2024CapstoneDesign/ros2/src/manipulator/src/pathR.cpp:147:27:[m[K [01;35m[Kwarning: [m[KISO C++ forbids converting a string constant to ‘[01m[Kchar*[m[K’ [[01;35m[K]8;;https://gcc.gnu.org/onlinedocs/gcc/Warning-Options.html#index-Wwrite-strings-Wwrite-strings]8;;[m[K]
[2.171s]   147 |     if(openSerialPort(&fd,[01;35m[K"/dev/arduinoMega"[m[K)==-1) return -1;
[2.171s]       |                           [01;35m[K^~~~~~~~~~~~~~~~~~[m[K
[2.172s] [01m[K/home/kcw/capstone_ws/2024CapstoneDesign/ros2/src/manipulator/src/pathR.cpp:183:5:[m[K [01;31m[Kerror: [m[K‘[01m[KMotor[m[K’ was not declared in this scope; did you mean ‘[01m[Kmotor_interface::msg::Motor[m[K’?
[2.172s]   183 |     [01;31m[KMotor[m[K.m1 = motor[0]; Motor.m2 = motor[1];
[2.172s]       |     [01;31m[K^~~~~[m[K
[2.172s]       |     [32m[Kmotor_interface::msg::Motor[m[K
[2.173s] In file included from [01m[K/home/kcw/capstone_ws/2024CapstoneDesign/ros2/src/motor_interface/install/motor_interface/include/motor_interface/motor_interface/msg/motor.hpp:7[m[K,
[2.173s]                  from [01m[K/home/kcw/capstone_ws/2024CapstoneDesign/ros2/src/manipulator/src/pathR.cpp:32[m[K:
[2.173s] [01m[K/home/kcw/capstone_ws/2024CapstoneDesign/ros2/src/motor_interface/install/motor_interface/include/motor_interface/motor_interface/msg/detail/motor__struct.hpp:220:7:[m[K [01;36m[Knote: [m[K‘[01m[Kmotor_interface::msg::Motor[m[K’ declared here
[2.173s]   220 | using [01;36m[KMotor[m[K =
[2.173s]       |       [01;36m[K^~~~~[m[K
[2.175s] [01m[K/home/kcw/capstone_ws/2024CapstoneDesign/ros2/src/manipulator/src/pathR.cpp:187:5:[m[K [01;31m[Kerror: [m[K‘[01m[Kmotor_[m[K’ was not declared in this scope; did you mean ‘[01m[Kmotor[m[K’?
[2.175s]   187 |     [01;31m[Kmotor_[m[K -> publish(Motor);
[2.175s]       |     [01;31m[K^~~~~~[m[K
[2.175s]       |     [32m[Kmotor[m[K
[2.909s] gmake[2]: *** [CMakeFiles/manipulator_read.dir/build.make:76: CMakeFiles/manipulator_read.dir/src/pathR.cpp.o] Error 1
[2.909s] gmake[1]: *** [CMakeFiles/Makefile2:167: CMakeFiles/manipulator_read.dir/all] Error 2
[2.909s] gmake[1]: *** Waiting for unfinished jobs....
[3.055s] [01m[K/home/kcw/capstone_ws/2024CapstoneDesign/ros2/src/manipulator/src/pathW.cpp:[m[K In function ‘[01m[Kint main(int, char**)[m[K’:
[3.056s] [01m[K/home/kcw/capstone_ws/2024CapstoneDesign/ros2/src/manipulator/src/pathW.cpp:153:27:[m[K [01;35m[Kwarning: [m[KISO C++ forbids converting a string constant to ‘[01m[Kchar*[m[K’ [[01;35m[K]8;;https://gcc.gnu.org/onlinedocs/gcc/Warning-Options.html#index-Wwrite-strings-Wwrite-strings]8;;[m[K]
[3.056s]   153 |     if(openSerialPort(&fd,[01;35m[K"/dev/arduinoMega"[m[K)==-1) return -1;
[3.056s]       |                           [01;35m[K^~~~~~~~~~~~~~~~~~[m[K
[5.077s] [ 61%] [32m[1mLinking CXX executable manipulator_write[0m
[5.239s] [ 76%] Built target manipulator_write
[5.240s] gmake: *** [Makefile:146: all] Error 2
[5.245s] Invoked command in '/home/kcw/capstone_ws/2024CapstoneDesign/ros2/src/manipulator/build/manipulator' returned '2': CMAKE_PREFIX_PATH=${CMAKE_PREFIX_PATH}:/home/kcw/capstone_ws/ros2/src/manipulator/install/manipulator:/opt/ros/humble /home/kcw/.local/bin/cmake --build /home/kcw/capstone_ws/2024CapstoneDesign/ros2/src/manipulator/build/manipulator -- -j8 -l8
