[0.016s] Invoking command in '/home/kcw/capstone_ws/ros2/src/manipulator/build/manipulator': CMAKE_PREFIX_PATH=${CMAKE_PREFIX_PATH}:/opt/ros/humble /home/kcw/.local/bin/cmake --build /home/kcw/capstone_ws/ros2/src/manipulator/build/manipulator -- -j8 -l8
[0.051s] -- Found ament_cmake: 1.3.5 (/opt/ros/humble/share/ament_cmake/cmake)
[0.262s] -- Found rclcpp: 16.0.5 (/opt/ros/humble/share/rclcpp/cmake)
[0.348s] -- Found rosidl_generator_c: 3.1.5 (/opt/ros/humble/share/rosidl_generator_c/cmake)
[0.350s] -- Found rosidl_adapter: 3.1.5 (/opt/ros/humble/share/rosidl_adapter/cmake)
[0.357s] -- Found rosidl_generator_cpp: 3.1.5 (/opt/ros/humble/share/rosidl_generator_cpp/cmake)
[0.370s] -- Using all available rosidl_typesupport_c: rosidl_typesupport_fastrtps_c;rosidl_typesupport_introspection_c
[0.391s] -- Using all available rosidl_typesupport_cpp: rosidl_typesupport_fastrtps_cpp;rosidl_typesupport_introspection_cpp
[0.502s] -- Found rmw_implementation_cmake: 6.1.1 (/opt/ros/humble/share/rmw_implementation_cmake/cmake)
[0.508s] -- Found rmw_fastrtps_cpp: 6.2.3 (/opt/ros/humble/share/rmw_fastrtps_cpp/cmake)
[0.688s] -- Using RMW implementation 'rmw_fastrtps_cpp' as default
[0.940s] [31mCMake Error at CMakeLists.txt:17 (find_package):
[0.940s]   By not providing "Findmotor_interface.cmake" in CMAKE_MODULE_PATH this
[0.940s]   project has asked CMake to find a package configuration file provided by
[0.940s]   "motor_interface", but CMake did not find one.
[0.940s] 
[0.940s]   Could not find a package configuration file provided by "motor_interface"
[0.940s]   with any of the following names:
[0.940s] 
[0.940s]     motor_interfaceConfig.cmake
[0.940s]     motor_interface-config.cmake
[0.941s] 
[0.941s]   Add the installation prefix of "motor_interface" to CMAKE_PREFIX_PATH or
[0.941s]   set "motor_interface_DIR" to a directory containing one of the above files.
[0.941s]   If "motor_interface" provides a separate development package or SDK, be
[0.941s]   sure it has been installed.
[0.941s] 
[0.941s] [0m
[0.941s] -- Configuring incomplete, errors occurred!
[0.947s] gmake: *** [Makefile:368: cmake_check_build_system] Error 1
[0.952s] Invoked command in '/home/kcw/capstone_ws/ros2/src/manipulator/build/manipulator' returned '2': CMAKE_PREFIX_PATH=${CMAKE_PREFIX_PATH}:/opt/ros/humble /home/kcw/.local/bin/cmake --build /home/kcw/capstone_ws/ros2/src/manipulator/build/manipulator -- -j8 -l8
