[0.096s] DEBUG:colcon:Command line arguments: ['/usr/bin/colcon', 'build']
[0.096s] DEBUG:colcon:Parsed command line arguments: Namespace(log_base=None, log_level=None, verb_name='build', build_base='build', install_base='install', merge_install=False, symlink_install=False, test_result_base=None, continue_on_error=False, executor='parallel', parallel_workers=8, event_handlers=None, ignore_user_meta=False, metas=['./colcon.meta'], base_paths=['.'], packages_ignore=None, packages_ignore_regex=None, paths=None, packages_up_to=None, packages_up_to_regex=None, packages_above=None, packages_above_and_dependencies=None, packages_above_depth=None, packages_select_by_dep=None, packages_skip_by_dep=None, packages_skip_up_to=None, packages_select_build_failed=False, packages_skip_build_finished=False, packages_select_test_failures=False, packages_skip_test_passed=False, packages_select=None, packages_skip=None, packages_select_regex=None, packages_skip_regex=None, packages_start=None, packages_end=None, allow_overriding=[], cmake_args=None, cmake_target=None, cmake_target_skip_unavailable=False, cmake_clean_cache=False, cmake_clean_first=False, cmake_force_configure=False, ament_cmake_args=None, catkin_cmake_args=None, catkin_skip_building_tests=False, verb_parser=<colcon_defaults.argument_parser.defaults.DefaultArgumentsDecorator object at 0x7f3d3b3cf940>, verb_extension=<colcon_core.verb.build.BuildVerb object at 0x7f3d3b6117e0>, main=<bound method BuildVerb.main of <colcon_core.verb.build.BuildVerb object at 0x7f3d3b6117e0>>)
[0.323s] Level 1:colcon.colcon_core.package_discovery:discover_packages(colcon_meta) check parameters
[0.323s] Level 1:colcon.colcon_core.package_discovery:discover_packages(recursive) check parameters
[0.323s] Level 1:colcon.colcon_core.package_discovery:discover_packages(ignore) check parameters
[0.323s] Level 1:colcon.colcon_core.package_discovery:discover_packages(path) check parameters
[0.323s] Level 1:colcon.colcon_core.package_discovery:discover_packages(colcon_meta) discover
[0.323s] Level 1:colcon.colcon_core.package_discovery:discover_packages(recursive) discover
[0.324s] INFO:colcon.colcon_core.package_discovery:Crawling recursively for packages in '/home/kcw/capstone_ws/2024CapstoneDesign/ros2/src/manipulator'
[0.324s] Level 1:colcon.colcon_core.package_identification:_identify(.) by extensions ['ignore', 'ignore_ament_install']
[0.324s] Level 1:colcon.colcon_core.package_identification:_identify(.) by extension 'ignore'
[0.324s] Level 1:colcon.colcon_core.package_identification:_identify(.) by extension 'ignore_ament_install'
[0.324s] Level 1:colcon.colcon_core.package_identification:_identify(.) by extensions ['colcon_pkg']
[0.324s] Level 1:colcon.colcon_core.package_identification:_identify(.) by extension 'colcon_pkg'
[0.324s] Level 1:colcon.colcon_core.package_identification:_identify(.) by extensions ['colcon_meta']
[0.324s] Level 1:colcon.colcon_core.package_identification:_identify(.) by extension 'colcon_meta'
[0.324s] Level 1:colcon.colcon_core.package_identification:_identify(.) by extensions ['ros']
[0.324s] Level 1:colcon.colcon_core.package_identification:_identify(.) by extension 'ros'
[0.338s] DEBUG:colcon.colcon_core.package_identification:Package '.' with type 'ros.ament_cmake' and name 'manipulator'
[0.338s] Level 1:colcon.colcon_core.package_discovery:discover_packages(recursive) using defaults
[0.338s] Level 1:colcon.colcon_core.package_discovery:discover_packages(ignore) discover
[0.338s] Level 1:colcon.colcon_core.package_discovery:discover_packages(ignore) using defaults
[0.338s] Level 1:colcon.colcon_core.package_discovery:discover_packages(path) discover
[0.338s] Level 1:colcon.colcon_core.package_discovery:discover_packages(path) using defaults
[0.362s] Level 1:colcon.colcon_core.package_discovery:discover_packages(prefix_path) check parameters
[0.362s] Level 1:colcon.colcon_core.package_discovery:discover_packages(prefix_path) discover
[0.364s] DEBUG:colcon.colcon_installed_package_information.package_discovery:Found 1 installed packages in /home/kcw/capstone_ws/2024CapstoneDesign/ros2/src/motor_interface/install
[0.364s] DEBUG:colcon.colcon_installed_package_information.package_discovery:Found 1 installed packages in /home/kcw/capstone_ws/ros2/src/manipulator/install
[0.365s] DEBUG:colcon.colcon_installed_package_information.package_discovery:Found 1 installed packages in /home/kcw/capstone_ws/2024CapstoneDesign/ros2/src/manipulator/install
[0.366s] DEBUG:colcon.colcon_installed_package_information.package_discovery:Found 358 installed packages in /opt/ros/humble
[0.368s] Level 1:colcon.colcon_core.package_discovery:discover_packages(prefix_path) using defaults
[0.410s] Level 5:colcon.colcon_core.verb:set package 'manipulator' build argument 'cmake_args' from command line to 'None'
[0.410s] Level 5:colcon.colcon_core.verb:set package 'manipulator' build argument 'cmake_target' from command line to 'None'
[0.410s] Level 5:colcon.colcon_core.verb:set package 'manipulator' build argument 'cmake_target_skip_unavailable' from command line to 'False'
[0.410s] Level 5:colcon.colcon_core.verb:set package 'manipulator' build argument 'cmake_clean_cache' from command line to 'False'
[0.410s] Level 5:colcon.colcon_core.verb:set package 'manipulator' build argument 'cmake_clean_first' from command line to 'False'
[0.410s] Level 5:colcon.colcon_core.verb:set package 'manipulator' build argument 'cmake_force_configure' from command line to 'False'
[0.410s] Level 5:colcon.colcon_core.verb:set package 'manipulator' build argument 'ament_cmake_args' from command line to 'None'
[0.410s] Level 5:colcon.colcon_core.verb:set package 'manipulator' build argument 'catkin_cmake_args' from command line to 'None'
[0.411s] Level 5:colcon.colcon_core.verb:set package 'manipulator' build argument 'catkin_skip_building_tests' from command line to 'False'
[0.411s] DEBUG:colcon.colcon_core.verb:Building package 'manipulator' with the following arguments: {'ament_cmake_args': None, 'build_base': '/home/kcw/capstone_ws/2024CapstoneDesign/ros2/src/manipulator/build/manipulator', 'catkin_cmake_args': None, 'catkin_skip_building_tests': False, 'cmake_args': None, 'cmake_clean_cache': False, 'cmake_clean_first': False, 'cmake_force_configure': False, 'cmake_target': None, 'cmake_target_skip_unavailable': False, 'install_base': '/home/kcw/capstone_ws/2024CapstoneDesign/ros2/src/manipulator/install/manipulator', 'merge_install': False, 'path': '/home/kcw/capstone_ws/2024CapstoneDesign/ros2/src/manipulator', 'symlink_install': False, 'test_result_base': None}
[0.411s] INFO:colcon.colcon_core.executor:Executing jobs using 'parallel' executor
[0.412s] DEBUG:colcon.colcon_parallel_executor.executor.parallel:run_until_complete
[0.412s] INFO:colcon.colcon_ros.task.ament_cmake.build:Building ROS package in '/home/kcw/capstone_ws/2024CapstoneDesign/ros2/src/manipulator' with build type 'ament_cmake'
[0.412s] INFO:colcon.colcon_cmake.task.cmake.build:Building CMake package in '/home/kcw/capstone_ws/2024CapstoneDesign/ros2/src/manipulator'
[0.415s] INFO:colcon.colcon_core.plugin_system:Skipping extension 'colcon_core.shell.bat': Not used on non-Windows systems
[0.415s] INFO:colcon.colcon_core.shell:Skip shell extension 'powershell' for command environment: Not usable outside of PowerShell
[0.415s] DEBUG:colcon.colcon_core.shell:Skip shell extension 'dsv' for command environment
[0.426s] DEBUG:colcon.colcon_core.event_handler.log_command:Invoking command in '/home/kcw/capstone_ws/2024CapstoneDesign/ros2/src/manipulator/build/manipulator': CMAKE_PREFIX_PATH=${CMAKE_PREFIX_PATH}:/home/kcw/capstone_ws/ros2/src/manipulator/install/manipulator:/opt/ros/humble /home/kcw/.local/bin/cmake --build /home/kcw/capstone_ws/2024CapstoneDesign/ros2/src/manipulator/build/manipulator -- -j8 -l8
[5.650s] DEBUG:colcon.colcon_core.event_handler.log_command:Invoked command in '/home/kcw/capstone_ws/2024CapstoneDesign/ros2/src/manipulator/build/manipulator' returned '0': CMAKE_PREFIX_PATH=${CMAKE_PREFIX_PATH}:/home/kcw/capstone_ws/ros2/src/manipulator/install/manipulator:/opt/ros/humble /home/kcw/.local/bin/cmake --build /home/kcw/capstone_ws/2024CapstoneDesign/ros2/src/manipulator/build/manipulator -- -j8 -l8
[5.735s] DEBUG:colcon.colcon_core.event_handler.log_command:Invoking command in '/home/kcw/capstone_ws/2024CapstoneDesign/ros2/src/manipulator/build/manipulator': CMAKE_PREFIX_PATH=${CMAKE_PREFIX_PATH}:/home/kcw/capstone_ws/ros2/src/manipulator/install/manipulator:/opt/ros/humble /home/kcw/.local/bin/cmake --install /home/kcw/capstone_ws/2024CapstoneDesign/ros2/src/manipulator/build/manipulator
[5.772s] Level 1:colcon.colcon_core.environment:create_environment_scripts_only(manipulator)
[5.772s] DEBUG:colcon.colcon_core.event_handler.log_command:Invoked command in '/home/kcw/capstone_ws/2024CapstoneDesign/ros2/src/manipulator/build/manipulator' returned '0': CMAKE_PREFIX_PATH=${CMAKE_PREFIX_PATH}:/home/kcw/capstone_ws/ros2/src/manipulator/install/manipulator:/opt/ros/humble /home/kcw/.local/bin/cmake --install /home/kcw/capstone_ws/2024CapstoneDesign/ros2/src/manipulator/build/manipulator
[5.774s] Level 1:colcon.colcon_core.environment:checking '/home/kcw/capstone_ws/2024CapstoneDesign/ros2/src/manipulator/install/manipulator' for CMake module files
[5.775s] Level 1:colcon.colcon_core.environment:checking '/home/kcw/capstone_ws/2024CapstoneDesign/ros2/src/manipulator/install/manipulator' for CMake config files
[5.775s] Level 1:colcon.colcon_core.shell:create_environment_hook('manipulator', 'cmake_prefix_path')
[5.776s] INFO:colcon.colcon_core.shell:Creating environment hook '/home/kcw/capstone_ws/2024CapstoneDesign/ros2/src/manipulator/install/manipulator/share/manipulator/hook/cmake_prefix_path.ps1'
[5.776s] INFO:colcon.colcon_core.shell:Creating environment descriptor '/home/kcw/capstone_ws/2024CapstoneDesign/ros2/src/manipulator/install/manipulator/share/manipulator/hook/cmake_prefix_path.dsv'
[5.777s] INFO:colcon.colcon_core.shell:Creating environment hook '/home/kcw/capstone_ws/2024CapstoneDesign/ros2/src/manipulator/install/manipulator/share/manipulator/hook/cmake_prefix_path.sh'
[5.778s] Level 1:colcon.colcon_core.environment:checking '/home/kcw/capstone_ws/2024CapstoneDesign/ros2/src/manipulator/install/manipulator/lib'
[5.778s] Level 1:colcon.colcon_core.environment:checking '/home/kcw/capstone_ws/2024CapstoneDesign/ros2/src/manipulator/install/manipulator/bin'
[5.779s] Level 1:colcon.colcon_core.environment:checking '/home/kcw/capstone_ws/2024CapstoneDesign/ros2/src/manipulator/install/manipulator/lib/pkgconfig/manipulator.pc'
[5.779s] Level 1:colcon.colcon_core.environment:checking '/home/kcw/capstone_ws/2024CapstoneDesign/ros2/src/manipulator/install/manipulator/lib/python3.10/site-packages'
[5.779s] Level 1:colcon.colcon_core.environment:checking '/home/kcw/capstone_ws/2024CapstoneDesign/ros2/src/manipulator/install/manipulator/bin'
[5.780s] INFO:colcon.colcon_core.shell:Creating package script '/home/kcw/capstone_ws/2024CapstoneDesign/ros2/src/manipulator/install/manipulator/share/manipulator/package.ps1'
[5.781s] INFO:colcon.colcon_core.shell:Creating package descriptor '/home/kcw/capstone_ws/2024CapstoneDesign/ros2/src/manipulator/install/manipulator/share/manipulator/package.dsv'
[5.782s] INFO:colcon.colcon_core.shell:Creating package script '/home/kcw/capstone_ws/2024CapstoneDesign/ros2/src/manipulator/install/manipulator/share/manipulator/package.sh'
[5.783s] INFO:colcon.colcon_core.shell:Creating package script '/home/kcw/capstone_ws/2024CapstoneDesign/ros2/src/manipulator/install/manipulator/share/manipulator/package.bash'
[5.784s] INFO:colcon.colcon_core.shell:Creating package script '/home/kcw/capstone_ws/2024CapstoneDesign/ros2/src/manipulator/install/manipulator/share/manipulator/package.zsh'
[5.785s] Level 1:colcon.colcon_core.environment:create_file_with_runtime_dependencies(/home/kcw/capstone_ws/2024CapstoneDesign/ros2/src/manipulator/install/manipulator/share/colcon-core/packages/manipulator)
[5.845s] Level 1:colcon.colcon_core.environment:create_environment_scripts_only(manipulator)
[5.845s] Level 1:colcon.colcon_core.environment:checking '/home/kcw/capstone_ws/2024CapstoneDesign/ros2/src/manipulator/install/manipulator' for CMake module files
[5.846s] Level 1:colcon.colcon_core.environment:checking '/home/kcw/capstone_ws/2024CapstoneDesign/ros2/src/manipulator/install/manipulator' for CMake config files
[5.846s] Level 1:colcon.colcon_core.shell:create_environment_hook('manipulator', 'cmake_prefix_path')
[5.846s] INFO:colcon.colcon_core.shell:Creating environment hook '/home/kcw/capstone_ws/2024CapstoneDesign/ros2/src/manipulator/install/manipulator/share/manipulator/hook/cmake_prefix_path.ps1'
[5.847s] INFO:colcon.colcon_core.shell:Creating environment descriptor '/home/kcw/capstone_ws/2024CapstoneDesign/ros2/src/manipulator/install/manipulator/share/manipulator/hook/cmake_prefix_path.dsv'
[5.847s] INFO:colcon.colcon_core.shell:Creating environment hook '/home/kcw/capstone_ws/2024CapstoneDesign/ros2/src/manipulator/install/manipulator/share/manipulator/hook/cmake_prefix_path.sh'
[5.848s] Level 1:colcon.colcon_core.environment:checking '/home/kcw/capstone_ws/2024CapstoneDesign/ros2/src/manipulator/install/manipulator/lib'
[5.848s] Level 1:colcon.colcon_core.environment:checking '/home/kcw/capstone_ws/2024CapstoneDesign/ros2/src/manipulator/install/manipulator/bin'
[5.848s] Level 1:colcon.colcon_core.environment:checking '/home/kcw/capstone_ws/2024CapstoneDesign/ros2/src/manipulator/install/manipulator/lib/pkgconfig/manipulator.pc'
[5.849s] Level 1:colcon.colcon_core.environment:checking '/home/kcw/capstone_ws/2024CapstoneDesign/ros2/src/manipulator/install/manipulator/lib/python3.10/site-packages'
[5.849s] Level 1:colcon.colcon_core.environment:checking '/home/kcw/capstone_ws/2024CapstoneDesign/ros2/src/manipulator/install/manipulator/bin'
[5.849s] INFO:colcon.colcon_core.shell:Creating package script '/home/kcw/capstone_ws/2024CapstoneDesign/ros2/src/manipulator/install/manipulator/share/manipulator/package.ps1'
[5.850s] INFO:colcon.colcon_core.shell:Creating package descriptor '/home/kcw/capstone_ws/2024CapstoneDesign/ros2/src/manipulator/install/manipulator/share/manipulator/package.dsv'
[5.850s] INFO:colcon.colcon_core.shell:Creating package script '/home/kcw/capstone_ws/2024CapstoneDesign/ros2/src/manipulator/install/manipulator/share/manipulator/package.sh'
[5.851s] INFO:colcon.colcon_core.shell:Creating package script '/home/kcw/capstone_ws/2024CapstoneDesign/ros2/src/manipulator/install/manipulator/share/manipulator/package.bash'
[5.851s] INFO:colcon.colcon_core.shell:Creating package script '/home/kcw/capstone_ws/2024CapstoneDesign/ros2/src/manipulator/install/manipulator/share/manipulator/package.zsh'
[5.852s] Level 1:colcon.colcon_core.environment:create_file_with_runtime_dependencies(/home/kcw/capstone_ws/2024CapstoneDesign/ros2/src/manipulator/install/manipulator/share/colcon-core/packages/manipulator)
[5.852s] DEBUG:colcon.colcon_parallel_executor.executor.parallel:closing loop
[5.853s] DEBUG:colcon.colcon_parallel_executor.executor.parallel:loop closed
[5.853s] DEBUG:colcon.colcon_parallel_executor.executor.parallel:run_until_complete finished with '0'
[5.853s] DEBUG:colcon.colcon_core.event_reactor:joining thread
[5.859s] INFO:colcon.colcon_core.plugin_system:Skipping extension 'colcon_notification.desktop_notification.terminal_notifier': Not used on non-Darwin systems
[5.859s] INFO:colcon.colcon_core.plugin_system:Skipping extension 'colcon_notification.desktop_notification.win32': Not used on non-Windows systems
[5.859s] INFO:colcon.colcon_notification.desktop_notification:Sending desktop notification using 'notify2'
[5.870s] DEBUG:colcon.colcon_core.event_reactor:joined thread
[5.871s] INFO:colcon.colcon_core.shell:Creating prefix script '/home/kcw/capstone_ws/2024CapstoneDesign/ros2/src/manipulator/install/local_setup.ps1'
[5.872s] INFO:colcon.colcon_core.shell:Creating prefix util module '/home/kcw/capstone_ws/2024CapstoneDesign/ros2/src/manipulator/install/_local_setup_util_ps1.py'
[5.873s] INFO:colcon.colcon_core.shell:Creating prefix chain script '/home/kcw/capstone_ws/2024CapstoneDesign/ros2/src/manipulator/install/setup.ps1'
[5.875s] INFO:colcon.colcon_core.shell:Creating prefix script '/home/kcw/capstone_ws/2024CapstoneDesign/ros2/src/manipulator/install/local_setup.sh'
[5.875s] INFO:colcon.colcon_core.shell:Creating prefix util module '/home/kcw/capstone_ws/2024CapstoneDesign/ros2/src/manipulator/install/_local_setup_util_sh.py'
[5.876s] INFO:colcon.colcon_core.shell:Creating prefix chain script '/home/kcw/capstone_ws/2024CapstoneDesign/ros2/src/manipulator/install/setup.sh'
[5.878s] INFO:colcon.colcon_core.shell:Creating prefix script '/home/kcw/capstone_ws/2024CapstoneDesign/ros2/src/manipulator/install/local_setup.bash'
[5.879s] INFO:colcon.colcon_core.shell:Creating prefix chain script '/home/kcw/capstone_ws/2024CapstoneDesign/ros2/src/manipulator/install/setup.bash'
[5.880s] INFO:colcon.colcon_core.shell:Creating prefix script '/home/kcw/capstone_ws/2024CapstoneDesign/ros2/src/manipulator/install/local_setup.zsh'
[5.881s] INFO:colcon.colcon_core.shell:Creating prefix chain script '/home/kcw/capstone_ws/2024CapstoneDesign/ros2/src/manipulator/install/setup.zsh'
