[0.016s] Invoking command in '/home/kcw/capstone_ws/ros2/src/manipulator/build/manipulator': CMAKE_PREFIX_PATH=${CMAKE_PREFIX_PATH}:/opt/ros/humble /home/kcw/.local/bin/cmake --build /home/kcw/capstone_ws/ros2/src/manipulator/build/manipulator -- -j8 -l8
[0.059s] [ 33%] Built target manipulator_write
[0.059s] [ 66%] Built target manipulator_run
[0.067s] [ 75%] [32mBuilding CXX object CMakeFiles/manipulator_read.dir/src/pathR.cpp.o[0m
[3.571s] [ 83%] [32m[1mLinking CXX executable manipulator_read[0m
[3.713s] [100%] Built target manipulator_read
[3.723s] Invoked command in '/home/kcw/capstone_ws/ros2/src/manipulator/build/manipulator' returned '0': CMAKE_PREFIX_PATH=${CMAKE_PREFIX_PATH}:/opt/ros/humble /home/kcw/.local/bin/cmake --build /home/kcw/capstone_ws/ros2/src/manipulator/build/manipulator -- -j8 -l8
[3.791s] Invoking command in '/home/kcw/capstone_ws/ros2/src/manipulator/build/manipulator': CMAKE_PREFIX_PATH=${CMAKE_PREFIX_PATH}:/opt/ros/humble /home/kcw/.local/bin/cmake --install /home/kcw/capstone_ws/ros2/src/manipulator/build/manipulator
[3.810s] -- Install configuration: ""
[3.810s] -- Up-to-date: /home/kcw/capstone_ws/ros2/src/manipulator/install/manipulator/lib/manipulator/manipulator_write
[3.811s] -- Installing: /home/kcw/capstone_ws/ros2/src/manipulator/install/manipulator/lib/manipulator/manipulator_read
[3.812s] -- Set runtime path of "/home/kcw/capstone_ws/ros2/src/manipulator/install/manipulator/lib/manipulator/manipulator_read" to ""
[3.812s] -- Up-to-date: /home/kcw/capstone_ws/ros2/src/manipulator/install/manipulator/lib/manipulator/manipulator_run
[3.813s] -- Up-to-date: /home/kcw/capstone_ws/ros2/src/manipulator/install/manipulator/share/ament_index/resource_index/package_run_dependencies/manipulator
[3.813s] -- Up-to-date: /home/kcw/capstone_ws/ros2/src/manipulator/install/manipulator/share/ament_index/resource_index/parent_prefix_path/manipulator
[3.813s] -- Up-to-date: /home/kcw/capstone_ws/ros2/src/manipulator/install/manipulator/share/manipulator/environment/ament_prefix_path.sh
[3.813s] -- Up-to-date: /home/kcw/capstone_ws/ros2/src/manipulator/install/manipulator/share/manipulator/environment/ament_prefix_path.dsv
[3.813s] -- Up-to-date: /home/kcw/capstone_ws/ros2/src/manipulator/install/manipulator/share/manipulator/environment/path.sh
[3.813s] -- Up-to-date: /home/kcw/capstone_ws/ros2/src/manipulator/install/manipulator/share/manipulator/environment/path.dsv
[3.813s] -- Up-to-date: /home/kcw/capstone_ws/ros2/src/manipulator/install/manipulator/share/manipulator/local_setup.bash
[3.813s] -- Up-to-date: /home/kcw/capstone_ws/ros2/src/manipulator/install/manipulator/share/manipulator/local_setup.sh
[3.814s] -- Up-to-date: /home/kcw/capstone_ws/ros2/src/manipulator/install/manipulator/share/manipulator/local_setup.zsh
[3.814s] -- Up-to-date: /home/kcw/capstone_ws/ros2/src/manipulator/install/manipulator/share/manipulator/local_setup.dsv
[3.814s] -- Installing: /home/kcw/capstone_ws/ros2/src/manipulator/install/manipulator/share/manipulator/package.dsv
[3.814s] -- Up-to-date: /home/kcw/capstone_ws/ros2/src/manipulator/install/manipulator/share/ament_index/resource_index/packages/manipulator
[3.814s] -- Up-to-date: /home/kcw/capstone_ws/ros2/src/manipulator/install/manipulator/share/manipulator/cmake/manipulatorConfig.cmake
[3.814s] -- Up-to-date: /home/kcw/capstone_ws/ros2/src/manipulator/install/manipulator/share/manipulator/cmake/manipulatorConfig-version.cmake
[3.814s] -- Up-to-date: /home/kcw/capstone_ws/ros2/src/manipulator/install/manipulator/share/manipulator/package.xml
[3.820s] Invoked command in '/home/kcw/capstone_ws/ros2/src/manipulator/build/manipulator' returned '0': CMAKE_PREFIX_PATH=${CMAKE_PREFIX_PATH}:/opt/ros/humble /home/kcw/.local/bin/cmake --install /home/kcw/capstone_ws/ros2/src/manipulator/build/manipulator
