[ 30%] Built target manipulator_write
[ 61%] Built target manipulator_read
[ 69%] [32mBuilding CXX object CMakeFiles/manipulator_run.dir/src/motor.cpp.o[0m
[ 76%] [32mBuilding CXX object CMakeFiles/manipulator_run.dir/src/dynamixel_protocols.cpp.o[0m
[01m[K/home/kcw/capstone_ws/2024CapstoneDesign/ros2/src/manipulator/src/motor.cpp:73:130:[m[K [01;31m[Kerror: [m[Kstray ‘[01m[K\[m[K’ in program
   73 |     rclcpp::init(argc, argv);void motor_p_gain(int fd, unsigned char *data, unsigned char motor_id, unsigned short p_gain)SYSTEM][01;31m[K\[m[Kx1b[0m: ";
      |                                                                                                                                  [01;31m[K^[m[K
[01m[K/home/kcw/capstone_ws/2024CapstoneDesign/ros2/src/manipulator/src/motor.cpp:73:139:[m[K [01;35m[Kwarning: [m[Kmissing terminating " character
   73 |     rclcpp::init(argc, argv);void motor_p_gain(int fd, unsigned char *data, unsigned char motor_id, unsigned short p_gain)SYSTEM]\x1b[0m: [01;35m[K"[m[K;
      |                                                                                                                                           [01;35m[K^[m[K
[01m[K/home/kcw/capstone_ws/2024CapstoneDesign/ros2/src/manipulator/src/motor.cpp:73:139:[m[K [01;31m[Kerror: [m[Kmissing terminating " character
   73 |     rclcpp::init(argc, argv);void motor_p_gain(int fd, unsigned char *data, unsigned char motor_id, unsigned short p_gain)SYSTEM]\x1b[0m: [01;31m[K";[m[K
      |                                                                                                                                           [01;31m[K^~[m[K
[01m[K/home/kcw/capstone_ws/2024CapstoneDesign/ros2/src/manipulator/src/motor.cpp:[m[K In function ‘[01m[Kint main(int, char**)[m[K’:
[01m[K/home/kcw/capstone_ws/2024CapstoneDesign/ros2/src/manipulator/src/motor.cpp:73:123:[m[K [01;31m[Kerror: [m[Kexpected initializer before ‘[01m[KSYSTEM[m[K’
   73 |     rclcpp::init(argc, argv);void motor_p_gain(int fd, unsigned char *data, unsigned char motor_id, unsigned short p_gain)[01;31m[KSYSTEM[m[K]\x1b[0m: ";
      |                                                                                                                           [01;31m[K^~~~~~[m[K
[01m[K/home/kcw/capstone_ws/2024CapstoneDesign/ros2/src/manipulator/src/motor.cpp:75:27:[m[K [01;35m[Kwarning: [m[KISO C++ forbids converting a string constant to ‘[01m[Kchar*[m[K’ [[01;35m[K]8;;https://gcc.gnu.org/onlinedocs/gcc/Warning-Options.html#index-Wwrite-strings-Wwrite-strings]8;;[m[K]
   75 |     if(openSerialPort(&fd,[01;35m[K"/dev/u2d2"[m[K)==-1) return -1;
      |                           [01;35m[K^~~~~~~~~~~[m[K
[01m[K/home/kcw/capstone_ws/2024CapstoneDesign/ros2/src/manipulator/src/motor.cpp:92:18:[m[K [01;31m[Kerror: [m[K‘[01m[Knode1[m[K’ was not declared in this scope
   92 |     rclcpp::spin([01;31m[Knode1[m[K);
      |                  [01;31m[K^~~~~[m[K
gmake[2]: *** [CMakeFiles/manipulator_run.dir/build.make:76: CMakeFiles/manipulator_run.dir/src/motor.cpp.o] Error 1
gmake[1]: *** [CMakeFiles/Makefile2:193: CMakeFiles/manipulator_run.dir/all] Error 2
gmake: *** [Makefile:146: all] Error 2
