[01m[K/home/kcw/capstone_ws/2024CapstoneDesign/ros2/src/manipulator/src/pathW.cpp:[m[K In member function ‘[01m[Kvoid Manipulator::init_callback()[m[K’:
[01m[K/home/kcw/capstone_ws/2024CapstoneDesign/ros2/src/manipulator/src/pathW.cpp:84:17:[m[K [01;31m[Kerror: [m[K‘[01m[KMotor_init[m[K’ was not declared in this scope; did you mean ‘[01m[Kmotor_init[m[K’?
   84 |                 [01;31m[KMotor_init[m[K[i] = motor[i];
      |                 [01;31m[K^~~~~~~~~~[m[K
      |                 [32m[Kmotor_init[m[K
[01m[K/home/kcw/capstone_ws/2024CapstoneDesign/ros2/src/manipulator/src/pathW.cpp:[m[K In function ‘[01m[Kint main(int, char**)[m[K’:
[01m[K/home/kcw/capstone_ws/2024CapstoneDesign/ros2/src/manipulator/src/pathW.cpp:162:27:[m[K [01;35m[Kwarning: [m[KISO C++ forbids converting a string constant to ‘[01m[Kchar*[m[K’ [[01;35m[K]8;;https://gcc.gnu.org/onlinedocs/gcc/Warning-Options.html#index-Wwrite-strings-Wwrite-strings]8;;[m[K]
  162 |     if(openSerialPort(&fd,[01;35m[K"/dev/arduinoMega"[m[K)==-1) return -1;
      |                           [01;35m[K^~~~~~~~~~~~~~~~~~[m[K
[01m[K/home/kcw/capstone_ws/2024CapstoneDesign/ros2/src/manipulator/src/motor.cpp:[m[K In member function ‘[01m[Kvoid Manipulator::control_callback(motor_interface::msg::Motor_<std::allocator<void> >::SharedPtr)[m[K’:
[01m[K/home/kcw/capstone_ws/2024CapstoneDesign/ros2/src/manipulator/src/motor.cpp:81:13:[m[K [01;31m[Kerror: [m[Kexpected primary-expression before ‘[01m[Kfor[m[K’
   81 |             [01;31m[Kfor[m[K(unsigned char i{1}; i<=7; i++ )
      |             [01;31m[K^~~[m[K
[01m[K/home/kcw/capstone_ws/2024CapstoneDesign/ros2/src/manipulator/src/motor.cpp:81:13:[m[K [01;31m[Kerror: [m[Kexpected ‘[01m[K)[m[K’ before ‘[01m[Kfor[m[K’
[01m[K/home/kcw/capstone_ws/2024CapstoneDesign/ros2/src/manipulator/src/motor.cpp:80:9:[m[K [01;36m[Knote: [m[Kto match this ‘[01m[K([m[K’
   80 |         [01;36m[K([m[K
      |         [01;36m[K^[m[K
[01m[K/home/kcw/capstone_ws/2024CapstoneDesign/ros2/src/manipulator/src/motor.cpp:81:37:[m[K [01;31m[Kerror: [m[K‘[01m[Ki[m[K’ was not declared in this scope
   81 |             for(unsigned char i{1}; [01;31m[Ki[m[K<=7; i++ )
      |                                     [01;31m[K^[m[K
[01m[K/home/kcw/capstone_ws/2024CapstoneDesign/ros2/src/manipulator/src/motor.cpp:86:9:[m[K [01;31m[Kerror: [m[Kexpected primary-expression before ‘[01m[K)[m[K’ token
   86 |         [01;31m[K)[m[K
      |         [01;31m[K^[m[K
[01m[K/home/kcw/capstone_ws/2024CapstoneDesign/ros2/src/manipulator/src/motor.cpp:[m[K In function ‘[01m[Kint main(int, char**)[m[K’:
[01m[K/home/kcw/capstone_ws/2024CapstoneDesign/ros2/src/manipulator/src/motor.cpp:105:27:[m[K [01;35m[Kwarning: [m[KISO C++ forbids converting a string constant to ‘[01m[Kchar*[m[K’ [[01;35m[K]8;;https://gcc.gnu.org/onlinedocs/gcc/Warning-Options.html#index-Wwrite-strings-Wwrite-strings]8;;[m[K]
  105 |     if(openSerialPort(&fd,[01;35m[K"/dev/u2d2"[m[K)==-1) return -1;
      |                           [01;35m[K^~~~~~~~~~~[m[K
gmake[2]: *** [CMakeFiles/manipulator_write.dir/build.make:76: CMakeFiles/manipulator_write.dir/src/pathW.cpp.o] Error 1
gmake[1]: *** [CMakeFiles/Makefile2:141: CMakeFiles/manipulator_write.dir/all] Error 2
gmake[1]: *** Waiting for unfinished jobs....
gmake[2]: *** [CMakeFiles/manipulator_run.dir/build.make:76: CMakeFiles/manipulator_run.dir/src/motor.cpp.o] Error 1
gmake[1]: *** [CMakeFiles/Makefile2:193: CMakeFiles/manipulator_run.dir/all] Error 2
gmake: *** [Makefile:146: all] Error 2
