[0.020s] Invoking command in '/home/kcw/capstone_ws/ros2/src/manipulator/build/manipulator': CMAKE_PREFIX_PATH=${CMAKE_PREFIX_PATH}:/opt/ros/humble /home/kcw/.local/bin/cmake --build /home/kcw/capstone_ws/ros2/src/manipulator/build/manipulator -- -j8 -l8
[0.061s] [ 50%] Built target manipulator_write
[0.071s] [ 62%] [32mBuilding CXX object CMakeFiles/manipulator_read.dir/src/pathR.cpp.o[0m
[3.775s] [ 75%] [32m[1mLinking CXX executable manipulator_read[0m
[3.928s] [100%] Built target manipulator_read
[3.937s] Invoked command in '/home/kcw/capstone_ws/ros2/src/manipulator/build/manipulator' returned '0': CMAKE_PREFIX_PATH=${CMAKE_PREFIX_PATH}:/opt/ros/humble /home/kcw/.local/bin/cmake --build /home/kcw/capstone_ws/ros2/src/manipulator/build/manipulator -- -j8 -l8
[4.004s] Invoking command in '/home/kcw/capstone_ws/ros2/src/manipulator/build/manipulator': CMAKE_PREFIX_PATH=${CMAKE_PREFIX_PATH}:/opt/ros/humble /home/kcw/.local/bin/cmake --install /home/kcw/capstone_ws/ros2/src/manipulator/build/manipulator
[4.027s] -- Install configuration: ""
[4.028s] -- Up-to-date: /home/kcw/capstone_ws/ros2/src/manipulator/install/manipulator/lib/manipulator/manipulator_write
[4.028s] -- Installing: /home/kcw/capstone_ws/ros2/src/manipulator/install/manipulator/lib/manipulator/manipulator_read
[4.030s] -- Set runtime path of "/home/kcw/capstone_ws/ros2/src/manipulator/install/manipulator/lib/manipulator/manipulator_read" to ""
[4.030s] -- Up-to-date: /home/kcw/capstone_ws/ros2/src/manipulator/install/manipulator/share/ament_index/resource_index/package_run_dependencies/manipulator
[4.030s] -- Up-to-date: /home/kcw/capstone_ws/ros2/src/manipulator/install/manipulator/share/ament_index/resource_index/parent_prefix_path/manipulator
[4.030s] -- Up-to-date: /home/kcw/capstone_ws/ros2/src/manipulator/install/manipulator/share/manipulator/environment/ament_prefix_path.sh
[4.030s] -- Up-to-date: /home/kcw/capstone_ws/ros2/src/manipulator/install/manipulator/share/manipulator/environment/ament_prefix_path.dsv
[4.031s] -- Up-to-date: /home/kcw/capstone_ws/ros2/src/manipulator/install/manipulator/share/manipulator/environment/path.sh
[4.031s] -- Up-to-date: /home/kcw/capstone_ws/ros2/src/manipulator/install/manipulator/share/manipulator/environment/path.dsv
[4.031s] -- Up-to-date: /home/kcw/capstone_ws/ros2/src/manipulator/install/manipulator/share/manipulator/local_setup.bash
[4.031s] -- Up-to-date: /home/kcw/capstone_ws/ros2/src/manipulator/install/manipulator/share/manipulator/local_setup.sh
[4.031s] -- Up-to-date: /home/kcw/capstone_ws/ros2/src/manipulator/install/manipulator/share/manipulator/local_setup.zsh
[4.031s] -- Up-to-date: /home/kcw/capstone_ws/ros2/src/manipulator/install/manipulator/share/manipulator/local_setup.dsv
[4.031s] -- Installing: /home/kcw/capstone_ws/ros2/src/manipulator/install/manipulator/share/manipulator/package.dsv
[4.031s] -- Up-to-date: /home/kcw/capstone_ws/ros2/src/manipulator/install/manipulator/share/ament_index/resource_index/packages/manipulator
[4.031s] -- Up-to-date: /home/kcw/capstone_ws/ros2/src/manipulator/install/manipulator/share/manipulator/cmake/manipulatorConfig.cmake
[4.031s] -- Up-to-date: /home/kcw/capstone_ws/ros2/src/manipulator/install/manipulator/share/manipulator/cmake/manipulatorConfig-version.cmake
[4.031s] -- Up-to-date: /home/kcw/capstone_ws/ros2/src/manipulator/install/manipulator/share/manipulator/package.xml
[4.038s] Invoked command in '/home/kcw/capstone_ws/ros2/src/manipulator/build/manipulator' returned '0': CMAKE_PREFIX_PATH=${CMAKE_PREFIX_PATH}:/opt/ros/humble /home/kcw/.local/bin/cmake --install /home/kcw/capstone_ws/ros2/src/manipulator/build/manipulator
